17:14:40.919 [main] DEBUG o.p.kdt.domain.order.OrderProperties - [OrderProperties] version -> v1.0.0
17:14:40.926 [main] DEBUG o.p.kdt.domain.order.OrderProperties - [OrderProperties] minimumOrderAmount -> 1
17:14:40.926 [main] DEBUG o.p.kdt.domain.order.OrderProperties - [OrderProperties] supportVendors -> [a, b, c, d]
17:14:40.926 [main] DEBUG o.p.kdt.domain.order.OrderProperties - [OrderProperties] javaHome -> C:\Program Files\AdoptOpenJDK\jdk-11.0.11.9-hotspot
17:14:41.047 [main] INFO  org.prgrms.kdt.OrderTester - logger name ==>org.prgrms.kdt.OrderTester
17:14:41.048 [main] INFO  org.prgrms.kdt.OrderTester - version -> v1.0.0
17:14:41.050 [main] INFO  org.prgrms.kdt.OrderTester - minimumOrderAmount -> 1
17:14:41.050 [main] INFO  org.prgrms.kdt.OrderTester - supportVendors -> [a, b, c, d]
17:14:41.050 [main] INFO  org.prgrms.kdt.OrderTester - description -> line 1 hello world
line 2 xxxxx
line 3
clr(17:21:10.672clr(17:21:10.677clr(17:21:10.677clr(17:21:10.678clr(17:21:10.820clr(17:21:10.820clr(17:21:10.821clr(17:21:10.821clr(17:21:10.82117:21:54.14617:21:54.15017:21:54.15017:21:54.15017:21:54.27817:21:54.27817:21:54.27817:21:54.27817:21:54.27817:22:21.986 [main] DEBUG o.p.kdt.domain.order.OrderProperties - [OrderProperties] version -> v1.0.0
17:22:21.991 [main] DEBUG o.p.kdt.domain.order.OrderProperties - [OrderProperties] minimumOrderAmount -> 1
17:22:21.991 [main] DEBUG o.p.kdt.domain.order.OrderProperties - [OrderProperties] supportVendors -> [a, b, c, d]
17:22:21.991 [main] DEBUG o.p.kdt.domain.order.OrderProperties - [OrderProperties] javaHome -> C:\Program Files\AdoptOpenJDK\jdk-11.0.11.9-hotspot
17:22:22.095 [main] INFO  org.prgrms.kdt.OrderTester - logger name ==>org.prgrms.kdt.OrderTester
17:22:22.096 [main] INFO  org.prgrms.kdt.OrderTester - version -> v1.0.0
17:22:22.096 [main] INFO  org.prgrms.kdt.OrderTester - minimumOrderAmount -> 1
17:22:22.096 [main] INFO  org.prgrms.kdt.OrderTester - supportVendors -> [a, b, c, d]
17:22:22.096 [main] INFO  org.prgrms.kdt.OrderTester - description -> line 1 hello world
line 2 xxxxx
line 3
clr(17:24:09.005clr(17:24:09.010clr(17:24:09.010clr(17:24:09.010clr(17:24:09.116clr(17:24:09.116clr(17:24:09.116clr(17:24:09.116clr(17:24:09.11617:25:50.028 [main] DEBUG o.p.kdt.domain.order.OrderProperties - [OrderProperties] version -> v1.0.0
17:25:50.035 [main] DEBUG o.p.kdt.domain.order.OrderProperties - [OrderProperties] minimumOrderAmount -> 1
17:25:50.036 [main] DEBUG o.p.kdt.domain.order.OrderProperties - [OrderProperties] supportVendors -> [a, b, c, d]
17:25:50.036 [main] DEBUG o.p.kdt.domain.order.OrderProperties - [OrderProperties] javaHome -> C:\Program Files\AdoptOpenJDK\jdk-11.0.11.9-hotspot
17:25:50.152 [main] INFO  org.prgrms.kdt.OrderTester - logger name ==>org.prgrms.kdt.OrderTester
17:25:50.153 [main] INFO  org.prgrms.kdt.OrderTester - version -> v1.0.0
17:25:50.154 [main] INFO  org.prgrms.kdt.OrderTester - minimumOrderAmount -> 1
17:25:50.154 [main] INFO  org.prgrms.kdt.OrderTester - supportVendors -> [a, b, c, d]
17:25:50.154 [main] INFO  org.prgrms.kdt.OrderTester - description -> line 1 hello world
line 2 xxxxx
line 3
[32m17:27:12.467[0;39m [main] DEBUG o.p.kdt.domain.order.OrderProperties - [OrderProperties] version -> v1.0.0
[32m17:27:12.471[0;39m [main] DEBUG o.p.kdt.domain.order.OrderProperties - [OrderProperties] minimumOrderAmount -> 1
[32m17:27:12.471[0;39m [main] DEBUG o.p.kdt.domain.order.OrderProperties - [OrderProperties] supportVendors -> [a, b, c, d]
[32m17:27:12.471[0;39m [main] DEBUG o.p.kdt.domain.order.OrderProperties - [OrderProperties] javaHome -> C:\Program Files\AdoptOpenJDK\jdk-11.0.11.9-hotspot
[32m17:27:12.572[0;39m [main] INFO  org.prgrms.kdt.OrderTester - logger name ==>org.prgrms.kdt.OrderTester
[32m17:27:12.573[0;39m [main] INFO  org.prgrms.kdt.OrderTester - version -> v1.0.0
[32m17:27:12.573[0;39m [main] INFO  org.prgrms.kdt.OrderTester - minimumOrderAmount -> 1
[32m17:27:12.573[0;39m [main] INFO  org.prgrms.kdt.OrderTester - supportVendors -> [a, b, c, d]
[32m17:27:12.573[0;39m [main] INFO  org.prgrms.kdt.OrderTester - description -> line 1 hello world
line 2 xxxxx
line 3
[33m17:28:35.402[0;39m [main] [32mDEBUG[0;39m o.p.kdt.domain.order.OrderProperties - [OrderProperties] version -> v1.0.0
[33m17:28:35.407[0;39m [main] [32mDEBUG[0;39m o.p.kdt.domain.order.OrderProperties - [OrderProperties] minimumOrderAmount -> 1
[33m17:28:35.407[0;39m [main] [32mDEBUG[0;39m o.p.kdt.domain.order.OrderProperties - [OrderProperties] supportVendors -> [a, b, c, d]
[33m17:28:35.407[0;39m [main] [32mDEBUG[0;39m o.p.kdt.domain.order.OrderProperties - [OrderProperties] javaHome -> C:\Program Files\AdoptOpenJDK\jdk-11.0.11.9-hotspot
[33m17:28:35.535[0;39m [main] [32mINFO [0;39m org.prgrms.kdt.OrderTester - logger name ==>org.prgrms.kdt.OrderTester
[33m17:28:35.536[0;39m [main] [32mINFO [0;39m org.prgrms.kdt.OrderTester - version -> v1.0.0
[33m17:28:35.536[0;39m [main] [32mINFO [0;39m org.prgrms.kdt.OrderTester - minimumOrderAmount -> 1
[33m17:28:35.536[0;39m [main] [32mINFO [0;39m org.prgrms.kdt.OrderTester - supportVendors -> [a, b, c, d]
[33m17:28:35.536[0;39m [main] [32mINFO [0;39m org.prgrms.kdt.OrderTester - description -> line 1 hello world
line 2 xxxxx
line 3
[33m17:28:54.875[0;39m [main] [32mDEBUG[0;39m o.p.kdt.domain.order.OrderProperties - [OrderProperties] version -> v1.0.0
[33m17:28:54.879[0;39m [main] [32mDEBUG[0;39m o.p.kdt.domain.order.OrderProperties - [OrderProperties] minimumOrderAmount -> 1
[33m17:28:54.879[0;39m [main] [32mDEBUG[0;39m o.p.kdt.domain.order.OrderProperties - [OrderProperties] supportVendors -> [a, b, c, d]
[33m17:28:54.879[0;39m [main] [32mDEBUG[0;39m o.p.kdt.domain.order.OrderProperties - [OrderProperties] javaHome -> C:\Program Files\AdoptOpenJDK\jdk-11.0.11.9-hotspot
[33m17:28:55.026[0;39m [main] [32mWARN [0;39m org.prgrms.kdt.OrderTester - logger name ==>org.prgrms.kdt.OrderTester
[33m17:28:55.026[0;39m [main] [32mWARN [0;39m org.prgrms.kdt.OrderTester - version -> v1.0.0
[33m17:28:55.026[0;39m [main] [32mWARN [0;39m org.prgrms.kdt.OrderTester - minimumOrderAmount -> 1
[33m17:28:55.026[0;39m [main] [32mWARN [0;39m org.prgrms.kdt.OrderTester - supportVendors -> [a, b, c, d]
[33m17:28:55.026[0;39m [main] [32mWARN [0;39m org.prgrms.kdt.OrderTester - description -> line 1 hello world
line 2 xxxxx
line 3
[33m17:29:40.459[0;39m [main] [32mDEBUG[0;39m o.p.kdt.domain.order.OrderProperties - [OrderProperties] version -> v1.0.0
[33m17:29:40.465[0;39m [main] [32mDEBUG[0;39m o.p.kdt.domain.order.OrderProperties - [OrderProperties] minimumOrderAmount -> 1
[33m17:29:40.466[0;39m [main] [32mDEBUG[0;39m o.p.kdt.domain.order.OrderProperties - [OrderProperties] supportVendors -> [a, b, c, d]
[33m17:29:40.466[0;39m [main] [32mDEBUG[0;39m o.p.kdt.domain.order.OrderProperties - [OrderProperties] javaHome -> C:\Program Files\AdoptOpenJDK\jdk-11.0.11.9-hotspot
[33m17:29:40.581[0;39m [main] [32mWARN [0;39m org.prgrms.kdt.OrderTester - logger name ==>org.prgrms.kdt.OrderTester
[33m17:29:40.583[0;39m [main] [32mERROR[0;39m org.prgrms.kdt.OrderTester - version -> v1.0.0
[33m17:29:40.583[0;39m [main] [32mWARN [0;39m org.prgrms.kdt.OrderTester - minimumOrderAmount -> 1
[33m17:29:40.584[0;39m [main] [32mWARN [0;39m org.prgrms.kdt.OrderTester - supportVendors -> [a, b, c, d]
[33m17:29:40.584[0;39m [main] [32mWARN [0;39m org.prgrms.kdt.OrderTester - description -> line 1 hello world
line 2 xxxxx
line 3
[33m17:30:52.143[0;39m [main] [32mDEBUG[0;39m o.p.kdt.domain.order.OrderProperties - [OrderProperties] version -> v1.0.0
[33m17:30:52.148[0;39m [main] [32mDEBUG[0;39m o.p.kdt.domain.order.OrderProperties - [OrderProperties] minimumOrderAmount -> 1
[33m17:30:52.148[0;39m [main] [32mDEBUG[0;39m o.p.kdt.domain.order.OrderProperties - [OrderProperties] supportVendors -> [a, b, c, d]
[33m17:30:52.149[0;39m [main] [32mDEBUG[0;39m o.p.kdt.domain.order.OrderProperties - [OrderProperties] javaHome -> C:\Program Files\AdoptOpenJDK\jdk-11.0.11.9-hotspot
[33m17:30:52.309[0;39m [main] [33mWARN [0;39m org.prgrms.kdt.OrderTester - logger name ==>org.prgrms.kdt.OrderTester
[33m17:30:52.310[0;39m [main] [31mERROR[0;39m org.prgrms.kdt.OrderTester - version -> v1.0.0
[33m17:30:52.310[0;39m [main] [33mWARN [0;39m org.prgrms.kdt.OrderTester - minimumOrderAmount -> 1
[33m17:30:52.310[0;39m [main] [33mWARN [0;39m org.prgrms.kdt.OrderTester - supportVendors -> [a, b, c, d]
[33m17:30:52.310[0;39m [main] [33mWARN [0;39m org.prgrms.kdt.OrderTester - description -> line 1 hello world
line 2 xxxxx
line 3
[33m17:39:29.276[0;39m [main] [32mINFO [0;39m org.prgrms.kdt.KdtApplication - Starting KdtApplication using Java 16.0.1 on DESKTOP-1981VJ2 with PID 28928 (C:\workspace\dev-course\w3-SpringBoot_Part_A\kdt-spring-order\target\classes started by dau47 in C:\workspace\dev-course\w3-SpringBoot_Part_A\kdt-spring-order)
[33m17:39:29.280[0;39m [main] [32mDEBUG[0;39m org.prgrms.kdt.KdtApplication - Running with Spring Boot v2.5.3, Spring v5.3.9
[33m17:39:29.281[0;39m [main] [32mINFO [0;39m org.prgrms.kdt.KdtApplication - No active profile set, falling back to default profiles: default
[33m17:39:29.970[0;39m [main] [32mDEBUG[0;39m o.p.kdt.domain.order.OrderProperties - [OrderProperties] version -> v1.0.0
[33m17:39:29.971[0;39m [main] [32mDEBUG[0;39m o.p.kdt.domain.order.OrderProperties - [OrderProperties] minimumOrderAmount -> 1
[33m17:39:29.972[0;39m [main] [32mDEBUG[0;39m o.p.kdt.domain.order.OrderProperties - [OrderProperties] supportVendors -> [a, b, c, d]
[33m17:39:29.972[0;39m [main] [32mDEBUG[0;39m o.p.kdt.domain.order.OrderProperties - [OrderProperties] javaHome -> C:\Program Files\AdoptOpenJDK\jdk-11.0.11.9-hotspot
[33m17:39:30.079[0;39m [main] [32mINFO [0;39m org.prgrms.kdt.KdtApplication - Started KdtApplication in 1.641 seconds (JVM running for 3.151)
[33m17:50:52.393[0;39m [main] [32mINFO [0;39m org.prgrms.kdt.KdtApplication - Starting KdtApplication using Java 16.0.1 on DESKTOP-1981VJ2 with PID 26176 (C:\workspace\dev-course\w3-SpringBoot_Part_A\kdt-spring-order\target\classes started by dau47 in C:\workspace\dev-course\w3-SpringBoot_Part_A\kdt-spring-order)
[33m17:50:52.395[0;39m [main] [32mDEBUG[0;39m org.prgrms.kdt.KdtApplication - Running with Spring Boot v2.5.3, Spring v5.3.9
[33m17:50:52.396[0;39m [main] [32mINFO [0;39m org.prgrms.kdt.KdtApplication - No active profile set, falling back to default profiles: default
[33m17:50:52.927[0;39m [main] [32mDEBUG[0;39m o.p.kdt.domain.order.OrderProperties - [OrderProperties] version -> v1.0.0
[33m17:50:52.928[0;39m [main] [32mDEBUG[0;39m o.p.kdt.domain.order.OrderProperties - [OrderProperties] minimumOrderAmount -> 1
[33m17:50:52.928[0;39m [main] [32mDEBUG[0;39m o.p.kdt.domain.order.OrderProperties - [OrderProperties] supportVendors -> [a, b, c, d]
[33m17:50:52.928[0;39m [main] [32mDEBUG[0;39m o.p.kdt.domain.order.OrderProperties - [OrderProperties] javaHome -> C:\Program Files\AdoptOpenJDK\jdk-11.0.11.9-hotspot
[33m17:50:53.010[0;39m [main] [32mINFO [0;39m org.prgrms.kdt.KdtApplication - Started KdtApplication in 1.147 seconds (JVM running for 2.075)
