[33m08:40:59.898[0;39m [main] [32mINFO [0;39m o.prgrms.kdt.CommandLineApplication - Starting CommandLineApplication using Java 16.0.2 on DESKTOP-1981VJ2 with PID 18036 (C:\workspace\dev-course\w3-SpringBoot_Part_A\kdt-spring-order\target\classes started by dau47 in C:\workspace\dev-course\w3-SpringBoot_Part_A\kdt-spring-order)
[33m08:40:59.901[0;39m [main] [32mINFO [0;39m o.prgrms.kdt.CommandLineApplication - No active profile set, falling back to default profiles: default
[33m08:41:29.599[0;39m [main] [32mINFO [0;39m o.prgrms.kdt.CommandLineApplication - Starting CommandLineApplication using Java 16.0.2 on DESKTOP-1981VJ2 with PID 21368 (C:\workspace\dev-course\w3-SpringBoot_Part_A\kdt-spring-order\target\classes started by dau47 in C:\workspace\dev-course\w3-SpringBoot_Part_A\kdt-spring-order)
[33m08:41:29.605[0;39m [main] [32mINFO [0;39m o.prgrms.kdt.CommandLineApplication - No active profile set, falling back to default profiles: default
[33m08:42:18.421[0;39m [main] [32mINFO [0;39m o.prgrms.kdt.CommandLineApplication - Starting CommandLineApplication using Java 16.0.2 on DESKTOP-1981VJ2 with PID 16020 (C:\workspace\dev-course\w3-SpringBoot_Part_A\kdt-spring-order\target\classes started by dau47 in C:\workspace\dev-course\w3-SpringBoot_Part_A\kdt-spring-order)
[33m08:42:18.425[0;39m [main] [32mINFO [0;39m o.prgrms.kdt.CommandLineApplication - No active profile set, falling back to default profiles: default
[33m08:47:08.689[0;39m [main] [32mINFO [0;39m o.prgrms.kdt.CommandLineApplication - Starting CommandLineApplication using Java 16.0.2 on DESKTOP-1981VJ2 with PID 3464 (C:\workspace\dev-course\w3-SpringBoot_Part_A\kdt-spring-order\target\classes started by dau47 in C:\workspace\dev-course\w3-SpringBoot_Part_A\kdt-spring-order)
[33m08:47:08.693[0;39m [main] [32mINFO [0;39m o.prgrms.kdt.CommandLineApplication - No active profile set, falling back to default profiles: default
[33m08:49:00.786[0;39m [main] [32mINFO [0;39m o.prgrms.kdt.CommandLineApplication - Starting CommandLineApplication using Java 16.0.2 on DESKTOP-1981VJ2 with PID 3248 (C:\workspace\dev-course\w3-SpringBoot_Part_A\kdt-spring-order\target\classes started by dau47 in C:\workspace\dev-course\w3-SpringBoot_Part_A\kdt-spring-order)
[33m08:49:00.792[0;39m [main] [32mINFO [0;39m o.prgrms.kdt.CommandLineApplication - No active profile set, falling back to default profiles: default
[33m08:49:25.057[0;39m [main] [32mINFO [0;39m o.prgrms.kdt.CommandLineApplication - Starting CommandLineApplication using Java 16.0.2 on DESKTOP-1981VJ2 with PID 7264 (C:\workspace\dev-course\w3-SpringBoot_Part_A\kdt-spring-order\target\classes started by dau47 in C:\workspace\dev-course\w3-SpringBoot_Part_A\kdt-spring-order)
[33m08:49:25.061[0;39m [main] [32mINFO [0;39m o.prgrms.kdt.CommandLineApplication - No active profile set, falling back to default profiles: default
[33m08:49:38.078[0;39m [main] [32mINFO [0;39m o.prgrms.kdt.CommandLineApplication - Starting CommandLineApplication using Java 16.0.2 on DESKTOP-1981VJ2 with PID 20856 (C:\workspace\dev-course\w3-SpringBoot_Part_A\kdt-spring-order\target\classes started by dau47 in C:\workspace\dev-course\w3-SpringBoot_Part_A\kdt-spring-order)
[33m08:49:38.081[0;39m [main] [32mINFO [0;39m o.prgrms.kdt.CommandLineApplication - No active profile set, falling back to default profiles: default
[33m08:50:41.972[0;39m [main] [32mINFO [0;39m org.prgrms.kdt.KdtApplication - Starting KdtApplication using Java 16.0.2 on DESKTOP-1981VJ2 with PID 12040 (C:\workspace\dev-course\w3-SpringBoot_Part_A\kdt-spring-order\target\classes started by dau47 in C:\workspace\dev-course\w3-SpringBoot_Part_A\kdt-spring-order)
[33m08:50:41.990[0;39m [main] [32mINFO [0;39m org.prgrms.kdt.KdtApplication - The following profiles are active: dev
[33m08:52:36.881[0;39m [main] [32mINFO [0;39m org.prgrms.kdt.KdtApplication - Starting KdtApplication using Java 16.0.2 on DESKTOP-1981VJ2 with PID 14488 (C:\workspace\dev-course\w3-SpringBoot_Part_A\kdt-spring-order\target\classes started by dau47 in C:\workspace\dev-course\w3-SpringBoot_Part_A\kdt-spring-order)
[33m08:52:36.884[0;39m [main] [32mINFO [0;39m org.prgrms.kdt.KdtApplication - The following profiles are active: dev
[33m08:53:16.192[0;39m [main] [32mINFO [0;39m org.prgrms.kdt.KdtApplication - Starting KdtApplication using Java 16.0.2 on DESKTOP-1981VJ2 with PID 14352 (C:\workspace\dev-course\w3-SpringBoot_Part_A\kdt-spring-order\target\classes started by dau47 in C:\workspace\dev-course\w3-SpringBoot_Part_A\kdt-spring-order)
[33m08:53:16.194[0;39m [main] [32mINFO [0;39m org.prgrms.kdt.KdtApplication - The following profiles are active: dev
[33m08:53:37.818[0;39m [main] [32mINFO [0;39m org.prgrms.kdt.KdtApplication - Starting KdtApplication using Java 16.0.2 on DESKTOP-1981VJ2 with PID 7992 (C:\workspace\dev-course\w3-SpringBoot_Part_A\kdt-spring-order\target\classes started by dau47 in C:\workspace\dev-course\w3-SpringBoot_Part_A\kdt-spring-order)
[33m08:53:37.821[0;39m [main] [32mINFO [0;39m org.prgrms.kdt.KdtApplication - The following profiles are active: dev
[33m08:53:49.775[0;39m [main] [32mINFO [0;39m o.prgrms.kdt.CommandLineApplication - Starting CommandLineApplication using Java 16.0.2 on DESKTOP-1981VJ2 with PID 11276 (C:\workspace\dev-course\w3-SpringBoot_Part_A\kdt-spring-order\target\classes started by dau47 in C:\workspace\dev-course\w3-SpringBoot_Part_A\kdt-spring-order)
[33m08:53:49.778[0;39m [main] [32mINFO [0;39m o.prgrms.kdt.CommandLineApplication - No active profile set, falling back to default profiles: default
[33m08:56:11.991[0;39m [main] [32mINFO [0;39m o.prgrms.kdt.CommandLineApplication - Starting CommandLineApplication using Java 16.0.2 on DESKTOP-1981VJ2 with PID 22428 (C:\workspace\dev-course\w3-SpringBoot_Part_A\kdt-spring-order\target\classes started by dau47 in C:\workspace\dev-course\w3-SpringBoot_Part_A\kdt-spring-order)
[33m08:56:11.993[0;39m [main] [32mINFO [0;39m o.prgrms.kdt.CommandLineApplication - No active profile set, falling back to default profiles: default
[33m08:57:30.283[0;39m [main] [32mINFO [0;39m o.prgrms.kdt.CommandLineApplication - Starting CommandLineApplication using Java 16.0.2 on DESKTOP-1981VJ2 with PID 20220 (C:\workspace\dev-course\w3-SpringBoot_Part_A\kdt-spring-order\target\classes started by dau47 in C:\workspace\dev-course\w3-SpringBoot_Part_A\kdt-spring-order)
[33m08:57:30.285[0;39m [main] [32mINFO [0;39m o.prgrms.kdt.CommandLineApplication - No active profile set, falling back to default profiles: default
[33m08:59:20.542[0;39m [main] [32mINFO [0;39m o.prgrms.kdt.CommandLineApplication - Starting CommandLineApplication using Java 16.0.2 on DESKTOP-1981VJ2 with PID 5692 (C:\workspace\dev-course\w3-SpringBoot_Part_A\kdt-spring-order\target\classes started by dau47 in C:\workspace\dev-course\w3-SpringBoot_Part_A\kdt-spring-order)
[33m08:59:20.546[0;39m [main] [32mINFO [0;39m o.prgrms.kdt.CommandLineApplication - No active profile set, falling back to default profiles: default
[33m08:59:50.247[0;39m [main] [32mINFO [0;39m o.prgrms.kdt.CommandLineApplication - Starting CommandLineApplication using Java 16.0.2 on DESKTOP-1981VJ2 with PID 3800 (C:\workspace\dev-course\w3-SpringBoot_Part_A\kdt-spring-order\target\classes started by dau47 in C:\workspace\dev-course\w3-SpringBoot_Part_A\kdt-spring-order)
[33m08:59:50.249[0;39m [main] [32mINFO [0;39m o.prgrms.kdt.CommandLineApplication - No active profile set, falling back to default profiles: default
[33m09:02:28.579[0;39m [main] [32mINFO [0;39m o.prgrms.kdt.CommandLineApplication - Starting CommandLineApplication using Java 16.0.2 on DESKTOP-1981VJ2 with PID 20532 (C:\workspace\dev-course\w3-SpringBoot_Part_A\kdt-spring-order\target\classes started by dau47 in C:\workspace\dev-course\w3-SpringBoot_Part_A\kdt-spring-order)
[33m09:02:28.587[0;39m [main] [32mINFO [0;39m o.prgrms.kdt.CommandLineApplication - No active profile set, falling back to default profiles: default
[33m09:03:26.401[0;39m [main] [32mINFO [0;39m o.prgrms.kdt.CommandLineApplication - Starting CommandLineApplication using Java 16.0.2 on DESKTOP-1981VJ2 with PID 964 (C:\workspace\dev-course\w3-SpringBoot_Part_A\kdt-spring-order\target\classes started by dau47 in C:\workspace\dev-course\w3-SpringBoot_Part_A\kdt-spring-order)
[33m09:03:26.404[0;39m [main] [32mINFO [0;39m o.prgrms.kdt.CommandLineApplication - No active profile set, falling back to default profiles: default
[33m09:04:47.684[0;39m [main] [32mINFO [0;39m o.prgrms.kdt.CommandLineApplication - Starting CommandLineApplication using Java 16.0.2 on DESKTOP-1981VJ2 with PID 17160 (C:\workspace\dev-course\w3-SpringBoot_Part_A\kdt-spring-order\target\classes started by dau47 in C:\workspace\dev-course\w3-SpringBoot_Part_A\kdt-spring-order)
[33m09:04:47.690[0;39m [main] [32mINFO [0;39m o.prgrms.kdt.CommandLineApplication - No active profile set, falling back to default profiles: default
[33m09:10:59.438[0;39m [main] [32mINFO [0;39m o.prgrms.kdt.CommandLineApplication - Starting CommandLineApplication using Java 16.0.2 on DESKTOP-1981VJ2 with PID 6660 (C:\workspace\dev-course\w3-SpringBoot_Part_A\kdt-spring-order\target\classes started by dau47 in C:\workspace\dev-course\w3-SpringBoot_Part_A\kdt-spring-order)
[33m09:10:59.441[0;39m [main] [32mINFO [0;39m o.prgrms.kdt.CommandLineApplication - No active profile set, falling back to default profiles: default
[33m09:13:40.800[0;39m [main] [32mINFO [0;39m o.prgrms.kdt.CommandLineApplication - Starting CommandLineApplication using Java 16.0.2 on DESKTOP-1981VJ2 with PID 21328 (C:\workspace\dev-course\w3-SpringBoot_Part_A\kdt-spring-order\target\classes started by dau47 in C:\workspace\dev-course\w3-SpringBoot_Part_A\kdt-spring-order)
[33m09:13:40.802[0;39m [main] [32mINFO [0;39m o.prgrms.kdt.CommandLineApplication - No active profile set, falling back to default profiles: default
[33m09:13:59.048[0;39m [main] [32mINFO [0;39m org.prgrms.kdt.KdtApplication - Starting KdtApplication using Java 16.0.2 on DESKTOP-1981VJ2 with PID 5044 (C:\workspace\dev-course\w3-SpringBoot_Part_A\kdt-spring-order\target\classes started by dau47 in C:\workspace\dev-course\w3-SpringBoot_Part_A\kdt-spring-order)
[33m09:13:59.052[0;39m [main] [32mINFO [0;39m org.prgrms.kdt.KdtApplication - The following profiles are active: dev
[33m09:15:10.748[0;39m [main] [32mINFO [0;39m org.prgrms.kdt.KdtApplication - Starting KdtApplication using Java 16.0.2 on DESKTOP-1981VJ2 with PID 14508 (C:\workspace\dev-course\w3-SpringBoot_Part_A\kdt-spring-order\target\classes started by dau47 in C:\workspace\dev-course\w3-SpringBoot_Part_A\kdt-spring-order)
[33m09:15:10.752[0;39m [main] [32mINFO [0;39m org.prgrms.kdt.KdtApplication - The following profiles are active: dev
[33m09:15:59.988[0;39m [main] [32mINFO [0;39m org.prgrms.kdt.KdtApplication - Starting KdtApplication using Java 16.0.2 on DESKTOP-1981VJ2 with PID 9388 (C:\workspace\dev-course\w3-SpringBoot_Part_A\kdt-spring-order\target\classes started by dau47 in C:\workspace\dev-course\w3-SpringBoot_Part_A\kdt-spring-order)
[33m09:15:59.991[0;39m [main] [32mINFO [0;39m org.prgrms.kdt.KdtApplication - The following profiles are active: dev
[33m09:18:04.153[0;39m [main] [32mINFO [0;39m org.prgrms.kdt.KdtApplication - Starting KdtApplication using Java 16.0.2 on DESKTOP-1981VJ2 with PID 3476 (C:\workspace\dev-course\w3-SpringBoot_Part_A\kdt-spring-order\target\classes started by dau47 in C:\workspace\dev-course\w3-SpringBoot_Part_A\kdt-spring-order)
[33m09:18:04.157[0;39m [main] [32mINFO [0;39m org.prgrms.kdt.KdtApplication - The following profiles are active: dev
[33m09:19:32.458[0;39m [main] [32mINFO [0;39m org.prgrms.kdt.KdtApplication - Starting KdtApplication using Java 16.0.2 on DESKTOP-1981VJ2 with PID 20060 (C:\workspace\dev-course\w3-SpringBoot_Part_A\kdt-spring-order\target\classes started by dau47 in C:\workspace\dev-course\w3-SpringBoot_Part_A\kdt-spring-order)
[33m09:19:32.461[0;39m [main] [32mINFO [0;39m org.prgrms.kdt.KdtApplication - The following profiles are active: dev
[33m09:32:24.214[0;39m [main] [32mINFO [0;39m o.prgrms.kdt.CommandLineApplication - Starting CommandLineApplication using Java 16.0.2 on DESKTOP-1981VJ2 with PID 22852 (C:\workspace\dev-course\w3-SpringBoot_Part_A\kdt-spring-order\target\classes started by dau47 in C:\workspace\dev-course\w3-SpringBoot_Part_A\kdt-spring-order)
[33m09:32:24.217[0;39m [main] [32mINFO [0;39m o.prgrms.kdt.CommandLineApplication - No active profile set, falling back to default profiles: default
[33m09:33:00.014[0;39m [main] [32mINFO [0;39m o.prgrms.kdt.CommandLineApplication - Starting CommandLineApplication using Java 16.0.2 on DESKTOP-1981VJ2 with PID 13888 (C:\workspace\dev-course\w3-SpringBoot_Part_A\kdt-spring-order\target\classes started by dau47 in C:\workspace\dev-course\w3-SpringBoot_Part_A\kdt-spring-order)
[33m09:33:00.023[0;39m [main] [32mINFO [0;39m o.prgrms.kdt.CommandLineApplication - No active profile set, falling back to default profiles: default
09:33:50.243 [main] INFO  o.prgrms.kdt.CommandLineApplication - Starting CommandLineApplication using Java 16.0.2 on DESKTOP-1981VJ2 with PID 12852 (C:\workspace\dev-course\w3-SpringBoot_Part_A\kdt-spring-order\target\classes started by dau47 in C:\workspace\dev-course\w3-SpringBoot_Part_A\kdt-spring-order)
09:33:50.245 [main] INFO  o.prgrms.kdt.CommandLineApplication - No active profile set, falling back to default profiles: default
09:33:50.361 [main] INFO  o.prgrms.kdt.CommandLineApplication - Started CommandLineApplication in 0.718 seconds (JVM running for 1.414)
[33m09:34:14.716[0;39m [main] [32mINFO [0;39m o.prgrms.kdt.CommandLineApplication - Starting CommandLineApplication using Java 16.0.2 on DESKTOP-1981VJ2 with PID 18476 (C:\workspace\dev-course\w3-SpringBoot_Part_A\kdt-spring-order\target\classes started by dau47 in C:\workspace\dev-course\w3-SpringBoot_Part_A\kdt-spring-order)
[33m09:34:14.719[0;39m [main] [32mINFO [0;39m o.prgrms.kdt.CommandLineApplication - No active profile set, falling back to default profiles: default
[33m09:35:14.701[0;39m [main] [32mINFO [0;39m o.prgrms.kdt.CommandLineApplication - Starting CommandLineApplication using Java 16.0.2 on DESKTOP-1981VJ2 with PID 11848 (C:\workspace\dev-course\w3-SpringBoot_Part_A\kdt-spring-order\target\classes started by dau47 in C:\workspace\dev-course\w3-SpringBoot_Part_A\kdt-spring-order)
[33m09:35:14.704[0;39m [main] [32mINFO [0;39m o.prgrms.kdt.CommandLineApplication - The following profiles are active: default
[33m09:38:52.636[0;39m [main] [32mINFO [0;39m o.prgrms.kdt.CommandLineApplication - Starting CommandLineApplication using Java 16.0.2 on DESKTOP-1981VJ2 with PID 19416 (C:\workspace\dev-course\w3-SpringBoot_Part_A\kdt-spring-order\target\classes started by dau47 in C:\workspace\dev-course\w3-SpringBoot_Part_A\kdt-spring-order)
[33m09:38:52.639[0;39m [main] [32mINFO [0;39m o.prgrms.kdt.CommandLineApplication - The following profiles are active: default
[33m09:51:09.209[0;39m [main] [32mINFO [0;39m o.prgrms.kdt.CommandLineApplication - Starting CommandLineApplication using Java 16.0.2 on DESKTOP-1981VJ2 with PID 16036 (C:\workspace\dev-course\w3-SpringBoot_Part_A\kdt-spring-order\target\classes started by dau47 in C:\workspace\dev-course\w3-SpringBoot_Part_A\kdt-spring-order)
[33m09:51:09.212[0;39m [main] [32mINFO [0;39m o.prgrms.kdt.CommandLineApplication - The following profiles are active: default
[33m09:52:08.691[0;39m [main] [32mINFO [0;39m o.prgrms.kdt.CommandLineApplication - Starting CommandLineApplication using Java 16.0.2 on DESKTOP-1981VJ2 with PID 16476 (C:\workspace\dev-course\w3-SpringBoot_Part_A\kdt-spring-order\target\classes started by dau47 in C:\workspace\dev-course\w3-SpringBoot_Part_A\kdt-spring-order)
[33m09:52:08.694[0;39m [main] [32mINFO [0;39m o.prgrms.kdt.CommandLineApplication - The following profiles are active: default
[33m09:53:57.308[0;39m [main] [32mINFO [0;39m o.prgrms.kdt.CommandLineApplication - Starting CommandLineApplication using Java 16.0.2 on DESKTOP-1981VJ2 with PID 12528 (C:\workspace\dev-course\w3-SpringBoot_Part_A\kdt-spring-order\target\classes started by dau47 in C:\workspace\dev-course\w3-SpringBoot_Part_A\kdt-spring-order)
[33m09:53:57.313[0;39m [main] [32mINFO [0;39m o.prgrms.kdt.CommandLineApplication - The following profiles are active: default
[33m09:55:16.653[0;39m [main] [32mINFO [0;39m o.prgrms.kdt.CommandLineApplication - Starting CommandLineApplication using Java 16.0.2 on DESKTOP-1981VJ2 with PID 6828 (C:\workspace\dev-course\w3-SpringBoot_Part_A\kdt-spring-order\target\classes started by dau47 in C:\workspace\dev-course\w3-SpringBoot_Part_A\kdt-spring-order)
[33m09:55:16.657[0;39m [main] [32mINFO [0;39m o.prgrms.kdt.CommandLineApplication - The following profiles are active: default
[33m09:58:06.655[0;39m [main] [32mINFO [0;39m o.prgrms.kdt.CommandLineApplication - Starting CommandLineApplication using Java 16.0.2 on DESKTOP-1981VJ2 with PID 17008 (C:\workspace\dev-course\w3-SpringBoot_Part_A\kdt-spring-order\target\classes started by dau47 in C:\workspace\dev-course\w3-SpringBoot_Part_A\kdt-spring-order)
[33m09:58:06.658[0;39m [main] [32mINFO [0;39m o.prgrms.kdt.CommandLineApplication - The following profiles are active: default
[33m10:01:35.804[0;39m [main] [32mINFO [0;39m o.prgrms.kdt.CommandLineApplication - Starting CommandLineApplication using Java 16.0.2 on DESKTOP-1981VJ2 with PID 16124 (C:\workspace\dev-course\w3-SpringBoot_Part_A\kdt-spring-order\target\classes started by dau47 in C:\workspace\dev-course\w3-SpringBoot_Part_A\kdt-spring-order)
[33m10:01:35.808[0;39m [main] [32mINFO [0;39m o.prgrms.kdt.CommandLineApplication - The following profiles are active: default
[33m10:03:24.846[0;39m [main] [32mINFO [0;39m org.prgrms.kdt.KdtApplication - Starting KdtApplication using Java 16.0.2 on DESKTOP-1981VJ2 with PID 13096 (C:\workspace\dev-course\w3-SpringBoot_Part_A\kdt-spring-order\target\classes started by dau47 in C:\workspace\dev-course\w3-SpringBoot_Part_A\kdt-spring-order)
[33m10:03:24.850[0;39m [main] [32mINFO [0;39m org.prgrms.kdt.KdtApplication - The following profiles are active: dev
[33m10:08:58.103[0;39m [main] [32mINFO [0;39m o.prgrms.kdt.CommandLineApplication - Starting CommandLineApplication using Java 16.0.2 on DESKTOP-1981VJ2 with PID 14632 (C:\workspace\dev-course\w3-SpringBoot_Part_A\kdt-spring-order\target\classes started by dau47 in C:\workspace\dev-course\w3-SpringBoot_Part_A\kdt-spring-order)
[33m10:08:58.106[0;39m [main] [32mINFO [0;39m o.prgrms.kdt.CommandLineApplication - The following profiles are active: default
[33m10:11:13.841[0;39m [main] [32mINFO [0;39m org.prgrms.kdt.KdtApplication - Starting KdtApplication using Java 16.0.2 on DESKTOP-1981VJ2 with PID 5908 (C:\workspace\dev-course\w3-SpringBoot_Part_A\kdt-spring-order\target\classes started by dau47 in C:\workspace\dev-course\w3-SpringBoot_Part_A\kdt-spring-order)
[33m10:11:13.843[0;39m [main] [32mINFO [0;39m org.prgrms.kdt.KdtApplication - The following profiles are active: dev
10:16:18.427 [main] INFO  o.prgrms.kdt.JdbcCustomerRepository - count -> 1
10:16:18.435 [main] INFO  o.prgrms.kdt.JdbcCustomerRepository - created customerId: c27bb431-4628-4c72-aefe-b03b9e422e98
10:16:18.500 [main] ERROR o.prgrms.kdt.JdbcCustomerRepository - Got error while closing connection
java.sql.SQLSyntaxErrorException: Unknown column 'customerId' in 'field list'
	at com.mysql.cj.jdbc.exceptions.SQLError.createSQLException(SQLError.java:120)
	at com.mysql.cj.jdbc.exceptions.SQLExceptionsMapping.translateException(SQLExceptionsMapping.java:122)
	at com.mysql.cj.jdbc.ClientPreparedStatement.executeInternal(ClientPreparedStatement.java:953)
	at com.mysql.cj.jdbc.ClientPreparedStatement.executeUpdateInternal(ClientPreparedStatement.java:1092)
	at com.mysql.cj.jdbc.ClientPreparedStatement.executeUpdateInternal(ClientPreparedStatement.java:1040)
	at com.mysql.cj.jdbc.ClientPreparedStatement.executeLargeUpdate(ClientPreparedStatement.java:1350)
	at com.mysql.cj.jdbc.ClientPreparedStatement.executeUpdate(ClientPreparedStatement.java:1025)
	at org.prgrms.kdt.JdbcCustomerRepository.insertCustomer(JdbcCustomerRepository.java:96)
	at org.prgrms.kdt.JdbcCustomerRepository.main(JdbcCustomerRepository.java:144)
10:17:01.935 [main] INFO  o.prgrms.kdt.JdbcCustomerRepository - count -> 0
10:17:01.942 [main] INFO  o.prgrms.kdt.JdbcCustomerRepository - created customerId: fee3cf36-c7f2-4147-ab12-9c2be374363a
10:17:01.994 [main] ERROR o.prgrms.kdt.JdbcCustomerRepository - Got error while closing connection
java.sql.SQLSyntaxErrorException: Unknown column 'customerId' in 'field list'
	at com.mysql.cj.jdbc.exceptions.SQLError.createSQLException(SQLError.java:120)
	at com.mysql.cj.jdbc.exceptions.SQLExceptionsMapping.translateException(SQLExceptionsMapping.java:122)
	at com.mysql.cj.jdbc.ClientPreparedStatement.executeInternal(ClientPreparedStatement.java:953)
	at com.mysql.cj.jdbc.ClientPreparedStatement.executeUpdateInternal(ClientPreparedStatement.java:1092)
	at com.mysql.cj.jdbc.ClientPreparedStatement.executeUpdateInternal(ClientPreparedStatement.java:1040)
	at com.mysql.cj.jdbc.ClientPreparedStatement.executeLargeUpdate(ClientPreparedStatement.java:1350)
	at com.mysql.cj.jdbc.ClientPreparedStatement.executeUpdate(ClientPreparedStatement.java:1025)
	at org.prgrms.kdt.JdbcCustomerRepository.insertCustomer(JdbcCustomerRepository.java:96)
	at org.prgrms.kdt.JdbcCustomerRepository.main(JdbcCustomerRepository.java:144)
10:18:34.788 [main] INFO  o.prgrms.kdt.JdbcCustomerRepository - count -> 0
10:18:34.795 [main] INFO  o.prgrms.kdt.JdbcCustomerRepository - created customerId: 2a18da82-4e61-4a5b-8e2f-890ce01f9ca4
10:18:34.906 [main] INFO  o.prgrms.kdt.JdbcCustomerRepository - Found customerId: 2a18da82-4e61-4a5b-8e2f-890ce01f9ca4
[33m10:18:47.255[0;39m [main] [32mINFO [0;39m o.prgrms.kdt.CommandLineApplication - Starting CommandLineApplication using Java 16.0.2 on DESKTOP-1981VJ2 with PID 21812 (C:\workspace\dev-course\w3-SpringBoot_Part_A\kdt-spring-order\target\classes started by dau47 in C:\workspace\dev-course\w3-SpringBoot_Part_A\kdt-spring-order)
[33m10:18:47.257[0;39m [main] [32mINFO [0;39m o.prgrms.kdt.CommandLineApplication - The following profiles are active: default
[33m10:24:42.373[0;39m [main] [32mINFO [0;39m o.prgrms.kdt.CommandLineApplication - Starting CommandLineApplication using Java 16.0.2 on DESKTOP-1981VJ2 with PID 17988 (C:\workspace\dev-course\w3-SpringBoot_Part_A\kdt-spring-order\target\classes started by dau47 in C:\workspace\dev-course\w3-SpringBoot_Part_A\kdt-spring-order)
[33m10:24:42.378[0;39m [main] [32mINFO [0;39m o.prgrms.kdt.CommandLineApplication - The following profiles are active: default
[33m10:29:34.796[0;39m [main] [32mINFO [0;39m o.prgrms.kdt.CommandLineApplication - Starting CommandLineApplication using Java 16.0.2 on DESKTOP-1981VJ2 with PID 9984 (C:\workspace\dev-course\w3-SpringBoot_Part_A\kdt-spring-order\target\classes started by dau47 in C:\workspace\dev-course\w3-SpringBoot_Part_A\kdt-spring-order)
[33m10:29:34.799[0;39m [main] [32mINFO [0;39m o.prgrms.kdt.CommandLineApplication - The following profiles are active: default
[33m10:43:24.289[0;39m [main] [32mINFO [0;39m o.prgrms.kdt.CommandLineApplication - Starting CommandLineApplication using Java 16.0.2 on DESKTOP-1981VJ2 with PID 9952 (C:\workspace\dev-course\w3-SpringBoot_Part_A\kdt-spring-order\target\classes started by dau47 in C:\workspace\dev-course\w3-SpringBoot_Part_A\kdt-spring-order)
[33m10:43:24.292[0;39m [main] [32mINFO [0;39m o.prgrms.kdt.CommandLineApplication - No active profile set, falling back to default profiles: default
[33m10:45:28.793[0;39m [main] [32mINFO [0;39m o.prgrms.kdt.CommandLineApplication - Starting CommandLineApplication using Java 16.0.2 on DESKTOP-1981VJ2 with PID 10908 (C:\workspace\dev-course\w3-SpringBoot_Part_A\kdt-spring-order\target\classes started by dau47 in C:\workspace\dev-course\w3-SpringBoot_Part_A\kdt-spring-order)
[33m10:45:28.796[0;39m [main] [32mINFO [0;39m o.prgrms.kdt.CommandLineApplication - No active profile set, falling back to default profiles: default
[33m10:46:06.423[0;39m [main] [32mINFO [0;39m o.prgrms.kdt.CommandLineApplication - Starting CommandLineApplication using Java 16.0.2 on DESKTOP-1981VJ2 with PID 10460 (C:\workspace\dev-course\w3-SpringBoot_Part_A\kdt-spring-order\target\classes started by dau47 in C:\workspace\dev-course\w3-SpringBoot_Part_A\kdt-spring-order)
[33m10:46:06.423[0;39m [main] [32mINFO [0;39m o.prgrms.kdt.CommandLineApplication - No active profile set, falling back to default profiles: default
[33m10:52:25.892[0;39m [main] [32mINFO [0;39m o.prgrms.kdt.CommandLineApplication - Starting CommandLineApplication using Java 13.0.8 on DESKTOP-1981VJ2 with PID 8772 (C:\workspace\dev-course\w3-SpringBoot_Part_A\kdt-spring-order\target\classes started by dau47 in C:\workspace\dev-course\w3-SpringBoot_Part_A\kdt-spring-order)
[33m10:52:25.892[0;39m [main] [32mINFO [0;39m o.prgrms.kdt.CommandLineApplication - No active profile set, falling back to default profiles: default
[33m10:53:51.764[0;39m [main] [32mINFO [0;39m o.prgrms.kdt.CommandLineApplication - Starting CommandLineApplication using Java 16.0.2 on DESKTOP-1981VJ2 with PID 7076 (C:\workspace\dev-course\w3-SpringBoot_Part_A\kdt-spring-order\target\classes started by dau47 in C:\workspace\dev-course\w3-SpringBoot_Part_A\kdt-spring-order)
[33m10:53:51.767[0;39m [main] [32mINFO [0;39m o.prgrms.kdt.CommandLineApplication - No active profile set, falling back to default profiles: default
[33m10:54:25.918[0;39m [main] [32mINFO [0;39m o.prgrms.kdt.CommandLineApplication - Starting CommandLineApplication using Java 16.0.2 on DESKTOP-1981VJ2 with PID 4328 (C:\workspace\dev-course\w3-SpringBoot_Part_A\kdt-spring-order\target\classes started by dau47 in C:\workspace\dev-course\w3-SpringBoot_Part_A\kdt-spring-order)
[33m10:54:25.921[0;39m [main] [32mINFO [0;39m o.prgrms.kdt.CommandLineApplication - No active profile set, falling back to default profiles: default
[33m10:54:43.998[0;39m [main] [32mINFO [0;39m o.prgrms.kdt.CommandLineApplication - Starting CommandLineApplication using Java 16.0.2 on DESKTOP-1981VJ2 with PID 13944 (C:\workspace\dev-course\w3-SpringBoot_Part_A\kdt-spring-order\target\classes started by dau47 in C:\workspace\dev-course\w3-SpringBoot_Part_A\kdt-spring-order)
[33m10:54:44.003[0;39m [main] [32mINFO [0;39m o.prgrms.kdt.CommandLineApplication - No active profile set, falling back to default profiles: default
[33m10:56:28.299[0;39m [main] [32mINFO [0;39m o.prgrms.kdt.CommandLineApplication - Starting CommandLineApplication using Java 16.0.2 on DESKTOP-1981VJ2 with PID 14868 (C:\workspace\dev-course\w3-SpringBoot_Part_A\kdt-spring-order\target\classes started by dau47 in C:\workspace\dev-course\w3-SpringBoot_Part_A\kdt-spring-order)
[33m10:56:28.303[0;39m [main] [32mINFO [0;39m o.prgrms.kdt.CommandLineApplication - No active profile set, falling back to default profiles: default
[33m10:56:56.581[0;39m [main] [32mINFO [0;39m o.prgrms.kdt.CommandLineApplication - Starting CommandLineApplication using Java 16.0.2 on DESKTOP-1981VJ2 with PID 19624 (C:\workspace\dev-course\w3-SpringBoot_Part_A\kdt-spring-order\target\classes started by dau47 in C:\workspace\dev-course\w3-SpringBoot_Part_A\kdt-spring-order)
[33m10:56:56.587[0;39m [main] [32mINFO [0;39m o.prgrms.kdt.CommandLineApplication - No active profile set, falling back to default profiles: default
[33m11:05:31.416[0;39m [main] [32mINFO [0;39m o.prgrms.kdt.CommandLineApplication - Starting CommandLineApplication using Java 16.0.2 on DESKTOP-1981VJ2 with PID 924 (C:\workspace\dev-course\w3-SpringBoot_Part_A\kdt-spring-order\target\classes started by dau47 in C:\workspace\dev-course\w3-SpringBoot_Part_A\kdt-spring-order)
[33m11:05:31.422[0;39m [main] [32mINFO [0;39m o.prgrms.kdt.CommandLineApplication - No active profile set, falling back to default profiles: default
[33m11:54:20.691[0;39m [main] [32mINFO [0;39m o.prgrms.kdt.CommandLineApplication - Starting CommandLineApplication using Java 16.0.2 on DESKTOP-1981VJ2 with PID 18956 (C:\workspace\dev-course\w3-SpringBoot_Part_A\kdt-spring-order\target\classes started by dau47 in C:\workspace\dev-course\w3-SpringBoot_Part_A\kdt-spring-order)
[33m11:54:20.695[0;39m [main] [32mINFO [0;39m o.prgrms.kdt.CommandLineApplication - No active profile set, falling back to default profiles: default
[33m12:07:16.109[0;39m [main] [32mINFO [0;39m org.prgrms.kdt.test - Starting test using Java 16.0.2 on DESKTOP-1981VJ2 with PID 16308 (C:\workspace\dev-course\w3-SpringBoot_Part_A\kdt-spring-order\target\classes started by dau47 in C:\workspace\dev-course\w3-SpringBoot_Part_A\kdt-spring-order)
[33m12:07:16.112[0;39m [main] [32mINFO [0;39m org.prgrms.kdt.test - No active profile set, falling back to default profiles: default
[33m12:07:54.417[0;39m [main] [32mINFO [0;39m o.prgrms.kdt.CommandLineApplication - Starting CommandLineApplication using Java 16.0.2 on DESKTOP-1981VJ2 with PID 5568 (C:\workspace\dev-course\w3-SpringBoot_Part_A\kdt-spring-order\target\classes started by dau47 in C:\workspace\dev-course\w3-SpringBoot_Part_A\kdt-spring-order)
[33m12:07:54.420[0;39m [main] [32mINFO [0;39m o.prgrms.kdt.CommandLineApplication - No active profile set, falling back to default profiles: default
[33m12:08:38.085[0;39m [main] [32mINFO [0;39m o.prgrms.kdt.CommandLineApplication - Starting CommandLineApplication using Java 16.0.2 on DESKTOP-1981VJ2 with PID 9568 (C:\workspace\dev-course\w3-SpringBoot_Part_A\kdt-spring-order\target\classes started by dau47 in C:\workspace\dev-course\w3-SpringBoot_Part_A\kdt-spring-order)
[33m12:08:38.088[0;39m [main] [32mINFO [0;39m o.prgrms.kdt.CommandLineApplication - No active profile set, falling back to default profiles: default
[33m12:09:01.188[0;39m [main] [32mINFO [0;39m o.prgrms.kdt.CommandLineApplication - Starting CommandLineApplication using Java 16.0.2 on DESKTOP-1981VJ2 with PID 20352 (C:\workspace\dev-course\w3-SpringBoot_Part_A\kdt-spring-order\target\classes started by dau47 in C:\workspace\dev-course\w3-SpringBoot_Part_A\kdt-spring-order)
[33m12:09:01.196[0;39m [main] [32mINFO [0;39m o.prgrms.kdt.CommandLineApplication - No active profile set, falling back to default profiles: default
[33m12:09:34.085[0;39m [main] [32mINFO [0;39m o.prgrms.kdt.CommandLineApplication - Starting CommandLineApplication using Java 16.0.2 on DESKTOP-1981VJ2 with PID 9208 (C:\workspace\dev-course\w3-SpringBoot_Part_A\kdt-spring-order\target\classes started by dau47 in C:\workspace\dev-course\w3-SpringBoot_Part_A\kdt-spring-order)
[33m12:09:34.087[0;39m [main] [32mINFO [0;39m o.prgrms.kdt.CommandLineApplication - No active profile set, falling back to default profiles: default
[33m12:09:53.649[0;39m [main] [32mINFO [0;39m o.prgrms.kdt.CommandLineApplication - Starting CommandLineApplication using Java 16.0.2 on DESKTOP-1981VJ2 with PID 13960 (C:\workspace\dev-course\w3-SpringBoot_Part_A\kdt-spring-order\target\classes started by dau47 in C:\workspace\dev-course\w3-SpringBoot_Part_A\kdt-spring-order)
[33m12:09:53.657[0;39m [main] [32mINFO [0;39m o.prgrms.kdt.CommandLineApplication - No active profile set, falling back to default profiles: default
[33m12:10:02.325[0;39m [main] [32mINFO [0;39m o.prgrms.kdt.CommandLineApplication - Starting CommandLineApplication using Java 16.0.2 on DESKTOP-1981VJ2 with PID 23436 (C:\workspace\dev-course\w3-SpringBoot_Part_A\kdt-spring-order\target\classes started by dau47 in C:\workspace\dev-course\w3-SpringBoot_Part_A\kdt-spring-order)
[33m12:10:02.327[0;39m [main] [32mINFO [0;39m o.prgrms.kdt.CommandLineApplication - No active profile set, falling back to default profiles: default
[33m12:10:12.315[0;39m [main] [32mINFO [0;39m o.prgrms.kdt.CommandLineApplication - Starting CommandLineApplication using Java 16.0.2 on DESKTOP-1981VJ2 with PID 21084 (C:\workspace\dev-course\w3-SpringBoot_Part_A\kdt-spring-order\target\classes started by dau47 in C:\workspace\dev-course\w3-SpringBoot_Part_A\kdt-spring-order)
[33m12:10:12.318[0;39m [main] [32mINFO [0;39m o.prgrms.kdt.CommandLineApplication - No active profile set, falling back to default profiles: default
[33m13:30:26.434[0;39m [main] [32mINFO [0;39m o.prgrms.kdt.CommandLineApplication - Starting CommandLineApplication using Java 16.0.2 on DESKTOP-1981VJ2 with PID 21608 (C:\workspace\dev-course\w3-SpringBoot_Part_A\kdt-spring-order\target\classes started by dau47 in C:\workspace\dev-course\w3-SpringBoot_Part_A\kdt-spring-order)
[33m13:30:26.438[0;39m [main] [32mINFO [0;39m o.prgrms.kdt.CommandLineApplication - No active profile set, falling back to default profiles: default
[33m13:30:50.315[0;39m [main] [32mINFO [0;39m o.prgrms.kdt.CommandLineApplication - Starting CommandLineApplication using Java 16.0.2 on DESKTOP-1981VJ2 with PID 20388 (C:\workspace\dev-course\w3-SpringBoot_Part_A\kdt-spring-order\target\classes started by dau47 in C:\workspace\dev-course\w3-SpringBoot_Part_A\kdt-spring-order)
[33m13:30:50.317[0;39m [main] [32mINFO [0;39m o.prgrms.kdt.CommandLineApplication - No active profile set, falling back to default profiles: default
[33m13:31:35.531[0;39m [main] [32mINFO [0;39m o.prgrms.kdt.CommandLineApplication - Starting CommandLineApplication using Java 16.0.2 on DESKTOP-1981VJ2 with PID 21228 (C:\workspace\dev-course\w3-SpringBoot_Part_A\kdt-spring-order\target\classes started by dau47 in C:\workspace\dev-course\w3-SpringBoot_Part_A\kdt-spring-order)
[33m13:31:35.534[0;39m [main] [32mINFO [0;39m o.prgrms.kdt.CommandLineApplication - No active profile set, falling back to default profiles: default
[33m13:31:59.804[0;39m [main] [32mINFO [0;39m o.prgrms.kdt.CommandLineApplication - Starting CommandLineApplication using Java 16.0.2 on DESKTOP-1981VJ2 with PID 21016 (C:\workspace\dev-course\w3-SpringBoot_Part_A\kdt-spring-order\target\classes started by dau47 in C:\workspace\dev-course\w3-SpringBoot_Part_A\kdt-spring-order)
[33m13:31:59.806[0;39m [main] [32mINFO [0;39m o.prgrms.kdt.CommandLineApplication - No active profile set, falling back to default profiles: default
[33m13:32:28.197[0;39m [main] [32mINFO [0;39m o.prgrms.kdt.CommandLineApplication - Starting CommandLineApplication using Java 16.0.2 on DESKTOP-1981VJ2 with PID 5608 (C:\workspace\dev-course\w3-SpringBoot_Part_A\kdt-spring-order\target\classes started by dau47 in C:\workspace\dev-course\w3-SpringBoot_Part_A\kdt-spring-order)
[33m13:32:28.200[0;39m [main] [32mINFO [0;39m o.prgrms.kdt.CommandLineApplication - No active profile set, falling back to default profiles: default
[33m13:32:42.571[0;39m [main] [32mINFO [0;39m o.prgrms.kdt.CommandLineApplication - Starting CommandLineApplication using Java 16.0.2 on DESKTOP-1981VJ2 with PID 17888 (C:\workspace\dev-course\w3-SpringBoot_Part_A\kdt-spring-order\target\classes started by dau47 in C:\workspace\dev-course\w3-SpringBoot_Part_A\kdt-spring-order)
[33m13:32:42.573[0;39m [main] [32mINFO [0;39m o.prgrms.kdt.CommandLineApplication - No active profile set, falling back to default profiles: default
[33m13:34:12.001[0;39m [main] [32mINFO [0;39m o.prgrms.kdt.CommandLineApplication - Starting CommandLineApplication using Java 16.0.2 on DESKTOP-1981VJ2 with PID 13328 (C:\workspace\dev-course\w3-SpringBoot_Part_A\kdt-spring-order\target\classes started by dau47 in C:\workspace\dev-course\w3-SpringBoot_Part_A\kdt-spring-order)
[33m13:34:12.003[0;39m [main] [32mINFO [0;39m o.prgrms.kdt.CommandLineApplication - No active profile set, falling back to default profiles: default
[33m13:34:12.676[0;39m [main] [32mINFO [0;39m o.prgrms.kdt.CommandLineApplication - Started CommandLineApplication in 1.038 seconds (JVM running for 3.032)
[33m13:34:37.622[0;39m [main] [32mINFO [0;39m o.prgrms.kdt.CommandLineApplication - Starting CommandLineApplication using Java 16.0.2 on DESKTOP-1981VJ2 with PID 1072 (C:\workspace\dev-course\w3-SpringBoot_Part_A\kdt-spring-order\target\classes started by dau47 in C:\workspace\dev-course\w3-SpringBoot_Part_A\kdt-spring-order)
[33m13:34:37.625[0;39m [main] [32mINFO [0;39m o.prgrms.kdt.CommandLineApplication - No active profile set, falling back to default profiles: default
[33m13:35:24.513[0;39m [main] [32mINFO [0;39m o.prgrms.kdt.CommandLineApplication - Starting CommandLineApplication using Java 16.0.2 on DESKTOP-1981VJ2 with PID 13992 (C:\workspace\dev-course\w3-SpringBoot_Part_A\kdt-spring-order\target\classes started by dau47 in C:\workspace\dev-course\w3-SpringBoot_Part_A\kdt-spring-order)
[33m13:35:24.517[0;39m [main] [32mINFO [0;39m o.prgrms.kdt.CommandLineApplication - No active profile set, falling back to default profiles: default
[33m13:35:32.549[0;39m [main] [32mINFO [0;39m o.prgrms.kdt.CommandLineApplication - Starting CommandLineApplication using Java 16.0.2 on DESKTOP-1981VJ2 with PID 12016 (C:\workspace\dev-course\w3-SpringBoot_Part_A\kdt-spring-order\target\classes started by dau47 in C:\workspace\dev-course\w3-SpringBoot_Part_A\kdt-spring-order)
[33m13:35:32.552[0;39m [main] [32mINFO [0;39m o.prgrms.kdt.CommandLineApplication - No active profile set, falling back to default profiles: default
[33m13:36:01.085[0;39m [main] [32mINFO [0;39m o.prgrms.kdt.CommandLineApplication - Starting CommandLineApplication using Java 16.0.2 on DESKTOP-1981VJ2 with PID 20164 (C:\workspace\dev-course\w3-SpringBoot_Part_A\kdt-spring-order\target\classes started by dau47 in C:\workspace\dev-course\w3-SpringBoot_Part_A\kdt-spring-order)
[33m13:36:01.088[0;39m [main] [32mINFO [0;39m o.prgrms.kdt.CommandLineApplication - No active profile set, falling back to default profiles: default
[33m13:36:30.250[0;39m [main] [32mINFO [0;39m o.prgrms.kdt.CommandLineApplication - Starting CommandLineApplication using Java 16.0.2 on DESKTOP-1981VJ2 with PID 10072 (C:\workspace\dev-course\w3-SpringBoot_Part_A\kdt-spring-order\target\classes started by dau47 in C:\workspace\dev-course\w3-SpringBoot_Part_A\kdt-spring-order)
[33m13:36:30.252[0;39m [main] [32mINFO [0;39m o.prgrms.kdt.CommandLineApplication - No active profile set, falling back to default profiles: default
[33m13:36:30.932[0;39m [main] [32mINFO [0;39m o.prgrms.kdt.CommandLineApplication - Started CommandLineApplication in 1.074 seconds (JVM running for 2.043)
[33m13:36:33.456[0;39m [main] [33mWARN [0;39m org.prgrms.kdt.Console - Invalid command at Console: cmd = LSIT
[33m13:38:04.259[0;39m [main] [32mINFO [0;39m o.prgrms.kdt.CommandLineApplication - Starting CommandLineApplication using Java 16.0.2 on DESKTOP-1981VJ2 with PID 12560 (C:\workspace\dev-course\w3-SpringBoot_Part_A\kdt-spring-order\target\classes started by dau47 in C:\workspace\dev-course\w3-SpringBoot_Part_A\kdt-spring-order)
[33m13:38:04.262[0;39m [main] [32mINFO [0;39m o.prgrms.kdt.CommandLineApplication - The following profiles are active: default
[33m13:38:04.959[0;39m [main] [32mINFO [0;39m o.prgrms.kdt.CommandLineApplication - Started CommandLineApplication in 1.076 seconds (JVM running for 2.058)
[33m13:38:33.362[0;39m [main] [32mINFO [0;39m o.prgrms.kdt.CommandLineApplication - Starting CommandLineApplication using Java 16.0.2 on DESKTOP-1981VJ2 with PID 22888 (C:\workspace\dev-course\w3-SpringBoot_Part_A\kdt-spring-order\target\classes started by dau47 in C:\workspace\dev-course\w3-SpringBoot_Part_A\kdt-spring-order)
[33m13:38:33.365[0;39m [main] [32mINFO [0;39m o.prgrms.kdt.CommandLineApplication - The following profiles are active: default
[33m13:41:20.388[0;39m [main] [32mINFO [0;39m o.prgrms.kdt.CommandLineApplication - Starting CommandLineApplication using Java 16.0.2 on DESKTOP-1981VJ2 with PID 21872 (C:\workspace\dev-course\w3-SpringBoot_Part_A\kdt-spring-order\target\classes started by dau47 in C:\workspace\dev-course\w3-SpringBoot_Part_A\kdt-spring-order)
[33m13:41:20.390[0;39m [main] [32mINFO [0;39m o.prgrms.kdt.CommandLineApplication - The following profiles are active: default
[33m13:41:21.312[0;39m [main] [32mINFO [0;39m o.prgrms.kdt.CommandLineApplication - Started CommandLineApplication in 1.284 seconds (JVM running for 2.03)
