1696907560983:hi
1696907666614:dd
1696907849432:d
1696907851228:hi
1696910923996:exit
1696916025664:list
1696916060060:exit
1696916079774:list
1696917579317:exit
1696917585081:list
1696918613746:2
1696918618559:create
1696918621236:list
1696918623485:create
1696918625127:list
1696918646479:lis
1696918647481:list
1696918717559:create
1696918718764:list
1696919060893:creaet
1696919062624:create
1696919063917:list
1696919068677:create
1696919070183:list
1696919398375:create
1696919399602:list
1696919417364:create
1696919419396:list
1696919423282:create
1696919423957:list
1696919493435:create
1696919494311:list
1696922436814:create
1696922446418:1
1696922460682:create
1696922467615:list
1696922515024:create
1696922521131:list
1697000569938:create
1697198432457:list
1697198670708:create
1697198674438:list
1697198677210:exit
1697210147336:create
1697210150122:list
1697210152649:exit
1697210269192:blacklist
1697211029581:list
1697211032891:create
1697211036695:list
1697211039462:create
1697211042420:list
1697211047261:blacklsit
1697211049567:blacklist
1697211540714:exit
1697212350557:creat
1697212353542:create
1697212356688:list
1697212359448:exit
1697231992990:blacklist
1697231998580:exit
