00:29:49.700 [restartedMain] ERROR org.prgrms.kdt.utill.FileIoStream - 파일 출력 오류 발생 
18:44:19.533 [restartedMain] ERROR o.p.kdt.controller.VoucherController - 입력 오류 발생 다시 입력하세요 
18:44:24.209 [restartedMain] ERROR o.p.kdt.controller.VoucherController - 입력 오류 발생 다시 입력하세요 
18:49:44.131 [restartedMain] ERROR o.p.kdt.controller.VoucherController - 입력 오류 발생 다시 입력하세요 
18:53:08.655 [restartedMain] ERROR o.p.kdt.controller.VoucherController - 입력 오류 발생 다시 입력하세요 
18:56:58.948 [restartedMain] ERROR o.p.kdt.controller.VoucherController - 입력 오류 발생 다시 입력하세요 
18:59:57.041 [restartedMain] ERROR o.p.kdt.controller.VoucherController - 입력 오류 발생 다시 입력하세요 
19:03:30.490 [restartedMain] ERROR o.p.kdt.controller.VoucherController - 입력 오류 발생 다시 입력하세요 
19:05:01.097 [restartedMain] ERROR o.p.kdt.controller.VoucherController - 입력 오류 발생 다시 입력하세요 
19:06:28.661 [restartedMain] ERROR o.p.k.j.VoucherJdbcRepository - sql 에러 
org.springframework.dao.TransientDataAccessResourceException: PreparedStatementCallback; SQL [insert into voucher(voucher_id, voucher_type, discount, created_at) values(UUID_TO_BIN(?), ?, ?, ?)]; Invalid argument value: java.io.NotSerializableException; nested exception is java.sql.SQLException: Invalid argument value: java.io.NotSerializableException
	at org.springframework.jdbc.support.SQLStateSQLExceptionTranslator.doTranslate(SQLStateSQLExceptionTranslator.java:110)
	at org.springframework.jdbc.support.AbstractFallbackSQLExceptionTranslator.translate(AbstractFallbackSQLExceptionTranslator.java:70)
	at org.springframework.jdbc.support.AbstractFallbackSQLExceptionTranslator.translate(AbstractFallbackSQLExceptionTranslator.java:79)
	at org.springframework.jdbc.support.AbstractFallbackSQLExceptionTranslator.translate(AbstractFallbackSQLExceptionTranslator.java:79)
	at org.springframework.jdbc.core.JdbcTemplate.translateException(JdbcTemplate.java:1541)
	at org.springframework.jdbc.core.JdbcTemplate.execute(JdbcTemplate.java:667)
	at org.springframework.jdbc.core.JdbcTemplate.update(JdbcTemplate.java:960)
	at org.springframework.jdbc.core.JdbcTemplate.update(JdbcTemplate.java:981)
	at org.springframework.jdbc.core.namedparam.NamedParameterJdbcTemplate.update(NamedParameterJdbcTemplate.java:328)
	at org.springframework.jdbc.core.namedparam.NamedParameterJdbcTemplate.update(NamedParameterJdbcTemplate.java:333)
	at org.prgrms.kdt.jdbcRepository.VoucherJdbcRepository.insert(VoucherJdbcRepository.java:57)
	at org.prgrms.kdt.jdbcRepository.VoucherJdbcRepository$$FastClassBySpringCGLIB$$fb73edce.invoke(<generated>)
	at org.springframework.cglib.proxy.MethodProxy.invoke(MethodProxy.java:218)
	at org.springframework.aop.framework.CglibAopProxy$CglibMethodInvocation.invokeJoinpoint(CglibAopProxy.java:779)
	at org.springframework.aop.framework.ReflectiveMethodInvocation.proceed(ReflectiveMethodInvocation.java:163)
	at org.springframework.aop.framework.CglibAopProxy$CglibMethodInvocation.proceed(CglibAopProxy.java:750)
	at org.springframework.dao.support.PersistenceExceptionTranslationInterceptor.invoke(PersistenceExceptionTranslationInterceptor.java:137)
	at org.springframework.aop.framework.ReflectiveMethodInvocation.proceed(ReflectiveMethodInvocation.java:186)
	at org.springframework.aop.framework.CglibAopProxy$CglibMethodInvocation.proceed(CglibAopProxy.java:750)
	at org.springframework.aop.framework.CglibAopProxy$DynamicAdvisedInterceptor.intercept(CglibAopProxy.java:692)
	at org.prgrms.kdt.jdbcRepository.VoucherJdbcRepository$$EnhancerBySpringCGLIB$$206d3848.insert(<generated>)
	at org.prgrms.kdt.service.VoucherService.createVoucher(VoucherService.java:44)
	at org.prgrms.kdt.controller.VoucherController.run(VoucherController.java:47)
	at java.base/jdk.internal.reflect.NativeMethodAccessorImpl.invoke0(Native Method)
	at java.base/jdk.internal.reflect.NativeMethodAccessorImpl.invoke(NativeMethodAccessorImpl.java:62)
	at java.base/jdk.internal.reflect.DelegatingMethodAccessorImpl.invoke(DelegatingMethodAccessorImpl.java:43)
	at java.base/java.lang.reflect.Method.invoke(Method.java:566)
	at org.springframework.beans.factory.annotation.AutowiredAnnotationBeanPostProcessor$AutowiredMethodElement.inject(AutowiredAnnotationBeanPostProcessor.java:725)
	at org.springframework.beans.factory.annotation.InjectionMetadata.inject(InjectionMetadata.java:119)
	at org.springframework.beans.factory.annotation.AutowiredAnnotationBeanPostProcessor.postProcessProperties(AutowiredAnnotationBeanPostProcessor.java:399)
	at org.springframework.beans.factory.support.AbstractAutowireCapableBeanFactory.populateBean(AbstractAutowireCapableBeanFactory.java:1413)
	at org.springframework.beans.factory.support.AbstractAutowireCapableBeanFactory.doCreateBean(AbstractAutowireCapableBeanFactory.java:601)
	at org.springframework.beans.factory.support.AbstractAutowireCapableBeanFactory.createBean(AbstractAutowireCapableBeanFactory.java:524)
	at org.springframework.beans.factory.support.AbstractBeanFactory.lambda$doGetBean$0(AbstractBeanFactory.java:335)
	at org.springframework.beans.factory.support.DefaultSingletonBeanRegistry.getSingleton(DefaultSingletonBeanRegistry.java:234)
	at org.springframework.beans.factory.support.AbstractBeanFactory.doGetBean(AbstractBeanFactory.java:333)
	at org.springframework.beans.factory.support.AbstractBeanFactory.getBean(AbstractBeanFactory.java:208)
	at org.springframework.beans.factory.support.DefaultListableBeanFactory.preInstantiateSingletons(DefaultListableBeanFactory.java:944)
	at org.springframework.context.support.AbstractApplicationContext.finishBeanFactoryInitialization(AbstractApplicationContext.java:918)
	at org.springframework.context.support.AbstractApplicationContext.refresh(AbstractApplicationContext.java:583)
	at org.springframework.boot.web.servlet.context.ServletWebServerApplicationContext.refresh(ServletWebServerApplicationContext.java:145)
	at org.springframework.boot.SpringApplication.refresh(SpringApplication.java:754)
	at org.springframework.boot.SpringApplication.refreshContext(SpringApplication.java:434)
	at org.springframework.boot.SpringApplication.run(SpringApplication.java:338)
	at org.prgrms.kdt.CommandLineApplication.main(CommandLineApplication.java:20)
	at java.base/jdk.internal.reflect.NativeMethodAccessorImpl.invoke0(Native Method)
	at java.base/jdk.internal.reflect.NativeMethodAccessorImpl.invoke(NativeMethodAccessorImpl.java:62)
	at java.base/jdk.internal.reflect.DelegatingMethodAccessorImpl.invoke(DelegatingMethodAccessorImpl.java:43)
	at java.base/java.lang.reflect.Method.invoke(Method.java:566)
	at org.springframework.boot.devtools.restart.RestartLauncher.run(RestartLauncher.java:49)
Caused by: java.sql.SQLException: Invalid argument value: java.io.NotSerializableException
	at com.mysql.cj.jdbc.exceptions.SQLError.createSQLException(SQLError.java:129)
	at com.mysql.cj.jdbc.exceptions.SQLError.createSQLException(SQLError.java:97)
	at com.mysql.cj.jdbc.exceptions.SQLError.createSQLException(SQLError.java:89)
	at com.mysql.cj.jdbc.exceptions.SQLError.createSQLException(SQLError.java:63)
	at com.mysql.cj.jdbc.exceptions.SQLError.createSQLException(SQLError.java:73)
	at com.mysql.cj.jdbc.exceptions.SQLExceptionsMapping.translateException(SQLExceptionsMapping.java:85)
	at com.mysql.cj.jdbc.ClientPreparedStatement.setObject(ClientPreparedStatement.java:1674)
	at com.zaxxer.hikari.pool.HikariProxyPreparedStatement.setObject(HikariProxyPreparedStatement.java)
	at org.springframework.jdbc.core.StatementCreatorUtils.setValue(StatementCreatorUtils.java:409)
	at org.springframework.jdbc.core.StatementCreatorUtils.setParameterValueInternal(StatementCreatorUtils.java:231)
	at org.springframework.jdbc.core.StatementCreatorUtils.setParameterValue(StatementCreatorUtils.java:146)
	at org.springframework.jdbc.core.PreparedStatementCreatorFactory$PreparedStatementCreatorImpl.setValues(PreparedStatementCreatorFactory.java:283)
	at org.springframework.jdbc.core.PreparedStatementCreatorFactory$PreparedStatementCreatorImpl.createPreparedStatement(PreparedStatementCreatorFactory.java:241)
	at org.springframework.jdbc.core.JdbcTemplate.execute(JdbcTemplate.java:649)
	... 44 common frames omitted
Caused by: com.mysql.cj.exceptions.WrongArgumentException: Invalid argument value: java.io.NotSerializableException
	at java.base/jdk.internal.reflect.NativeConstructorAccessorImpl.newInstance0(Native Method)
	at java.base/jdk.internal.reflect.NativeConstructorAccessorImpl.newInstance(NativeConstructorAccessorImpl.java:62)
	at java.base/jdk.internal.reflect.DelegatingConstructorAccessorImpl.newInstance(DelegatingConstructorAccessorImpl.java:45)
	at java.base/java.lang.reflect.Constructor.newInstance(Constructor.java:490)
	at com.mysql.cj.exceptions.ExceptionFactory.createException(ExceptionFactory.java:61)
	at com.mysql.cj.exceptions.ExceptionFactory.createException(ExceptionFactory.java:105)
	at com.mysql.cj.exceptions.ExceptionFactory.createException(ExceptionFactory.java:151)
	at com.mysql.cj.AbstractQueryBindings.setSerializableObject(AbstractQueryBindings.java:1068)
	at com.mysql.cj.AbstractQueryBindings.setObject(AbstractQueryBindings.java:296)
	at com.mysql.cj.jdbc.ClientPreparedStatement.setObject(ClientPreparedStatement.java:1672)
	... 51 common frames omitted
Caused by: java.io.NotSerializableException: java.util.Optional
	at java.base/java.io.ObjectOutputStream.writeObject0(ObjectOutputStream.java:1185)
	at java.base/java.io.ObjectOutputStream.writeObject(ObjectOutputStream.java:349)
	at com.mysql.cj.AbstractQueryBindings.setSerializableObject(AbstractQueryBindings.java:1057)
	... 53 common frames omitted
