15:24:05.139 [main] INFO  o.d.voucher.VoucherApplication - Starting VoucherApplication using Java 17.0.2 on gim-yongcheol-ui-MacBookAir.local with PID 7584 (/Users/yongckim/devCourse/voucher/target/classes started by yongckim in /Users/yongckim/devCourse/voucher)
15:24:05.140 [main] INFO  o.d.voucher.VoucherApplication - No active profile set, falling back to 1 default profile: "default"
15:24:05.323 [main] INFO  o.d.voucher.VoucherApplication - Started VoucherApplication in 0.318 seconds (JVM running for 0.653)
15:24:07.276 [main] INFO  o.devcourse.voucher.view.OutputView - exit
15:24:07.276 [main] ERROR o.devcourse.voucher.view.OutputView - exit
15:25:34.305 [main] ERROR o.devcourse.voucher.view.OutputView - exit
15:28:48.365 [main] ERROR o.devcourse.voucher.view.OutputView - exit
15:30:50.606 [main] INFO  o.d.voucher.VoucherApplication - Starting VoucherApplication using Java 17.0.2 on gim-yongcheol-ui-MacBookAir.local with PID 7712 (/Users/yongckim/devCourse/voucher/target/classes started by yongckim in /Users/yongckim/devCourse/voucher)
15:30:50.608 [main] INFO  o.d.voucher.VoucherApplication - No active profile set, falling back to 1 default profile: "default"
15:30:50.849 [main] INFO  o.d.voucher.VoucherApplication - Started VoucherApplication in 0.387 seconds (JVM running for 0.646)
15:30:56.371 [main] INFO  o.devcourse.voucher.view.OutputView - exit
15:30:56.372 [main] ERROR o.devcourse.voucher.view.OutputView - exit
16:02:54.203 [main] INFO  o.d.voucher.VoucherApplication - Starting VoucherApplication using Java 17.0.2 on gim-yongcheol-ui-MacBookAir.local with PID 8331 (/Users/yongckim/devCourse/voucher/target/classes started by yongckim in /Users/yongckim/devCourse/voucher)
16:02:54.204 [main] INFO  o.d.voucher.VoucherApplication - No active profile set, falling back to 1 default profile: "default"
16:02:54.403 [main] INFO  o.d.voucher.VoucherApplication - Started VoucherApplication in 0.329 seconds (JVM running for 0.609)
16:03:05.871 [main] INFO  o.devcourse.voucher.view.OutputView - exit
16:03:05.872 [main] ERROR o.devcourse.voucher.view.OutputView - exit
16:47:29.414 [main] INFO  o.d.voucher.VoucherApplication - Starting VoucherApplication using Java 17.0.2 on gim-yongcheol-ui-MacBookAir.local with PID 9068 (/Users/yongckim/devCourse/voucher/target/classes started by yongckim in /Users/yongckim/devCourse/voucher)
16:47:29.415 [main] INFO  o.d.voucher.VoucherApplication - No active profile set, falling back to 1 default profile: "default"
16:47:29.622 [main] INFO  o.d.voucher.VoucherApplication - Started VoucherApplication in 0.446 seconds (JVM running for 0.849)
16:47:35.757 [main] INFO  o.d.v.c.ConsoleVoucherController - Controller : Processing voucher generation
17:13:21.297 [main] INFO  o.d.voucher.VoucherApplication - Starting VoucherApplication using Java 17.0.2 on gim-yongcheol-ui-MacBookAir.local with PID 9462 (/Users/yongckim/devCourse/voucher/target/classes started by yongckim in /Users/yongckim/devCourse/voucher)
17:13:21.298 [main] INFO  o.d.voucher.VoucherApplication - No active profile set, falling back to 1 default profile: "default"
17:13:21.507 [main] INFO  o.d.voucher.VoucherApplication - Started VoucherApplication in 0.497 seconds (JVM running for 0.818)
17:13:26.011 [main] INFO  o.d.v.c.ConsoleVoucherController - Controller : Processing voucher generation
17:13:26.011 [main] INFO  o.d.v.v.service.VoucherServiceImpl - Service : Create Voucher
17:13:26.012 [main] INFO  o.d.v.v.r.CsvVoucherRepository - Repository : Record a voucher write
17:13:34.742 [main] INFO  o.d.v.c.ConsoleVoucherController - Controller : List inquire processing
17:13:34.744 [main] INFO  o.d.v.v.service.VoucherServiceImpl - Service : Voucher Inquiry
17:13:34.744 [main] INFO  o.d.v.v.r.CsvVoucherRepository - Repository : Record a voucher read
17:13:45.533 [main] INFO  o.devcourse.voucher.view.OutputView - exit
17:13:45.534 [main] ERROR o.devcourse.voucher.view.OutputView - exit
17:16:24.551 [main] INFO  o.d.voucher.VoucherApplication - Starting VoucherApplication using Java 17.0.2 on gim-yongcheol-ui-MacBookAir.local with PID 9504 (/Users/yongckim/devCourse/voucher/target/classes started by yongckim in /Users/yongckim/devCourse/voucher)
17:16:24.552 [main] INFO  o.d.voucher.VoucherApplication - No active profile set, falling back to 1 default profile: "default"
17:16:24.781 [main] INFO  o.d.voucher.VoucherApplication - Started VoucherApplication in 0.428 seconds (JVM running for 0.708)
17:16:27.866 [main] INFO  o.devcourse.voucher.view.OutputView - exit
17:22:43.606 [main] INFO  o.d.voucher.VoucherApplication - Starting VoucherApplication using Java 17.0.2 on gim-yongcheol-ui-MacBookAir.local with PID 9867 (/Users/yongckim/devCourse/voucher/target/classes started by yongckim in /Users/yongckim/devCourse/voucher)
17:22:43.609 [main] INFO  o.d.voucher.VoucherApplication - No active profile set, falling back to 1 default profile: "default"
17:22:43.907 [main] INFO  o.d.voucher.VoucherApplication - Started VoucherApplication in 0.508 seconds (JVM running for 0.789)
17:22:47.450 [main] INFO  o.d.v.c.ConsoleVoucherController - Controller : List inquire processing
17:22:47.451 [main] INFO  o.d.v.v.service.VoucherServiceImpl - Service : Voucher Inquiry
17:22:47.452 [main] INFO  o.d.v.v.r.CsvVoucherRepository - Repository : Record a voucher read
17:22:49.667 [main] INFO  o.devcourse.voucher.view.OutputView - exit
17:25:23.121 [main] INFO  o.d.voucher.VoucherApplication - Starting VoucherApplication using Java 17.0.2 on gim-yongcheol-ui-MacBookAir.local with PID 9911 (/Users/yongckim/devCourse/voucher/target/classes started by yongckim in /Users/yongckim/devCourse/voucher)
17:25:23.122 [main] INFO  o.d.voucher.VoucherApplication - The following 1 profile is active: "prod"
17:25:23.350 [main] INFO  o.d.voucher.VoucherApplication - Started VoucherApplication in 0.37 seconds (JVM running for 0.608)
17:25:28.870 [main] INFO  o.d.v.c.ConsoleVoucherController - Controller : List inquire processing
17:25:28.870 [main] INFO  o.d.v.v.service.VoucherServiceImpl - Service : Voucher Inquiry
17:25:28.871 [main] INFO  o.d.v.v.r.CsvVoucherRepository - Repository : Record a voucher read
17:25:30.545 [main] INFO  o.devcourse.voucher.view.OutputView - exit
17:25:35.532 [main] INFO  o.d.voucher.VoucherApplication - Starting VoucherApplication using Java 17.0.2 on gim-yongcheol-ui-MacBookAir.local with PID 9917 (/Users/yongckim/devCourse/voucher/target/classes started by yongckim in /Users/yongckim/devCourse/voucher)
17:25:35.534 [main] INFO  o.d.voucher.VoucherApplication - The following 1 profile is active: "dev"
17:25:35.735 [main] INFO  o.d.voucher.VoucherApplication - Started VoucherApplication in 0.439 seconds (JVM running for 0.718)
17:25:39.858 [main] INFO  o.d.v.c.ConsoleVoucherController - Controller : List inquire processing
17:25:39.859 [main] INFO  o.d.v.v.service.VoucherServiceImpl - Service : Voucher Inquiry
17:25:55.669 [main] INFO  o.d.v.c.ConsoleVoucherController - Controller : Processing voucher generation
17:25:55.669 [main] INFO  o.d.v.v.service.VoucherServiceImpl - Service : Create Voucher
17:26:01.835 [main] INFO  o.d.v.c.ConsoleVoucherController - Controller : List inquire processing
17:26:01.835 [main] INFO  o.d.v.v.service.VoucherServiceImpl - Service : Voucher Inquiry
17:26:04.970 [main] INFO  o.devcourse.voucher.view.OutputView - exit
17:35:23.391 [main] INFO  o.s.b.t.c.SpringBootTestContextBootstrapper - Neither @ContextConfiguration nor @ContextHierarchy found for test class [org.devcourse.voucher.VoucherApplicationTests], using SpringBootContextLoader
17:35:23.394 [main] INFO  o.s.t.c.s.AbstractContextLoader - Could not detect default resource locations for test class [org.devcourse.voucher.VoucherApplicationTests]: no resource found for suffixes {-context.xml, Context.groovy}.
17:35:23.394 [main] INFO  o.s.t.c.s.AnnotationConfigContextLoaderUtils - Could not detect default configuration classes for test class [org.devcourse.voucher.VoucherApplicationTests]: VoucherApplicationTests does not declare any static, non-private, non-final, nested classes annotated with @Configuration.
17:35:23.437 [main] INFO  o.s.b.t.c.SpringBootTestContextBootstrapper - Found @SpringBootConfiguration org.devcourse.voucher.VoucherApplication for test class org.devcourse.voucher.VoucherApplicationTests
17:35:23.474 [main] INFO  o.s.b.t.c.SpringBootTestContextBootstrapper - Loaded default TestExecutionListener class names from location [META-INF/spring.factories]: [org.springframework.boot.test.mock.mockito.MockitoTestExecutionListener, org.springframework.boot.test.mock.mockito.ResetMocksTestExecutionListener, org.springframework.boot.test.autoconfigure.restdocs.RestDocsTestExecutionListener, org.springframework.boot.test.autoconfigure.web.client.MockRestServiceServerResetTestExecutionListener, org.springframework.boot.test.autoconfigure.web.servlet.MockMvcPrintOnlyOnFailureTestExecutionListener, org.springframework.boot.test.autoconfigure.web.servlet.WebDriverTestExecutionListener, org.springframework.boot.test.autoconfigure.webservices.client.MockWebServiceServerTestExecutionListener, org.springframework.test.context.web.ServletTestExecutionListener, org.springframework.test.context.support.DirtiesContextBeforeModesTestExecutionListener, org.springframework.test.context.event.ApplicationEventsTestExecutionListener, org.springframework.test.context.support.DependencyInjectionTestExecutionListener, org.springframework.test.context.support.DirtiesContextTestExecutionListener, org.springframework.test.context.transaction.TransactionalTestExecutionListener, org.springframework.test.context.jdbc.SqlScriptsTestExecutionListener, org.springframework.test.context.event.EventPublishingTestExecutionListener]
17:35:23.479 [main] INFO  o.s.b.t.c.SpringBootTestContextBootstrapper - Using TestExecutionListeners: [org.springframework.test.context.support.DirtiesContextBeforeModesTestExecutionListener@1a760689, org.springframework.test.context.event.ApplicationEventsTestExecutionListener@7241a47d, org.springframework.boot.test.mock.mockito.MockitoTestExecutionListener@70f59913, org.springframework.boot.test.autoconfigure.SpringBootDependencyInjectionTestExecutionListener@77258e59, org.springframework.test.context.support.DirtiesContextTestExecutionListener@5dcd8c7a, org.springframework.test.context.event.EventPublishingTestExecutionListener@2250b9f2, org.springframework.boot.test.mock.mockito.ResetMocksTestExecutionListener@7e3181aa, org.springframework.boot.test.autoconfigure.restdocs.RestDocsTestExecutionListener@253d9f73, org.springframework.boot.test.autoconfigure.web.client.MockRestServiceServerResetTestExecutionListener@142269f2, org.springframework.boot.test.autoconfigure.web.servlet.MockMvcPrintOnlyOnFailureTestExecutionListener@331acdad, org.springframework.boot.test.autoconfigure.web.servlet.WebDriverTestExecutionListener@41d426b5, org.springframework.boot.test.autoconfigure.webservices.client.MockWebServiceServerTestExecutionListener@8dbfffb]
17:35:23.643 [main] INFO  o.d.voucher.VoucherApplicationTests - Starting VoucherApplicationTests using Java 18 on gim-yongcheol-ui-MacBookAir.local with PID 10171 (started by yongckim in /Users/yongckim/devCourse/voucher)
17:35:23.644 [main] INFO  o.d.voucher.VoucherApplicationTests - The following 1 profile is active: "prod"
17:35:23.890 [main] INFO  o.d.voucher.VoucherApplicationTests - Started VoucherApplicationTests in 0.391 seconds (JVM running for 0.806)
17:36:28.967 [main] INFO  o.s.b.t.c.SpringBootTestContextBootstrapper - Neither @ContextConfiguration nor @ContextHierarchy found for test class [org.devcourse.voucher.VoucherApplicationTests], using SpringBootContextLoader
17:36:28.970 [main] INFO  o.s.t.c.s.AbstractContextLoader - Could not detect default resource locations for test class [org.devcourse.voucher.VoucherApplicationTests]: no resource found for suffixes {-context.xml, Context.groovy}.
17:36:28.970 [main] INFO  o.s.t.c.s.AnnotationConfigContextLoaderUtils - Could not detect default configuration classes for test class [org.devcourse.voucher.VoucherApplicationTests]: VoucherApplicationTests does not declare any static, non-private, non-final, nested classes annotated with @Configuration.
17:36:29.014 [main] INFO  o.s.b.t.c.SpringBootTestContextBootstrapper - Found @SpringBootConfiguration org.devcourse.voucher.VoucherApplication for test class org.devcourse.voucher.VoucherApplicationTests
17:36:29.050 [main] INFO  o.s.b.t.c.SpringBootTestContextBootstrapper - Loaded default TestExecutionListener class names from location [META-INF/spring.factories]: [org.springframework.boot.test.mock.mockito.MockitoTestExecutionListener, org.springframework.boot.test.mock.mockito.ResetMocksTestExecutionListener, org.springframework.boot.test.autoconfigure.restdocs.RestDocsTestExecutionListener, org.springframework.boot.test.autoconfigure.web.client.MockRestServiceServerResetTestExecutionListener, org.springframework.boot.test.autoconfigure.web.servlet.MockMvcPrintOnlyOnFailureTestExecutionListener, org.springframework.boot.test.autoconfigure.web.servlet.WebDriverTestExecutionListener, org.springframework.boot.test.autoconfigure.webservices.client.MockWebServiceServerTestExecutionListener, org.springframework.test.context.web.ServletTestExecutionListener, org.springframework.test.context.support.DirtiesContextBeforeModesTestExecutionListener, org.springframework.test.context.event.ApplicationEventsTestExecutionListener, org.springframework.test.context.support.DependencyInjectionTestExecutionListener, org.springframework.test.context.support.DirtiesContextTestExecutionListener, org.springframework.test.context.transaction.TransactionalTestExecutionListener, org.springframework.test.context.jdbc.SqlScriptsTestExecutionListener, org.springframework.test.context.event.EventPublishingTestExecutionListener]
17:36:29.056 [main] INFO  o.s.b.t.c.SpringBootTestContextBootstrapper - Using TestExecutionListeners: [org.springframework.test.context.support.DirtiesContextBeforeModesTestExecutionListener@1a760689, org.springframework.test.context.event.ApplicationEventsTestExecutionListener@7241a47d, org.springframework.boot.test.mock.mockito.MockitoTestExecutionListener@70f59913, org.springframework.boot.test.autoconfigure.SpringBootDependencyInjectionTestExecutionListener@77258e59, org.springframework.test.context.support.DirtiesContextTestExecutionListener@5dcd8c7a, org.springframework.test.context.event.EventPublishingTestExecutionListener@2250b9f2, org.springframework.boot.test.mock.mockito.ResetMocksTestExecutionListener@7e3181aa, org.springframework.boot.test.autoconfigure.restdocs.RestDocsTestExecutionListener@253d9f73, org.springframework.boot.test.autoconfigure.web.client.MockRestServiceServerResetTestExecutionListener@142269f2, org.springframework.boot.test.autoconfigure.web.servlet.MockMvcPrintOnlyOnFailureTestExecutionListener@331acdad, org.springframework.boot.test.autoconfigure.web.servlet.WebDriverTestExecutionListener@41d426b5, org.springframework.boot.test.autoconfigure.webservices.client.MockWebServiceServerTestExecutionListener@8dbfffb]
17:36:29.207 [main] INFO  o.d.voucher.VoucherApplicationTests - Starting VoucherApplicationTests using Java 18 on gim-yongcheol-ui-MacBookAir.local with PID 10615 (started by yongckim in /Users/yongckim/devCourse/voucher)
17:36:29.208 [main] INFO  o.d.voucher.VoucherApplicationTests - The following 1 profile is active: "prod"
17:36:29.446 [main] INFO  o.d.voucher.VoucherApplicationTests - Started VoucherApplicationTests in 0.371 seconds (JVM running for 0.786)
17:36:30.892 [main] INFO  o.d.voucher.VoucherApplication - Starting VoucherApplication v0.0.1-SNAPSHOT using Java 17.0.2 on gim-yongcheol-ui-MacBookAir.local with PID 10627 (/Users/yongckim/devCourse/voucher/target/voucher-0.0.1-SNAPSHOT.jar started by yongckim in /Users/yongckim/devCourse/voucher)
17:36:30.894 [main] INFO  o.d.voucher.VoucherApplication - The following 1 profile is active: "prod"
17:36:31.125 [main] INFO  o.d.voucher.VoucherApplication - Started VoucherApplication in 0.412 seconds (JVM running for 0.682)
17:36:36.811 [main] INFO  o.devcourse.voucher.view.OutputView - exit
17:36:47.414 [main] INFO  o.s.b.t.c.SpringBootTestContextBootstrapper - Neither @ContextConfiguration nor @ContextHierarchy found for test class [org.devcourse.voucher.VoucherApplicationTests], using SpringBootContextLoader
17:36:47.417 [main] INFO  o.s.t.c.s.AbstractContextLoader - Could not detect default resource locations for test class [org.devcourse.voucher.VoucherApplicationTests]: no resource found for suffixes {-context.xml, Context.groovy}.
17:36:47.417 [main] INFO  o.s.t.c.s.AnnotationConfigContextLoaderUtils - Could not detect default configuration classes for test class [org.devcourse.voucher.VoucherApplicationTests]: VoucherApplicationTests does not declare any static, non-private, non-final, nested classes annotated with @Configuration.
17:36:47.460 [main] INFO  o.s.b.t.c.SpringBootTestContextBootstrapper - Found @SpringBootConfiguration org.devcourse.voucher.VoucherApplication for test class org.devcourse.voucher.VoucherApplicationTests
17:36:47.494 [main] INFO  o.s.b.t.c.SpringBootTestContextBootstrapper - Loaded default TestExecutionListener class names from location [META-INF/spring.factories]: [org.springframework.boot.test.mock.mockito.MockitoTestExecutionListener, org.springframework.boot.test.mock.mockito.ResetMocksTestExecutionListener, org.springframework.boot.test.autoconfigure.restdocs.RestDocsTestExecutionListener, org.springframework.boot.test.autoconfigure.web.client.MockRestServiceServerResetTestExecutionListener, org.springframework.boot.test.autoconfigure.web.servlet.MockMvcPrintOnlyOnFailureTestExecutionListener, org.springframework.boot.test.autoconfigure.web.servlet.WebDriverTestExecutionListener, org.springframework.boot.test.autoconfigure.webservices.client.MockWebServiceServerTestExecutionListener, org.springframework.test.context.web.ServletTestExecutionListener, org.springframework.test.context.support.DirtiesContextBeforeModesTestExecutionListener, org.springframework.test.context.event.ApplicationEventsTestExecutionListener, org.springframework.test.context.support.DependencyInjectionTestExecutionListener, org.springframework.test.context.support.DirtiesContextTestExecutionListener, org.springframework.test.context.transaction.TransactionalTestExecutionListener, org.springframework.test.context.jdbc.SqlScriptsTestExecutionListener, org.springframework.test.context.event.EventPublishingTestExecutionListener]
17:36:47.499 [main] INFO  o.s.b.t.c.SpringBootTestContextBootstrapper - Using TestExecutionListeners: [org.springframework.test.context.support.DirtiesContextBeforeModesTestExecutionListener@1a760689, org.springframework.test.context.event.ApplicationEventsTestExecutionListener@7241a47d, org.springframework.boot.test.mock.mockito.MockitoTestExecutionListener@70f59913, org.springframework.boot.test.autoconfigure.SpringBootDependencyInjectionTestExecutionListener@77258e59, org.springframework.test.context.support.DirtiesContextTestExecutionListener@5dcd8c7a, org.springframework.test.context.event.EventPublishingTestExecutionListener@2250b9f2, org.springframework.boot.test.mock.mockito.ResetMocksTestExecutionListener@7e3181aa, org.springframework.boot.test.autoconfigure.restdocs.RestDocsTestExecutionListener@253d9f73, org.springframework.boot.test.autoconfigure.web.client.MockRestServiceServerResetTestExecutionListener@142269f2, org.springframework.boot.test.autoconfigure.web.servlet.MockMvcPrintOnlyOnFailureTestExecutionListener@331acdad, org.springframework.boot.test.autoconfigure.web.servlet.WebDriverTestExecutionListener@41d426b5, org.springframework.boot.test.autoconfigure.webservices.client.MockWebServiceServerTestExecutionListener@8dbfffb]
17:36:47.645 [main] INFO  o.d.voucher.VoucherApplicationTests - Starting VoucherApplicationTests using Java 18 on gim-yongcheol-ui-MacBookAir.local with PID 10747 (started by yongckim in /Users/yongckim/devCourse/voucher)
17:36:47.645 [main] INFO  o.d.voucher.VoucherApplicationTests - The following 1 profile is active: "prod"
17:36:47.901 [main] INFO  o.d.voucher.VoucherApplicationTests - Started VoucherApplicationTests in 0.381 seconds (JVM running for 0.792)
17:36:49.244 [main] INFO  o.d.voucher.VoucherApplication - Starting VoucherApplication v0.0.1-SNAPSHOT using Java 17.0.2 on gim-yongcheol-ui-MacBookAir.local with PID 10758 (/Users/yongckim/devCourse/voucher/target/voucher-0.0.1-SNAPSHOT.jar started by yongckim in /Users/yongckim/devCourse/voucher)
17:36:49.245 [main] INFO  o.d.voucher.VoucherApplication - The following 1 profile is active: "dev"
17:36:49.466 [main] INFO  o.d.voucher.VoucherApplication - Started VoucherApplication in 0.394 seconds (JVM running for 0.602)
17:36:53.980 [main] INFO  o.d.v.c.ConsoleVoucherController - Controller : List inquire processing
17:36:53.981 [main] INFO  o.d.v.v.service.VoucherServiceImpl - Service : Voucher Inquiry
17:36:59.831 [main] INFO  o.d.v.c.ConsoleVoucherController - Controller : Processing voucher generation
17:36:59.831 [main] INFO  o.d.v.v.service.VoucherServiceImpl - Service : Create Voucher
17:37:04.351 [main] INFO  o.devcourse.voucher.view.OutputView - exit
17:38:22.465 [main] INFO  o.s.b.t.c.SpringBootTestContextBootstrapper - Neither @ContextConfiguration nor @ContextHierarchy found for test class [org.devcourse.voucher.VoucherApplicationTests], using SpringBootContextLoader
17:38:22.469 [main] INFO  o.s.t.c.s.AbstractContextLoader - Could not detect default resource locations for test class [org.devcourse.voucher.VoucherApplicationTests]: no resource found for suffixes {-context.xml, Context.groovy}.
17:38:22.469 [main] INFO  o.s.t.c.s.AnnotationConfigContextLoaderUtils - Could not detect default configuration classes for test class [org.devcourse.voucher.VoucherApplicationTests]: VoucherApplicationTests does not declare any static, non-private, non-final, nested classes annotated with @Configuration.
17:38:22.520 [main] INFO  o.s.b.t.c.SpringBootTestContextBootstrapper - Found @SpringBootConfiguration org.devcourse.voucher.VoucherApplication for test class org.devcourse.voucher.VoucherApplicationTests
17:38:22.559 [main] INFO  o.s.b.t.c.SpringBootTestContextBootstrapper - Loaded default TestExecutionListener class names from location [META-INF/spring.factories]: [org.springframework.boot.test.mock.mockito.MockitoTestExecutionListener, org.springframework.boot.test.mock.mockito.ResetMocksTestExecutionListener, org.springframework.boot.test.autoconfigure.restdocs.RestDocsTestExecutionListener, org.springframework.boot.test.autoconfigure.web.client.MockRestServiceServerResetTestExecutionListener, org.springframework.boot.test.autoconfigure.web.servlet.MockMvcPrintOnlyOnFailureTestExecutionListener, org.springframework.boot.test.autoconfigure.web.servlet.WebDriverTestExecutionListener, org.springframework.boot.test.autoconfigure.webservices.client.MockWebServiceServerTestExecutionListener, org.springframework.test.context.web.ServletTestExecutionListener, org.springframework.test.context.support.DirtiesContextBeforeModesTestExecutionListener, org.springframework.test.context.event.ApplicationEventsTestExecutionListener, org.springframework.test.context.support.DependencyInjectionTestExecutionListener, org.springframework.test.context.support.DirtiesContextTestExecutionListener, org.springframework.test.context.transaction.TransactionalTestExecutionListener, org.springframework.test.context.jdbc.SqlScriptsTestExecutionListener, org.springframework.test.context.event.EventPublishingTestExecutionListener]
17:38:22.564 [main] INFO  o.s.b.t.c.SpringBootTestContextBootstrapper - Using TestExecutionListeners: [org.springframework.test.context.support.DirtiesContextBeforeModesTestExecutionListener@5adb0db3, org.springframework.test.context.event.ApplicationEventsTestExecutionListener@3f270e0a, org.springframework.boot.test.mock.mockito.MockitoTestExecutionListener@1a760689, org.springframework.boot.test.autoconfigure.SpringBootDependencyInjectionTestExecutionListener@7241a47d, org.springframework.test.context.support.DirtiesContextTestExecutionListener@70f59913, org.springframework.test.context.event.EventPublishingTestExecutionListener@77258e59, org.springframework.boot.test.mock.mockito.ResetMocksTestExecutionListener@5dcd8c7a, org.springframework.boot.test.autoconfigure.restdocs.RestDocsTestExecutionListener@2250b9f2, org.springframework.boot.test.autoconfigure.web.client.MockRestServiceServerResetTestExecutionListener@7e3181aa, org.springframework.boot.test.autoconfigure.web.servlet.MockMvcPrintOnlyOnFailureTestExecutionListener@253d9f73, org.springframework.boot.test.autoconfigure.web.servlet.WebDriverTestExecutionListener@142269f2, org.springframework.boot.test.autoconfigure.webservices.client.MockWebServiceServerTestExecutionListener@331acdad]
17:38:22.709 [main] INFO  o.d.voucher.VoucherApplicationTests - Starting VoucherApplicationTests using Java 18 on gim-yongcheol-ui-MacBookAir.local with PID 10927 (started by yongckim in /Users/yongckim/devCourse/voucher)
17:38:22.709 [main] INFO  o.d.voucher.VoucherApplicationTests - The following 1 profile is active: "prod"
17:38:22.957 [main] INFO  o.d.voucher.VoucherApplicationTests - Started VoucherApplicationTests in 0.374 seconds (JVM running for 0.805)
17:38:24.348 [main] INFO  o.d.voucher.VoucherApplication - Starting VoucherApplication v0.0.1-SNAPSHOT using Java 17.0.2 on gim-yongcheol-ui-MacBookAir.local with PID 10938 (/Users/yongckim/devCourse/voucher/target/voucher-0.0.1-SNAPSHOT.jar started by yongckim in /Users/yongckim/devCourse/voucher)
17:38:24.349 [main] INFO  o.d.voucher.VoucherApplication - The following 1 profile is active: "prod"
17:38:24.569 [main] INFO  o.d.voucher.VoucherApplication - Started VoucherApplication in 0.391 seconds (JVM running for 0.598)
17:38:27.882 [main] INFO  o.d.v.c.ConsoleVoucherController - Controller : List inquire processing
17:38:27.883 [main] INFO  o.d.v.v.service.VoucherServiceImpl - Service : Voucher Inquiry
17:38:27.883 [main] INFO  o.d.v.v.r.CsvVoucherRepository - Repository : Record a voucher read
17:38:29.279 [main] INFO  o.devcourse.voucher.view.OutputView - exit
