00:09:45.774 [main] INFO  org.prgrms.kdt.KdtApplication -- Application Start!
00:09:47.164 [main] INFO  org.prgrms.kdt.KdtApplication -- Starting KdtApplication using Java 17.0.4.1 with PID 4265 (/Users/bona/devcourse/kdt-spring-order/target/classes started by bona in /Users/bona/devcourse/kdt-spring-order)
00:09:47.165 [main] DEBUG org.prgrms.kdt.KdtApplication -- Running with Spring Boot v3.1.0, Spring v6.0.9
00:09:47.167 [main] INFO  org.prgrms.kdt.KdtApplication -- The following 1 profile is active: "dev"
00:09:52.295 [main] INFO  org.prgrms.kdt.KdtApplication -- Started KdtApplication in 5.993 seconds (process running for 7.88)
00:14:02.849 [main] INFO  org.prgrms.kdt.KdtApplication -- Application Start!
00:14:04.871 [main] INFO  org.prgrms.kdt.KdtApplication -- Starting KdtApplication using Java 17.0.4.1 with PID 4386 (/Users/bona/devcourse/kdt-spring-order/target/classes started by bona in /Users/bona/devcourse/kdt-spring-order)
00:14:04.871 [main] DEBUG org.prgrms.kdt.KdtApplication -- Running with Spring Boot v3.1.0, Spring v6.0.9
00:14:04.872 [main] INFO  org.prgrms.kdt.KdtApplication -- The following 1 profile is active: "dev"
00:14:09.985 [main] INFO  org.prgrms.kdt.KdtApplication -- Started KdtApplication in 6.816 seconds (process running for 9.944)
00:14:46.302 [main] INFO  org.prgrms.kdt.KdtApplication -- Application Start!
00:14:47.257 [main] INFO  org.prgrms.kdt.KdtApplication -- Starting KdtApplication using Java 17.0.4.1 with PID 4406 (/Users/bona/devcourse/kdt-spring-order/target/classes started by bona in /Users/bona/devcourse/kdt-spring-order)
00:14:47.258 [main] DEBUG org.prgrms.kdt.KdtApplication -- Running with Spring Boot v3.1.0, Spring v6.0.9
00:14:47.260 [main] INFO  org.prgrms.kdt.KdtApplication -- The following 1 profile is active: "dev"
00:14:49.934 [main] INFO  org.prgrms.kdt.KdtApplication -- Started KdtApplication in 3.461 seconds (process running for 5.728)
00:26:12.503 [main] INFO  org.prgrms.kdt.KdtApplication -- Application Start!
00:26:13.602 [main] INFO  org.prgrms.kdt.KdtApplication -- Starting KdtApplication using Java 17.0.4.1 with PID 4665 (/Users/bona/devcourse/kdt-spring-order/target/classes started by bona in /Users/bona/devcourse/kdt-spring-order)
00:26:13.603 [main] DEBUG org.prgrms.kdt.KdtApplication -- Running with Spring Boot v3.1.0, Spring v6.0.9
00:26:13.605 [main] INFO  org.prgrms.kdt.KdtApplication -- The following 1 profile is active: "dev"
00:26:16.669 [main] INFO  org.prgrms.kdt.KdtApplication -- Started KdtApplication in 4.039 seconds (process running for 5.893)
00:27:36.067 [main] INFO  org.prgrms.kdt.KdtApplication -- Application Start!
00:27:36.934 [main] INFO  org.prgrms.kdt.KdtApplication -- Starting KdtApplication using Java 17.0.4.1 with PID 4710 (/Users/bona/devcourse/kdt-spring-order/target/classes started by bona in /Users/bona/devcourse/kdt-spring-order)
00:27:36.938 [main] DEBUG org.prgrms.kdt.KdtApplication -- Running with Spring Boot v3.1.0, Spring v6.0.9
00:27:36.939 [main] INFO  org.prgrms.kdt.KdtApplication -- The following 1 profile is active: "dev"
00:27:39.566 [main] INFO  org.prgrms.kdt.KdtApplication -- Started KdtApplication in 3.361 seconds (process running for 5.53)
00:32:49.368 [main] INFO  org.prgrms.kdt.KdtApplication -- Application Start!
00:32:50.887 [main] INFO  org.prgrms.kdt.KdtApplication -- Starting KdtApplication using Java 17.0.4.1 with PID 4832 (/Users/bona/devcourse/kdt-spring-order/target/classes started by bona in /Users/bona/devcourse/kdt-spring-order)
00:32:50.889 [main] DEBUG org.prgrms.kdt.KdtApplication -- Running with Spring Boot v3.1.0, Spring v6.0.9
00:32:50.891 [main] INFO  org.prgrms.kdt.KdtApplication -- The following 1 profile is active: "dev"
00:32:53.552 [main] INFO  org.prgrms.kdt.KdtApplication -- Started KdtApplication in 4.006 seconds (process running for 6.413)
00:34:10.256 [main] INFO  org.prgrms.kdt.KdtApplication -- Application Start!
00:34:11.314 [main] INFO  org.prgrms.kdt.KdtApplication -- Starting KdtApplication using Java 17.0.4.1 with PID 4863 (/Users/bona/devcourse/kdt-spring-order/target/classes started by bona in /Users/bona/devcourse/kdt-spring-order)
00:34:11.315 [main] DEBUG org.prgrms.kdt.KdtApplication -- Running with Spring Boot v3.1.0, Spring v6.0.9
00:34:11.316 [main] INFO  org.prgrms.kdt.KdtApplication -- The following 1 profile is active: "dev"
00:34:16.634 [main] INFO  org.prgrms.kdt.KdtApplication -- Started KdtApplication in 5.989 seconds (process running for 8.08)
00:42:00.887 [main] INFO  org.prgrms.kdt.KdtApplication -- Application Start!
00:42:02.530 [main] INFO  org.prgrms.kdt.KdtApplication -- Starting KdtApplication using Java 17.0.4.1 with PID 5062 (/Users/bona/devcourse/kdt-spring-order/target/classes started by bona in /Users/bona/devcourse/kdt-spring-order)
00:42:02.533 [main] DEBUG org.prgrms.kdt.KdtApplication -- Running with Spring Boot v3.1.0, Spring v6.0.9
00:42:02.536 [main] INFO  org.prgrms.kdt.KdtApplication -- The following 1 profile is active: "dev"
00:42:05.941 [main] INFO  org.prgrms.kdt.KdtApplication -- Started KdtApplication in 4.636 seconds (process running for 7.961)
00:52:34.754 [main] INFO  org.prgrms.kdt.KdtApplication -- Application Start!
00:52:35.934 [main] INFO  org.prgrms.kdt.KdtApplication -- Starting KdtApplication using Java 17.0.4.1 with PID 5344 (/Users/bona/devcourse/kdt-spring-order/target/classes started by bona in /Users/bona/devcourse/kdt-spring-order)
00:52:35.935 [main] DEBUG org.prgrms.kdt.KdtApplication -- Running with Spring Boot v3.1.0, Spring v6.0.9
00:52:35.936 [main] INFO  org.prgrms.kdt.KdtApplication -- The following 1 profile is active: "dev"
00:52:38.730 [main] INFO  org.prgrms.kdt.KdtApplication -- Started KdtApplication in 3.77 seconds (process running for 5.753)
00:54:39.574 [main] INFO  org.prgrms.kdt.KdtApplication -- Application Start!
00:54:40.744 [main] INFO  org.prgrms.kdt.KdtApplication -- Starting KdtApplication using Java 17.0.4.1 with PID 5394 (/Users/bona/devcourse/kdt-spring-order/target/classes started by bona in /Users/bona/devcourse/kdt-spring-order)
00:54:40.750 [main] DEBUG org.prgrms.kdt.KdtApplication -- Running with Spring Boot v3.1.0, Spring v6.0.9
00:54:40.752 [main] INFO  org.prgrms.kdt.KdtApplication -- The following 1 profile is active: "dev"
00:54:43.873 [main] INFO  org.prgrms.kdt.KdtApplication -- Started KdtApplication in 4.105 seconds (process running for 5.66)
00:57:39.128 [main] INFO  org.prgrms.kdt.KdtApplication -- Application Start!
00:57:40.067 [main] INFO  org.prgrms.kdt.KdtApplication -- Starting KdtApplication using Java 17.0.4.1 with PID 5471 (/Users/bona/devcourse/kdt-spring-order/target/classes started by bona in /Users/bona/devcourse/kdt-spring-order)
00:57:40.068 [main] DEBUG org.prgrms.kdt.KdtApplication -- Running with Spring Boot v3.1.0, Spring v6.0.9
00:57:40.069 [main] INFO  org.prgrms.kdt.KdtApplication -- The following 1 profile is active: "dev"
00:57:44.398 [main] INFO  org.prgrms.kdt.KdtApplication -- Started KdtApplication in 5.129 seconds (process running for 6.94)
00:58:39.898 [main] INFO  org.prgrms.kdt.KdtApplication -- Application Start!
00:58:40.901 [main] INFO  org.prgrms.kdt.KdtApplication -- Starting KdtApplication using Java 17.0.4.1 with PID 5497 (/Users/bona/devcourse/kdt-spring-order/target/classes started by bona in /Users/bona/devcourse/kdt-spring-order)
00:58:40.902 [main] DEBUG org.prgrms.kdt.KdtApplication -- Running with Spring Boot v3.1.0, Spring v6.0.9
00:58:40.908 [main] INFO  org.prgrms.kdt.KdtApplication -- The following 1 profile is active: "dev"
00:58:43.513 [main] INFO  org.prgrms.kdt.KdtApplication -- Started KdtApplication in 3.486 seconds (process running for 5.815)
01:05:50.184 [main] INFO  org.prgrms.kdt.KdtApplication -- Application Start!
01:05:51.137 [main] INFO  org.prgrms.kdt.KdtApplication -- Starting KdtApplication using Java 17.0.4.1 with PID 5669 (/Users/bona/devcourse/kdt-spring-order/target/classes started by bona in /Users/bona/devcourse/kdt-spring-order)
01:05:51.138 [main] DEBUG org.prgrms.kdt.KdtApplication -- Running with Spring Boot v3.1.0, Spring v6.0.9
01:05:51.140 [main] INFO  org.prgrms.kdt.KdtApplication -- The following 1 profile is active: "dev"
01:05:55.903 [main] INFO  org.prgrms.kdt.KdtApplication -- Started KdtApplication in 5.553 seconds (process running for 7.331)
01:11:27.570 [main] INFO  org.prgrms.kdt.KdtApplication -- Application Start!
01:11:30.961 [main] INFO  org.prgrms.kdt.KdtApplication -- Starting KdtApplication using Java 17.0.4.1 with PID 5801 (/Users/bona/devcourse/kdt-spring-order/target/classes started by bona in /Users/bona/devcourse/kdt-spring-order)
01:11:30.963 [main] DEBUG org.prgrms.kdt.KdtApplication -- Running with Spring Boot v3.1.0, Spring v6.0.9
01:11:30.966 [main] INFO  org.prgrms.kdt.KdtApplication -- The following 1 profile is active: "dev"
01:11:34.395 [main] INFO  org.prgrms.kdt.KdtApplication -- Started KdtApplication in 6.226 seconds (process running for 11.245)
01:21:47.934 [main] INFO  org.prgrms.kdt.KdtApplication -- Application Start!
01:21:51.287 [main] INFO  org.prgrms.kdt.KdtApplication -- Starting KdtApplication using Java 17.0.4.1 with PID 6085 (/Users/bona/devcourse/kdt-spring-order/target/classes started by bona in /Users/bona/devcourse/kdt-spring-order)
01:21:51.288 [main] DEBUG org.prgrms.kdt.KdtApplication -- Running with Spring Boot v3.1.0, Spring v6.0.9
01:21:51.289 [main] INFO  org.prgrms.kdt.KdtApplication -- The following 1 profile is active: "dev"
01:21:55.775 [main] INFO  org.prgrms.kdt.KdtApplication -- Started KdtApplication in 7.004 seconds (process running for 10.796)
01:24:13.466 [main] INFO  org.prgrms.kdt.KdtApplication -- Application Start!
01:24:14.908 [main] INFO  org.prgrms.kdt.KdtApplication -- Starting KdtApplication using Java 17.0.4.1 with PID 6159 (/Users/bona/devcourse/kdt-spring-order/target/classes started by bona in /Users/bona/devcourse/kdt-spring-order)
01:24:14.910 [main] DEBUG org.prgrms.kdt.KdtApplication -- Running with Spring Boot v3.1.0, Spring v6.0.9
01:24:14.911 [main] INFO  org.prgrms.kdt.KdtApplication -- The following 1 profile is active: "dev"
01:24:18.474 [main] INFO  org.prgrms.kdt.KdtApplication -- Started KdtApplication in 4.878 seconds (process running for 6.517)
01:27:33.343 [main] INFO  org.prgrms.kdt.KdtApplication -- Application Start!
01:27:34.237 [main] INFO  org.prgrms.kdt.KdtApplication -- Starting KdtApplication using Java 17.0.4.1 with PID 6237 (/Users/bona/devcourse/kdt-spring-order/target/classes started by bona in /Users/bona/devcourse/kdt-spring-order)
01:27:34.238 [main] DEBUG org.prgrms.kdt.KdtApplication -- Running with Spring Boot v3.1.0, Spring v6.0.9
01:27:34.239 [main] INFO  org.prgrms.kdt.KdtApplication -- The following 1 profile is active: "dev"
01:27:36.875 [main] INFO  org.prgrms.kdt.KdtApplication -- Started KdtApplication in 3.399 seconds (process running for 4.953)
01:28:14.592 [main] INFO  org.prgrms.kdt.KdtApplication -- Application Start!
01:28:16.818 [main] INFO  org.prgrms.kdt.KdtApplication -- Starting KdtApplication using Java 17.0.4.1 with PID 6256 (/Users/bona/devcourse/kdt-spring-order/target/classes started by bona in /Users/bona/devcourse/kdt-spring-order)
01:28:16.835 [main] DEBUG org.prgrms.kdt.KdtApplication -- Running with Spring Boot v3.1.0, Spring v6.0.9
01:28:16.844 [main] INFO  org.prgrms.kdt.KdtApplication -- The following 1 profile is active: "dev"
01:28:20.742 [main] INFO  org.prgrms.kdt.KdtApplication -- Started KdtApplication in 5.584 seconds (process running for 8.362)
14:05:16.107 [main] INFO  org.prgrms.kdt.KdtApplication -- Application Start!
14:05:20.121 [main] INFO  org.prgrms.kdt.KdtApplication -- Starting KdtApplication using Java 17.0.4.1 with PID 934 (/Users/bona/devcourse/kdt-spring-order/target/classes started by bona in /Users/bona/devcourse/kdt-spring-order)
14:05:20.127 [main] DEBUG org.prgrms.kdt.KdtApplication -- Running with Spring Boot v3.1.0, Spring v6.0.9
14:05:20.133 [main] INFO  org.prgrms.kdt.KdtApplication -- The following 1 profile is active: "dev"
14:05:31.862 [main] INFO  org.prgrms.kdt.KdtApplication -- Started KdtApplication in 14.817 seconds (process running for 20.965)
14:17:44.962 [main] INFO  org.prgrms.kdt.KdtApplication -- Application Start!
14:17:46.286 [main] INFO  org.prgrms.kdt.KdtApplication -- Starting KdtApplication using Java 17.0.4.1 with PID 1318 (/Users/bona/devcourse/kdt-spring-order/target/classes started by bona in /Users/bona/devcourse/kdt-spring-order)
14:17:46.287 [main] DEBUG org.prgrms.kdt.KdtApplication -- Running with Spring Boot v3.1.0, Spring v6.0.9
14:17:46.289 [main] INFO  org.prgrms.kdt.KdtApplication -- The following 1 profile is active: "dev"
14:17:49.691 [main] INFO  org.prgrms.kdt.KdtApplication -- Started KdtApplication in 4.43 seconds (process running for 7.539)
15:15:14.080 [main] INFO  org.prgrms.kdt.KdtApplication -- Application Start!
15:15:18.127 [main] INFO  org.prgrms.kdt.KdtApplication -- Starting KdtApplication using Java 17.0.4.1 with PID 2506 (/Users/bona/devcourse/kdt-spring-order/target/classes started by bona in /Users/bona/devcourse/kdt-spring-order)
15:15:18.128 [main] DEBUG org.prgrms.kdt.KdtApplication -- Running with Spring Boot v3.1.0, Spring v6.0.9
15:15:18.129 [main] INFO  org.prgrms.kdt.KdtApplication -- The following 1 profile is active: "dev"
15:15:30.860 [main] INFO  org.prgrms.kdt.KdtApplication -- Started KdtApplication in 16.035 seconds (process running for 21.713)
15:17:47.272 [main] INFO  org.prgrms.kdt.KdtApplication -- Application Start!
15:17:51.735 [main] INFO  org.prgrms.kdt.KdtApplication -- Starting KdtApplication using Java 17.0.4.1 with PID 2697 (/Users/bona/devcourse/kdt-spring-order/target/classes started by bona in /Users/bona/devcourse/kdt-spring-order)
15:17:51.738 [main] DEBUG org.prgrms.kdt.KdtApplication -- Running with Spring Boot v3.1.0, Spring v6.0.9
15:17:51.745 [main] INFO  org.prgrms.kdt.KdtApplication -- The following 1 profile is active: "dev"
15:18:02.658 [main] INFO  org.prgrms.kdt.KdtApplication -- Started KdtApplication in 14.355 seconds (process running for 21.143)
15:23:49.178 [main] INFO  org.prgrms.kdt.KdtApplication -- Application Start!
15:23:53.218 [main] INFO  org.prgrms.kdt.KdtApplication -- Starting KdtApplication using Java 17.0.4.1 with PID 2828 (/Users/bona/devcourse/kdt-spring-order/target/classes started by bona in /Users/bona/devcourse/kdt-spring-order)
15:23:53.219 [main] DEBUG org.prgrms.kdt.KdtApplication -- Running with Spring Boot v3.1.0, Spring v6.0.9
15:23:53.224 [main] INFO  org.prgrms.kdt.KdtApplication -- The following 1 profile is active: "dev"
15:24:06.965 [main] INFO  org.prgrms.kdt.KdtApplication -- Started KdtApplication in 17.052 seconds (process running for 22.763)
15:31:53.825 [main] INFO  org.prgrms.kdt.KdtApplication -- Application Start!
15:31:59.035 [main] INFO  org.prgrms.kdt.KdtApplication -- Starting KdtApplication using Java 17.0.4.1 with PID 2981 (/Users/bona/devcourse/kdt-spring-order/target/classes started by bona in /Users/bona/devcourse/kdt-spring-order)
15:31:59.049 [main] DEBUG org.prgrms.kdt.KdtApplication -- Running with Spring Boot v3.1.0, Spring v6.0.9
15:31:59.052 [main] INFO  org.prgrms.kdt.KdtApplication -- The following 1 profile is active: "dev"
15:32:14.135 [main] INFO  org.prgrms.kdt.KdtApplication -- Started KdtApplication in 19.322 seconds (process running for 26.571)
15:36:25.937 [main] INFO  org.prgrms.kdt.KdtApplication -- Application Start!
15:36:30.781 [main] INFO  org.prgrms.kdt.KdtApplication -- Starting KdtApplication using Java 17.0.4.1 with PID 3073 (/Users/bona/devcourse/kdt-spring-order/target/classes started by bona in /Users/bona/devcourse/kdt-spring-order)
15:36:30.782 [main] DEBUG org.prgrms.kdt.KdtApplication -- Running with Spring Boot v3.1.0, Spring v6.0.9
15:36:30.784 [main] INFO  org.prgrms.kdt.KdtApplication -- The following 1 profile is active: "dev"
15:36:40.884 [main] INFO  org.prgrms.kdt.KdtApplication -- Started KdtApplication in 13.918 seconds (process running for 21.28)
15:52:19.878 [main] INFO  org.prgrms.kdt.KdtApplication -- Application Start!
15:52:24.033 [main] INFO  org.prgrms.kdt.KdtApplication -- Starting KdtApplication using Java 17.0.4.1 with PID 3386 (/Users/bona/devcourse/kdt-spring-order/target/classes started by bona in /Users/bona/devcourse/kdt-spring-order)
15:52:24.034 [main] DEBUG org.prgrms.kdt.KdtApplication -- Running with Spring Boot v3.1.0, Spring v6.0.9
15:52:24.037 [main] INFO  org.prgrms.kdt.KdtApplication -- The following 1 profile is active: "dev"
15:52:40.503 [main] INFO  org.prgrms.kdt.KdtApplication -- Started KdtApplication in 19.832 seconds (process running for 25.974)
15:53:43.843 [main] INFO  org.prgrms.kdt.KdtApplication -- Application Start!
15:54:08.430 [main] INFO  org.prgrms.kdt.KdtApplication -- Application Start!
15:54:12.609 [main] INFO  org.prgrms.kdt.KdtApplication -- Starting KdtApplication using Java 17.0.4.1 with PID 3439 (/Users/bona/devcourse/kdt-spring-order/target/classes started by bona in /Users/bona/devcourse/kdt-spring-order)
15:54:12.615 [main] DEBUG org.prgrms.kdt.KdtApplication -- Running with Spring Boot v3.1.0, Spring v6.0.9
15:54:12.618 [main] INFO  org.prgrms.kdt.KdtApplication -- The following 1 profile is active: "dev"
15:54:26.082 [main] INFO  org.prgrms.kdt.KdtApplication -- Started KdtApplication in 16.759 seconds (process running for 23.895)
15:58:04.681 [main] INFO  org.prgrms.kdt.KdtApplication -- Application Start!
15:58:08.652 [main] INFO  org.prgrms.kdt.KdtApplication -- Starting KdtApplication using Java 17.0.4.1 with PID 3534 (/Users/bona/devcourse/kdt-spring-order/target/classes started by bona in /Users/bona/devcourse/kdt-spring-order)
15:58:08.657 [main] DEBUG org.prgrms.kdt.KdtApplication -- Running with Spring Boot v3.1.0, Spring v6.0.9
15:58:08.660 [main] INFO  org.prgrms.kdt.KdtApplication -- The following 1 profile is active: "dev"
15:58:21.719 [main] INFO  org.prgrms.kdt.KdtApplication -- Started KdtApplication in 15.921 seconds (process running for 22.978)
16:01:17.866 [main] INFO  org.prgrms.kdt.KdtApplication -- Application Start!
16:01:21.552 [main] INFO  org.prgrms.kdt.KdtApplication -- Starting KdtApplication using Java 17.0.4.1 with PID 3610 (/Users/bona/devcourse/kdt-spring-order/target/classes started by bona in /Users/bona/devcourse/kdt-spring-order)
16:01:21.555 [main] DEBUG org.prgrms.kdt.KdtApplication -- Running with Spring Boot v3.1.0, Spring v6.0.9
16:01:21.558 [main] INFO  org.prgrms.kdt.KdtApplication -- The following 1 profile is active: "dev"
16:01:30.604 [main] INFO  org.prgrms.kdt.KdtApplication -- Started KdtApplication in 11.928 seconds (process running for 17.903)
16:01:50.056 [http-nio-8080-exec-3] ERROR o.p.k.r.v.JdbcVoucherRepository -- 결과값이 없습니다!
16:01:56.179 [http-nio-8080-exec-4] ERROR o.p.k.r.v.JdbcVoucherRepository -- 결과값이 없습니다!
16:02:01.734 [http-nio-8080-exec-5] ERROR o.p.k.r.v.JdbcVoucherRepository -- 결과값이 없습니다!
16:13:28.736 [main] INFO  org.prgrms.kdt.KdtApplication -- Application Start!
16:13:32.840 [main] INFO  org.prgrms.kdt.KdtApplication -- Starting KdtApplication using Java 17.0.4.1 with PID 3844 (/Users/bona/devcourse/kdt-spring-order/target/classes started by bona in /Users/bona/devcourse/kdt-spring-order)
16:13:32.841 [main] DEBUG org.prgrms.kdt.KdtApplication -- Running with Spring Boot v3.1.0, Spring v6.0.9
16:13:32.843 [main] INFO  org.prgrms.kdt.KdtApplication -- The following 1 profile is active: "dev"
16:13:44.030 [main] INFO  org.prgrms.kdt.KdtApplication -- Started KdtApplication in 14.668 seconds (process running for 20.709)
16:14:30.976 [main] INFO  org.prgrms.kdt.KdtApplication -- Application Start!
16:14:34.903 [main] INFO  org.prgrms.kdt.KdtApplication -- Starting KdtApplication using Java 17.0.4.1 with PID 3868 (/Users/bona/devcourse/kdt-spring-order/target/classes started by bona in /Users/bona/devcourse/kdt-spring-order)
16:14:34.904 [main] DEBUG org.prgrms.kdt.KdtApplication -- Running with Spring Boot v3.1.0, Spring v6.0.9
16:14:34.907 [main] INFO  org.prgrms.kdt.KdtApplication -- The following 1 profile is active: "dev"
16:14:47.737 [main] INFO  org.prgrms.kdt.KdtApplication -- Started KdtApplication in 16.004 seconds (process running for 22.17)
16:17:41.216 [main] INFO  org.prgrms.kdt.KdtApplication -- Application Start!
16:17:45.150 [main] INFO  org.prgrms.kdt.KdtApplication -- Starting KdtApplication using Java 17.0.4.1 with PID 3932 (/Users/bona/devcourse/kdt-spring-order/target/classes started by bona in /Users/bona/devcourse/kdt-spring-order)
16:17:45.151 [main] DEBUG org.prgrms.kdt.KdtApplication -- Running with Spring Boot v3.1.0, Spring v6.0.9
16:17:45.153 [main] INFO  org.prgrms.kdt.KdtApplication -- The following 1 profile is active: "dev"
16:17:58.330 [main] INFO  org.prgrms.kdt.KdtApplication -- Started KdtApplication in 16.291 seconds (process running for 22.457)
16:18:17.430 [http-nio-8080-exec-3] ERROR o.p.k.r.v.JdbcVoucherRepository -- 결과값이 없습니다!
16:55:05.405 [main] INFO  org.prgrms.kdt.KdtApplication -- Application Start!
16:55:11.186 [main] INFO  org.prgrms.kdt.KdtApplication -- Starting KdtApplication using Java 17.0.4.1 with PID 4685 (/Users/bona/devcourse/kdt-spring-order/target/classes started by bona in /Users/bona/devcourse/kdt-spring-order)
16:55:11.194 [main] DEBUG org.prgrms.kdt.KdtApplication -- Running with Spring Boot v3.1.0, Spring v6.0.9
16:55:11.196 [main] INFO  org.prgrms.kdt.KdtApplication -- The following 1 profile is active: "dev"
16:55:25.735 [main] INFO  org.prgrms.kdt.KdtApplication -- Started KdtApplication in 19.16 seconds (process running for 27.31)
17:09:59.483 [main] INFO  org.prgrms.kdt.KdtApplication -- Application Start!
17:10:03.011 [main] INFO  org.prgrms.kdt.KdtApplication -- Starting KdtApplication using Java 17.0.4.1 with PID 4979 (/Users/bona/devcourse/kdt-spring-order/target/classes started by bona in /Users/bona/devcourse/kdt-spring-order)
17:10:03.012 [main] DEBUG org.prgrms.kdt.KdtApplication -- Running with Spring Boot v3.1.0, Spring v6.0.9
17:10:03.019 [main] INFO  org.prgrms.kdt.KdtApplication -- The following 1 profile is active: "dev"
17:10:14.901 [main] INFO  org.prgrms.kdt.KdtApplication -- Started KdtApplication in 14.641 seconds (process running for 20.311)
17:14:48.355 [main] INFO  org.prgrms.kdt.KdtApplication -- Application Start!
17:14:51.689 [main] INFO  org.prgrms.kdt.KdtApplication -- Starting KdtApplication using Java 17.0.4.1 with PID 5089 (/Users/bona/devcourse/kdt-spring-order/target/classes started by bona in /Users/bona/devcourse/kdt-spring-order)
17:14:51.690 [main] DEBUG org.prgrms.kdt.KdtApplication -- Running with Spring Boot v3.1.0, Spring v6.0.9
17:14:51.692 [main] INFO  org.prgrms.kdt.KdtApplication -- The following 1 profile is active: "dev"
17:15:01.132 [main] INFO  org.prgrms.kdt.KdtApplication -- Started KdtApplication in 12.085 seconds (process running for 17.77)
17:17:17.096 [main] INFO  org.prgrms.kdt.KdtApplication -- Application Start!
17:17:22.681 [main] INFO  org.prgrms.kdt.KdtApplication -- Starting KdtApplication using Java 17.0.4.1 with PID 5144 (/Users/bona/devcourse/kdt-spring-order/target/classes started by bona in /Users/bona/devcourse/kdt-spring-order)
17:17:22.682 [main] DEBUG org.prgrms.kdt.KdtApplication -- Running with Spring Boot v3.1.0, Spring v6.0.9
17:17:22.684 [main] INFO  org.prgrms.kdt.KdtApplication -- The following 1 profile is active: "dev"
17:17:39.999 [main] INFO  org.prgrms.kdt.KdtApplication -- Started KdtApplication in 21.858 seconds (process running for 29.12)
17:18:30.185 [http-nio-8080-exec-6] ERROR o.p.k.r.v.JdbcVoucherRepository -- 결과값이 없습니다!
17:18:47.351 [http-nio-8080-exec-8] ERROR o.p.k.r.v.JdbcVoucherRepository -- 결과값이 없습니다!
17:27:13.133 [main] INFO  org.prgrms.kdt.KdtApplication -- Application Start!
17:27:17.314 [main] INFO  org.prgrms.kdt.KdtApplication -- Starting KdtApplication using Java 17.0.4.1 with PID 5370 (/Users/bona/devcourse/kdt-spring-order/target/classes started by bona in /Users/bona/devcourse/kdt-spring-order)
17:27:17.315 [main] DEBUG org.prgrms.kdt.KdtApplication -- Running with Spring Boot v3.1.0, Spring v6.0.9
17:27:17.317 [main] INFO  org.prgrms.kdt.KdtApplication -- The following 1 profile is active: "dev"
17:27:33.441 [main] INFO  org.prgrms.kdt.KdtApplication -- Started KdtApplication in 19.624 seconds (process running for 26.387)
17:28:11.809 [http-nio-8080-exec-7] ERROR o.p.k.r.v.JdbcVoucherRepository -- 결과값이 없습니다!
17:28:15.169 [http-nio-8080-exec-9] ERROR o.p.k.r.v.JdbcVoucherRepository -- 결과값이 없습니다!
17:28:17.510 [http-nio-8080-exec-10] ERROR o.p.k.r.v.JdbcVoucherRepository -- 결과값이 없습니다!
17:29:23.947 [http-nio-8080-exec-6] ERROR o.p.k.r.v.JdbcVoucherRepository -- 결과값이 없습니다!
17:29:28.074 [http-nio-8080-exec-7] ERROR o.p.k.r.v.JdbcVoucherRepository -- 결과값이 없습니다!
18:03:06.239 [main] INFO  org.prgrms.kdt.KdtApplication -- Application Start!
18:03:07.600 [main] INFO  org.prgrms.kdt.KdtApplication -- Starting KdtApplication using Java 17.0.4.1 with PID 6016 (/Users/bona/devcourse/kdt-spring-order/target/classes started by bona in /Users/bona/devcourse/kdt-spring-order)
18:03:07.602 [main] DEBUG org.prgrms.kdt.KdtApplication -- Running with Spring Boot v3.1.0, Spring v6.0.9
18:03:07.603 [main] INFO  org.prgrms.kdt.KdtApplication -- The following 1 profile is active: "dev"
18:03:10.400 [main] INFO  org.prgrms.kdt.KdtApplication -- Started KdtApplication in 3.595 seconds (process running for 6.766)
