00:53:37.535 [main] INFO  org.prgrms.kdt.KdtApplication - Starting KdtApplication using Java 16.0.2 on maegbug-ui-MacBook-Pro.local with PID 1299 (/Users/macbook/kdt-spring-order/target/classes started by macbook in /Users/macbook/kdt-spring-order)
00:53:37.538 [main] DEBUG org.prgrms.kdt.KdtApplication - Running with Spring Boot v2.5.3, Spring v5.3.9
00:53:37.538 [main] INFO  org.prgrms.kdt.KdtApplication - The following profiles are active: dev
00:53:38.130 [main] DEBUG org.prgrms.kdt.order.OrderProperties - [OrderProperties] version : v1.0
00:53:38.132 [main] DEBUG org.prgrms.kdt.order.OrderProperties - [OrderProperties] minimumOrderAmount : 1
00:53:38.132 [main] DEBUG org.prgrms.kdt.order.OrderProperties - [OrderProperties] supportVendors : [a, b, c, d, e]
00:53:38.132 [main] DEBUG org.prgrms.kdt.order.OrderProperties - [OrderProperties] javahome : /Library/Java/JavaVirtualMachines/jdk-16.0.2.jdk/Contents/Home
00:53:38.218 [main] INFO  org.prgrms.kdt.KdtApplication - Started KdtApplication in 1.103 seconds (JVM running for 2.108)
02:09:10.232 [main] INFO  o.prgrms.kdt.voucher.VoucherService - 바우처 생성 완료 org.prgrms.kdt.voucher.PercentDiscountVoucher@7acfb656
02:09:10.235 [main] INFO  o.prgrms.kdt.voucher.VoucherService - 바우처 생성 완료 org.prgrms.kdt.voucher.PercentDiscountVoucher@4d0753c9
02:09:10.235 [main] INFO  o.prgrms.kdt.voucher.VoucherService - 바우처 생성 완료 org.prgrms.kdt.voucher.PercentDiscountVoucher@1416a80a
02:09:10.236 [main] INFO  o.prgrms.kdt.voucher.VoucherService - 바우처 생성 완료 org.prgrms.kdt.voucher.PercentDiscountVoucher@719bb3b4
02:09:10.236 [main] INFO  o.prgrms.kdt.voucher.VoucherService - 바우처 생성 완료 org.prgrms.kdt.voucher.PercentDiscountVoucher@52cb4f50
02:09:10.237 [main] INFO  o.prgrms.kdt.voucher.VoucherService - 바우처 생성 완료 org.prgrms.kdt.voucher.PercentDiscountVoucher@25a5c7db
02:09:10.237 [main] INFO  o.prgrms.kdt.voucher.VoucherService - 바우처 생성 완료 org.prgrms.kdt.voucher.PercentDiscountVoucher@4d27d9d
02:09:10.238 [main] INFO  o.prgrms.kdt.voucher.VoucherService - 바우처 생성 완료 org.prgrms.kdt.voucher.PercentDiscountVoucher@28f878a0
02:09:10.243 [main] INFO  o.p.k.voucher.FixedAmountVoucherTest - @BeforeAll method
02:09:10.245 [main] INFO  o.p.k.voucher.FixedAmountVoucherTest - @BeforeEach method
02:09:10.255 [main] INFO  o.p.k.voucher.FixedAmountVoucherTest - @BeforeEach method
02:09:10.258 [main] INFO  o.p.k.voucher.FixedAmountVoucherTest - @BeforeEach method
02:09:10.260 [main] INFO  o.p.k.voucher.FixedAmountVoucherTest - @BeforeEach method
02:09:10.860 [main] INFO  org.prgrms.kdt.KdtApplicationTests - Starting KdtApplicationTests using Java 16.0.2 on maegbug-ui-MacBook-Pro.local with PID 1840 (started by macbook in /Users/macbook/kdt-spring-order)
02:09:10.861 [main] DEBUG org.prgrms.kdt.KdtApplicationTests - Running with Spring Boot v2.5.3, Spring v5.3.9
02:09:10.861 [main] INFO  org.prgrms.kdt.KdtApplicationTests - The following profiles are active: dev
02:09:11.284 [main] DEBUG org.prgrms.kdt.order.OrderProperties - [OrderProperties] version : v1.0
02:09:11.285 [main] DEBUG org.prgrms.kdt.order.OrderProperties - [OrderProperties] minimumOrderAmount : 1
02:09:11.285 [main] DEBUG org.prgrms.kdt.order.OrderProperties - [OrderProperties] supportVendors : [a, b, c, d, e]
02:09:11.286 [main] DEBUG org.prgrms.kdt.order.OrderProperties - [OrderProperties] javahome : /Library/Java/JavaVirtualMachines/jdk-16.0.2.jdk/Contents/Home
02:09:11.527 [main] INFO  org.prgrms.kdt.KdtApplicationTests - Started KdtApplicationTests in 1.082 seconds (JVM running for 4.567)
