17:25:20.258 [main] INFO  o.p.k.voucher.FixedAmountVoucherTest - @BeforeAll method
17:25:20.270 [main] INFO  o.p.k.voucher.FixedAmountVoucherTest - @BeforeEach method
17:25:20.281 [main] INFO  o.p.k.voucher.FixedAmountVoucherTest - @BeforeEach method
17:25:20.302 [main] INFO  o.p.k.voucher.FixedAmountVoucherTest - @BeforeEach method
17:26:39.916 [main] INFO  o.p.k.voucher.FixedAmountVoucherTest - @BeforeAll method
17:26:39.929 [main] INFO  o.p.k.voucher.FixedAmountVoucherTest - @BeforeEach method
17:26:39.941 [main] INFO  o.p.k.voucher.FixedAmountVoucherTest - @BeforeEach method
17:26:39.960 [main] INFO  o.p.k.voucher.FixedAmountVoucherTest - @BeforeEach method
17:54:32.420 [main] INFO  o.p.k.voucher.FixedAmountVoucherTest - @BeforeAll method
17:54:32.434 [main] INFO  o.p.k.voucher.FixedAmountVoucherTest - @BeforeEach method
17:54:32.492 [main] INFO  o.p.k.voucher.FixedAmountVoucherTest - @BeforeEach method
17:54:32.497 [main] INFO  o.p.k.voucher.FixedAmountVoucherTest - @BeforeEach method
17:54:32.501 [main] INFO  o.p.k.voucher.FixedAmountVoucherTest - @BeforeEach method
17:56:27.386 [main] INFO  o.p.k.voucher.FixedAmountVoucherTest - @BeforeAll method
17:56:27.397 [main] INFO  o.p.k.voucher.FixedAmountVoucherTest - @BeforeEach method
17:56:27.427 [main] INFO  o.p.k.voucher.FixedAmountVoucherTest - @BeforeEach method
17:56:27.431 [main] INFO  o.p.k.voucher.FixedAmountVoucherTest - @BeforeEach method
17:56:27.434 [main] INFO  o.p.k.voucher.FixedAmountVoucherTest - @BeforeEach method
21:44:14.193 [main] DEBUG org.prgrms.kdt.order.OrderProperties - [OrderProperties] version : null
21:44:14.199 [main] DEBUG org.prgrms.kdt.order.OrderProperties - [OrderProperties] minimumOrderAmount : 0
21:44:14.199 [main] DEBUG org.prgrms.kdt.order.OrderProperties - [OrderProperties] supportVendors : null
21:44:14.199 [main] DEBUG org.prgrms.kdt.order.OrderProperties - [OrderProperties] javahome : /Library/Java/JavaVirtualMachines/jdk-16.0.2.jdk/Contents/Home
21:51:07.791 [main] DEBUG org.prgrms.kdt.order.OrderProperties - [OrderProperties] version : null
21:51:07.802 [main] DEBUG org.prgrms.kdt.order.OrderProperties - [OrderProperties] minimumOrderAmount : 0
21:51:07.802 [main] DEBUG org.prgrms.kdt.order.OrderProperties - [OrderProperties] supportVendors : null
21:51:07.803 [main] DEBUG org.prgrms.kdt.order.OrderProperties - [OrderProperties] javahome : /Library/Java/JavaVirtualMachines/jdk-16.0.2.jdk/Contents/Home
