11:46:47.078 [main] INFO  org.prgrms.kdt.KdtApplication - Starting KdtApplication using Java 16.0.2 on ljoui-MacBookPro.local with PID 16451 (/Users/ljo/Desktop/project/programmers-school/w3-SpringBoot_Part_A/target/classes started by ljo in /Users/ljo/Desktop/project/programmers-school/w3-SpringBoot_Part_A)
11:46:47.082 [main] INFO  org.prgrms.kdt.KdtApplication - No active profile set, falling back to default profiles: default
11:46:47.856 [main] INFO  o.p.kdt.app.CommandLineApplication - CommandLineApplication init
11:46:47.856 [main] INFO  o.p.kdt.app.CommandLineApplication - Init Command types -> {0. EXIT=org.prgrms.kdt.app.command.ExitCommand@4f186450, 1. VOUCHER_CREATE=org.prgrms.kdt.app.command.VoucherCreateCommand@7fab4be7, 2. VOUCHER_LIST=org.prgrms.kdt.app.command.VoucherListCommand@4d74c3ba, 3. DELETE_ALL_VOUCHER=org.prgrms.kdt.app.command.VoucherDeleteCommand@a64e035, 4. UPDATE_VOUCHER_TYPE=org.prgrms.kdt.app.command.VoucherUpdateTypeCommand@41c204a0}
11:46:47.984 [main] INFO  org.prgrms.kdt.KdtApplication - Started KdtApplication in 1.251 seconds (JVM running for 7.007)
11:46:56.210 [main] INFO  o.p.k.a.command.VoucherCreateCommand - user create voucher: Voucher{voucherId=9569e539-7ee7-40b5-b6ac-d4f2ad8b1810, discount=10, createdAt=2021-09-10T11:46:55.563018, voucherType=FIX(1)}
11:47:00.303 [main] INFO  o.p.k.a.command.VoucherCreateCommand - user create voucher: Voucher{voucherId=91d673cb-b9e3-4a7d-8d34-fb36478aaf43, discount=100, createdAt=2021-09-10T11:47:00.276423, voucherType=PERCENT(2)}
11:47:23.092 [main] INFO  o.p.k.a.command.VoucherCreateCommand - updated voucher: Voucher{voucherId=03eeb268-11e1-11ec-bea4-dbca6392b2c6, discount=1000, createdAt=2021-09-10T02:44:27.275241, voucherType=PERCENT(2)}
11:52:16.319 [main] INFO  org.prgrms.kdt.KdtApplication - Starting KdtApplication using Java 16.0.2 on ljoui-MacBookPro.local with PID 16533 (/Users/ljo/Desktop/project/programmers-school/w3-SpringBoot_Part_A/target/classes started by ljo in /Users/ljo/Desktop/project/programmers-school/w3-SpringBoot_Part_A)
11:52:16.323 [main] INFO  org.prgrms.kdt.KdtApplication - No active profile set, falling back to default profiles: default
11:52:17.382 [main] INFO  o.p.kdt.app.CommandLineApplication - CommandLineApplication init
11:52:17.383 [main] INFO  o.p.kdt.app.CommandLineApplication - Init Command types -> {0. EXIT=org.prgrms.kdt.app.command.ExitCommand@6093d508, 1. VOUCHER_CREATE=org.prgrms.kdt.app.command.VoucherCreateCommand@13047d7d, 2. VOUCHER_LIST=org.prgrms.kdt.app.command.VoucherListCommand@65bb9029, 3. DELETE_ALL_VOUCHER=org.prgrms.kdt.app.command.VoucherDeleteCommand@3c7cfcbb, 4. UPDATE_VOUCHER_TYPE=org.prgrms.kdt.app.command.VoucherUpdateTypeCommand@1bfe3203}
11:52:17.575 [main] INFO  org.prgrms.kdt.KdtApplication - Started KdtApplication in 1.872 seconds (JVM running for 7.674)
11:52:42.112 [main] INFO  o.p.k.a.command.VoucherCreateCommand - user create voucher: Voucher{voucherId=37e48203-6416-40f1-91c5-861d5d3ceb4d, discount=10, createdAt=2021-09-10T11:52:41.534326, voucherType=FIX(1)}
11:58:09.477 [main] INFO  org.prgrms.kdt.KdtApplication - Starting KdtApplication using Java 16.0.2 on ljoui-MacBookPro.local with PID 16610 (/Users/ljo/Desktop/project/programmers-school/w3-SpringBoot_Part_A/target/classes started by ljo in /Users/ljo/Desktop/project/programmers-school/w3-SpringBoot_Part_A)
11:58:09.479 [main] INFO  org.prgrms.kdt.KdtApplication - No active profile set, falling back to default profiles: default
11:58:10.491 [main] INFO  o.p.kdt.app.CommandLineApplication - CommandLineApplication init
11:58:10.492 [main] INFO  o.p.kdt.app.CommandLineApplication - Init Command types -> {0. EXIT=org.prgrms.kdt.app.command.ExitCommand@4f186450, 1. VOUCHER_CREATE=org.prgrms.kdt.app.command.VoucherCreateCommand@7fab4be7, 2. VOUCHER_LIST=org.prgrms.kdt.app.command.VoucherListCommand@4d74c3ba, 3. DELETE_ALL_VOUCHER=org.prgrms.kdt.app.command.VoucherDeleteCommand@a64e035, 4. UPDATE_VOUCHER_TYPE=org.prgrms.kdt.app.command.VoucherUpdateTypeCommand@41c204a0}
11:58:10.648 [main] INFO  org.prgrms.kdt.KdtApplication - Started KdtApplication in 1.502 seconds (JVM running for 7.489)
11:59:00.662 [main] INFO  o.p.k.a.command.VoucherCreateCommand - user create voucher: Voucher{voucherId=817ef619-1247-47a5-92bc-cdd590ef6b6c, discount=20, createdAt=2021-09-10T11:59:00.053764, voucherType=FIX(1)}
11:59:04.242 [main] INFO  o.p.k.a.command.VoucherCreateCommand - user create voucher: Voucher{voucherId=aa74c8e4-57e1-4eec-a36c-f265003b5eb3, discount=50, createdAt=2021-09-10T11:59:04.210486, voucherType=PERCENT(2)}
11:59:37.403 [main] INFO  o.p.k.a.command.VoucherCreateCommand - updated voucher: Voucher{voucherId=aa74c8e4-57e1-4eec-a36c-f265003b5eb3, discount=50, createdAt=2021-09-10T11:59:04.210486, voucherType=FIX(1)}
12:05:31.344 [main] INFO  org.prgrms.kdt.KdtApplication - Starting KdtApplication using Java 16.0.2 on ljoui-MacBookPro.local with PID 16725 (/Users/ljo/Desktop/project/programmers-school/w3-SpringBoot_Part_A/target/classes started by ljo in /Users/ljo/Desktop/project/programmers-school/w3-SpringBoot_Part_A)
12:05:31.345 [main] INFO  org.prgrms.kdt.KdtApplication - No active profile set, falling back to default profiles: default
12:05:32.307 [main] INFO  o.p.kdt.app.CommandLineApplication - CommandLineApplication init
12:05:32.307 [main] INFO  o.p.kdt.app.CommandLineApplication - Init Command types -> {0. EXIT=org.prgrms.kdt.app.command.ExitCommand@1698d7c0, 1. VOUCHER_CREATE=org.prgrms.kdt.app.command.VoucherCreateCommand@281f23f2, 2. VOUCHER_LIST=org.prgrms.kdt.app.command.VoucherListCommand@28d79cba, 3. DELETE_ALL_VOUCHER=org.prgrms.kdt.app.command.VoucherDeleteCommand@87abc48, 4. UPDATE_VOUCHER_TYPE=org.prgrms.kdt.app.command.VoucherUpdateTypeCommand@782168b7}
12:05:32.449 [main] INFO  org.prgrms.kdt.KdtApplication - Started KdtApplication in 1.758 seconds (JVM running for 7.545)
12:15:21.543 [main] INFO  org.prgrms.kdt.KdtApplication - Starting KdtApplication using Java 16.0.2 on ljoui-MacBookPro.local with PID 16829 (/Users/ljo/Desktop/project/programmers-school/w3-SpringBoot_Part_A/target/classes started by ljo in /Users/ljo/Desktop/project/programmers-school/w3-SpringBoot_Part_A)
12:15:21.545 [main] INFO  org.prgrms.kdt.KdtApplication - No active profile set, falling back to default profiles: default
12:15:22.316 [main] INFO  o.p.kdt.app.CommandLineApplication - CommandLineApplication init
12:15:22.317 [main] INFO  o.p.kdt.app.CommandLineApplication - Init Command types -> {0. EXIT=org.prgrms.kdt.app.command.ExitCommand@71870da7, 1. VOUCHER_CREATE=org.prgrms.kdt.app.command.VoucherCreateCommand@6dd91637, 2. VOUCHER_LIST=org.prgrms.kdt.app.command.VoucherListCommand@706cb08, 3. DELETE_ALL_VOUCHER=org.prgrms.kdt.app.command.VoucherDeleteCommand@45792847, 4. UPDATE_VOUCHER_TYPE=org.prgrms.kdt.app.command.VoucherUpdateTypeCommand@4e25147a}
12:15:22.456 [main] INFO  org.prgrms.kdt.KdtApplication - Started KdtApplication in 1.319 seconds (JVM running for 7.103)
12:24:28.021 [main] INFO  org.prgrms.kdt.KdtApplication - Starting KdtApplication using Java 16.0.2 on ljoui-MacBookPro.local with PID 16974 (/Users/ljo/Desktop/project/programmers-school/w3-SpringBoot_Part_A/target/classes started by ljo in /Users/ljo/Desktop/project/programmers-school/w3-SpringBoot_Part_A)
12:24:28.023 [main] INFO  org.prgrms.kdt.KdtApplication - No active profile set, falling back to default profiles: default
12:24:28.757 [main] INFO  o.p.kdt.app.CommandLineApplication - CommandLineApplication init
12:24:28.757 [main] INFO  o.p.kdt.app.CommandLineApplication - Init Command types -> {0. EXIT=org.prgrms.kdt.app.command.ExitCommand@985696, 1. VOUCHER_CREATE=org.prgrms.kdt.app.command.VoucherCreateCommand@5bcde458, 2. VOUCHER_LIST=org.prgrms.kdt.app.command.VoucherListCommand@77bd7fe7, 3. DELETE_ALL_VOUCHER=org.prgrms.kdt.app.command.VoucherDeleteCommand@215a34b4, 4. UPDATE_VOUCHER_TYPE=org.prgrms.kdt.app.command.VoucherUpdateTypeCommand@35d3ab60}
12:24:28.888 [main] INFO  org.prgrms.kdt.KdtApplication - Started KdtApplication in 1.171 seconds (JVM running for 7.092)
12:24:32.767 [main] INFO  o.p.k.a.command.VoucherCreateCommand - user create voucher: Voucher{voucherId=a4682a93-ec4f-407b-b69f-835fbe14f75d, discount=10, createdAt=2021-09-10T12:24:32.609800, voucherType=FIX(1)}
12:24:35.576 [main] INFO  o.p.k.a.command.VoucherCreateCommand - user create voucher: Voucher{voucherId=73a50a57-f551-4a86-88a4-af2a870b2f85, discount=2, createdAt=2021-09-10T12:24:35.535575, voucherType=PERCENT(2)}
12:24:44.159 [main] INFO  o.p.k.a.command.VoucherCreateCommand - user create voucher: Voucher{voucherId=abe676db-71e0-43be-82dc-d10c52031e77, discount=11, createdAt=2021-09-10T12:24:44.113998, voucherType=PERCENT(2)}
12:24:58.492 [main] INFO  o.p.k.a.c.VoucherUpdateTypeCommand - updated voucher: Voucher{voucherId=abe676db-71e0-43be-82dc-d10c52031e77, discount=11, createdAt=2021-09-10T12:24:44.113998, voucherType=FIX(1)}
12:46:41.856 [main] INFO  org.prgrms.kdt.KdtApplication - Starting KdtApplication using Java 16.0.2 on ljoui-MacBookPro.local with PID 17232 (/Users/ljo/Desktop/project/programmers-school/w3-SpringBoot_Part_A/target/classes started by ljo in /Users/ljo/Desktop/project/programmers-school/w3-SpringBoot_Part_A)
12:46:41.858 [main] INFO  org.prgrms.kdt.KdtApplication - No active profile set, falling back to default profiles: default
12:46:42.590 [main] INFO  o.p.kdt.app.CommandLineApplication - CommandLineApplication init
12:46:42.590 [main] INFO  o.p.kdt.app.CommandLineApplication - Init Command types -> {0. EXIT=org.prgrms.kdt.app.command.ExitCommand@71870da7, 1. VOUCHER_CREATE=org.prgrms.kdt.app.command.VoucherCreateCommand@6dd91637, 2. VOUCHER_LIST=org.prgrms.kdt.app.command.VoucherListCommand@706cb08, 3. DELETE_ALL_VOUCHER=org.prgrms.kdt.app.command.VoucherDeleteCommand@45792847, 4. UPDATE_VOUCHER_TYPE=org.prgrms.kdt.app.command.VoucherUpdateTypeCommand@4e25147a}
12:46:42.706 [main] INFO  org.prgrms.kdt.KdtApplication - Started KdtApplication in 1.175 seconds (JVM running for 7.257)
12:46:47.397 [main] INFO  o.p.k.a.command.VoucherCreateCommand - user create voucher: Voucher{voucherId=80dd03db-4035-4521-8b35-cecb14819faf, discount=10, createdAt=2021-09-10T12:46:47.190586, voucherType=FIX(1)}
12:46:51.982 [main] INFO  o.p.k.a.command.VoucherCreateCommand - user create voucher: Voucher{voucherId=041d9542-ffd2-4458-adf2-d9b3acf2d9b0, discount=20, createdAt=2021-09-10T12:46:51.938204, voucherType=PERCENT(2)}
12:46:58.499 [main] INFO  o.p.k.a.command.VoucherCreateCommand - user create voucher: Voucher{voucherId=0d716622-026c-482f-912e-415a53ebd774, discount=20, createdAt=2021-09-10T12:46:58.433217, voucherType=PERCENT(2)}
13:31:47.519 [main] INFO  org.prgrms.kdt.KdtApplication - Starting KdtApplication using Java 16.0.2 on ljoui-MacBookPro.local with PID 17593 (/Users/ljo/Desktop/project/programmers-school/w3-SpringBoot_Part_A/target/classes started by ljo in /Users/ljo/Desktop/project/programmers-school/w3-SpringBoot_Part_A)
13:31:47.520 [main] INFO  org.prgrms.kdt.KdtApplication - No active profile set, falling back to default profiles: default
13:31:48.254 [main] INFO  o.p.kdt.app.CommandLineApplication - CommandLineApplication init
13:31:48.254 [main] INFO  o.p.kdt.app.CommandLineApplication - Init Command types -> {0. EXIT=org.prgrms.kdt.app.command.ExitCommand@71870da7, 1. VOUCHER_CREATE=org.prgrms.kdt.app.command.VoucherCreateCommand@6dd91637, 2. VOUCHER_LIST=org.prgrms.kdt.app.command.VoucherListCommand@706cb08, 3. DELETE_ALL_VOUCHER=org.prgrms.kdt.app.command.VoucherDeleteCommand@45792847, 4. UPDATE_VOUCHER_TYPE=org.prgrms.kdt.app.command.VoucherUpdateTypeCommand@4e25147a, 5. CUSTOMER_LIST=org.prgrms.kdt.app.command.CustomerListCommand@10876a6}
13:31:48.356 [main] INFO  org.prgrms.kdt.KdtApplication - Started KdtApplication in 1.157 seconds (JVM running for 6.914)
13:34:04.208 [main] INFO  org.prgrms.kdt.KdtApplication - Starting KdtApplication using Java 16.0.2 on ljoui-MacBookPro.local with PID 17660 (/Users/ljo/Desktop/project/programmers-school/w3-SpringBoot_Part_A/target/classes started by ljo in /Users/ljo/Desktop/project/programmers-school/w3-SpringBoot_Part_A)
13:34:04.217 [main] INFO  org.prgrms.kdt.KdtApplication - No active profile set, falling back to default profiles: default
13:34:05.095 [main] INFO  o.p.kdt.app.CommandLineApplication - CommandLineApplication init
13:34:05.096 [main] INFO  o.p.kdt.app.CommandLineApplication - Init Command types -> {0. EXIT=org.prgrms.kdt.app.command.ExitCommand@19569ebd, 1. VOUCHER_CREATE=org.prgrms.kdt.app.command.VoucherCreateCommand@4632cfc, 2. VOUCHER_LIST=org.prgrms.kdt.app.command.VoucherListCommand@2e380628, 3. DELETE_ALL_VOUCHER=org.prgrms.kdt.app.command.VoucherDeleteCommand@6e1f8469, 4. UPDATE_VOUCHER_TYPE=org.prgrms.kdt.app.command.VoucherUpdateTypeCommand@3b6c624, 5. CUSTOMER_LIST=org.prgrms.kdt.app.command.CustomerListCommand@6124287a}
13:34:05.187 [main] INFO  org.prgrms.kdt.KdtApplication - Started KdtApplication in 1.584 seconds (JVM running for 7.559)
13:35:20.817 [main] INFO  org.prgrms.kdt.KdtApplication - Starting KdtApplication using Java 16.0.2 on ljoui-MacBookPro.local with PID 17679 (/Users/ljo/Desktop/project/programmers-school/w3-SpringBoot_Part_A/target/classes started by ljo in /Users/ljo/Desktop/project/programmers-school/w3-SpringBoot_Part_A)
13:35:20.819 [main] INFO  org.prgrms.kdt.KdtApplication - No active profile set, falling back to default profiles: default
13:35:21.554 [main] INFO  o.p.kdt.app.CommandLineApplication - CommandLineApplication init
13:35:21.555 [main] INFO  o.p.kdt.app.CommandLineApplication - Init Command types -> {0. EXIT=org.prgrms.kdt.app.command.ExitCommand@c81fd12, 1. VOUCHER_CREATE=org.prgrms.kdt.app.command.VoucherCreateCommand@62e6a3ec, 2. VOUCHER_LIST=org.prgrms.kdt.app.command.VoucherListCommand@31ee96f4, 3. DELETE_ALL_VOUCHER=org.prgrms.kdt.app.command.VoucherDeleteCommand@5754de72, 4. UPDATE_VOUCHER_TYPE=org.prgrms.kdt.app.command.VoucherUpdateTypeCommand@320494b6, 5. CUSTOMER_LIST=org.prgrms.kdt.app.command.CustomerListCommand@1eaf1e62, 6. BLACK_LIST=org.prgrms.kdt.app.command.BlackCustomerListCommand@3b6c624}
13:35:21.652 [main] INFO  org.prgrms.kdt.KdtApplication - Started KdtApplication in 1.17 seconds (JVM running for 6.885)
13:39:24.594 [main] INFO  org.prgrms.kdt.KdtApplication - Starting KdtApplication using Java 16.0.2 on ljoui-MacBookPro.local with PID 17704 (/Users/ljo/Desktop/project/programmers-school/w3-SpringBoot_Part_A/target/classes started by ljo in /Users/ljo/Desktop/project/programmers-school/w3-SpringBoot_Part_A)
13:39:24.596 [main] INFO  org.prgrms.kdt.KdtApplication - No active profile set, falling back to default profiles: default
13:39:25.351 [main] INFO  o.p.kdt.app.CommandLineApplication - CommandLineApplication init
13:39:25.351 [main] INFO  o.p.kdt.app.CommandLineApplication - Init Command types -> {0. EXIT=org.prgrms.kdt.app.command.ExitCommand@16a9a4f1, 1. VOUCHER_CREATE=org.prgrms.kdt.app.command.VoucherCreateCommand@1f1cae23, 2. VOUCHER_LIST=org.prgrms.kdt.app.command.VoucherListCommand@985696, 3. DELETE_ALL_VOUCHER=org.prgrms.kdt.app.command.VoucherDeleteCommand@7c455e96, 4. UPDATE_VOUCHER_TYPE=org.prgrms.kdt.app.command.VoucherUpdateTypeCommand@5bcde458, 5. CUSTOMER_LIST=org.prgrms.kdt.app.command.CustomerListCommand@5e9456ae, 6. BLACK_LIST=org.prgrms.kdt.app.command.BlackCustomerListCommand@52b6319f}
13:39:25.449 [main] INFO  org.prgrms.kdt.KdtApplication - Started KdtApplication in 1.164 seconds (JVM running for 6.841)
13:39:54.253 [main] INFO  org.prgrms.kdt.KdtApplication - Starting KdtApplication using Java 16.0.2 on ljoui-MacBookPro.local with PID 17709 (/Users/ljo/Desktop/project/programmers-school/w3-SpringBoot_Part_A/target/classes started by ljo in /Users/ljo/Desktop/project/programmers-school/w3-SpringBoot_Part_A)
13:39:54.255 [main] INFO  org.prgrms.kdt.KdtApplication - No active profile set, falling back to default profiles: default
13:39:55.001 [main] INFO  o.p.kdt.app.CommandLineApplication - CommandLineApplication init
13:39:55.002 [main] INFO  o.p.kdt.app.CommandLineApplication - Init Command types -> {0. EXIT=org.prgrms.kdt.app.command.ExitCommand@52a70627, 1. VOUCHER_CREATE=org.prgrms.kdt.app.command.VoucherCreateCommand@6124287a, 2. VOUCHER_LIST=org.prgrms.kdt.app.command.VoucherListCommand@4632cfc, 3. DELETE_ALL_VOUCHER=org.prgrms.kdt.app.command.VoucherDeleteCommand@19569ebd, 4. UPDATE_VOUCHER_TYPE=org.prgrms.kdt.app.command.VoucherUpdateTypeCommand@6e1f8469, 5. CUSTOMER_LIST=org.prgrms.kdt.app.command.CustomerListCommand@5631962, 6. BLACK_LIST=org.prgrms.kdt.app.command.BlackCustomerListCommand@1dcca8d3}
13:39:55.105 [main] INFO  org.prgrms.kdt.KdtApplication - Started KdtApplication in 1.164 seconds (JVM running for 6.824)
16:48:00.325 [main] INFO  org.prgrms.kdt.KdtApplication - Starting KdtApplication using Java 16.0.2 on ljoui-MacBookPro.local with PID 19436 (/Users/ljo/Desktop/project/programmers-school/w3-SpringBoot_Part_A/target/classes started by ljo in /Users/ljo/Desktop/project/programmers-school/w3-SpringBoot_Part_A)
16:48:00.327 [main] INFO  org.prgrms.kdt.KdtApplication - No active profile set, falling back to default profiles: default
16:48:01.199 [main] INFO  o.p.kdt.app.CommandLineApplication - CommandLineApplication init
16:48:01.200 [main] INFO  o.p.kdt.app.CommandLineApplication - Init Command types -> {0. EXIT=org.prgrms.kdt.app.command.ExitCommand@6e1f8469, 1. VOUCHER_CREATE=org.prgrms.kdt.app.command.VoucherCreateCommand@2e380628, 2. VOUCHER_LIST=org.prgrms.kdt.app.command.VoucherListCommand@1eaf1e62, 3. DELETE_ALL_VOUCHER=org.prgrms.kdt.app.command.VoucherDeleteCommand@3b6c624, 4. UPDATE_VOUCHER_TYPE=org.prgrms.kdt.app.command.VoucherUpdateTypeCommand@c81fd12, 5. CUSTOMER_LIST=org.prgrms.kdt.app.command.CustomerListCommand@19569ebd, 6. BLACK_CUSTOMER_LIST=org.prgrms.kdt.app.command.BlackCustomerListCommand@6124287a, 7. CUSTOMER_VOUCHER_CREATE=org.prgrms.kdt.app.command.CustomerVoucherCreateCommand@4632cfc}
16:48:01.322 [main] INFO  org.prgrms.kdt.KdtApplication - Started KdtApplication in 1.365 seconds (JVM running for 7.2)
16:50:46.276 [main] INFO  org.prgrms.kdt.KdtApplication - Starting KdtApplication using Java 16.0.2 on ljoui-MacBookPro.local with PID 19472 (/Users/ljo/Desktop/project/programmers-school/w3-SpringBoot_Part_A/target/classes started by ljo in /Users/ljo/Desktop/project/programmers-school/w3-SpringBoot_Part_A)
16:50:46.278 [main] INFO  org.prgrms.kdt.KdtApplication - No active profile set, falling back to default profiles: default
16:50:47.113 [main] INFO  o.p.kdt.app.CommandLineApplication - CommandLineApplication init
16:50:47.114 [main] INFO  o.p.kdt.app.CommandLineApplication - Init Command types -> {0. EXIT=org.prgrms.kdt.app.command.ExitCommand@1eaf1e62, 1. VOUCHER_CREATE=org.prgrms.kdt.app.command.VoucherCreateCommand@c81fd12, 2. VOUCHER_LIST=org.prgrms.kdt.app.command.VoucherListCommand@5754de72, 3. DELETE_ALL_VOUCHER=org.prgrms.kdt.app.command.VoucherDeleteCommand@62e6a3ec, 4. UPDATE_VOUCHER_TYPE=org.prgrms.kdt.app.command.VoucherUpdateTypeCommand@31ee96f4, 5. CUSTOMER_LIST=org.prgrms.kdt.app.command.CustomerListCommand@2e380628, 6. BLACK_CUSTOMER_LIST=org.prgrms.kdt.app.command.BlackCustomerListCommand@6e1f8469, 7. CUSTOMER_VOUCHER_CREATE=org.prgrms.kdt.app.command.CustomerVoucherCreateCommand@3b6c624}
16:50:47.228 [main] INFO  org.prgrms.kdt.KdtApplication - Started KdtApplication in 1.376 seconds (JVM running for 7.101)
16:50:58.635 [main] INFO  o.p.k.a.command.VoucherCreateCommand - user create voucher: Voucher{voucherId=3c88c450-1890-4967-9df5-4af5ea83e7dd, discount=101, createdAt=2021-09-10T16:50:58.411113, voucherType=PERCENT(2)}
16:51:08.979 [main] INFO  o.p.k.a.command.VoucherCreateCommand - user create voucher: Voucher{voucherId=a73d7165-c27c-4245-b24f-2e96714a8c44, discount=200, createdAt=2021-09-10T16:51:08.933563, voucherType=PERCENT(2)}
16:51:45.865 [main] INFO  org.prgrms.kdt.KdtApplication - Starting KdtApplication using Java 16.0.2 on ljoui-MacBookPro.local with PID 19492 (/Users/ljo/Desktop/project/programmers-school/w3-SpringBoot_Part_A/target/classes started by ljo in /Users/ljo/Desktop/project/programmers-school/w3-SpringBoot_Part_A)
16:51:45.868 [main] INFO  org.prgrms.kdt.KdtApplication - No active profile set, falling back to default profiles: default
16:51:46.779 [main] INFO  o.p.kdt.app.CommandLineApplication - CommandLineApplication init
16:51:46.779 [main] INFO  o.p.kdt.app.CommandLineApplication - Init Command types -> {0. EXIT=org.prgrms.kdt.app.command.ExitCommand@67403656, 1. VOUCHER_CREATE=org.prgrms.kdt.app.command.VoucherCreateCommand@5a6482a9, 2. VOUCHER_LIST=org.prgrms.kdt.app.command.VoucherListCommand@12f8b1d8, 3. DELETE_ALL_VOUCHER=org.prgrms.kdt.app.command.VoucherDeleteCommand@7f9ab969, 4. UPDATE_VOUCHER_TYPE=org.prgrms.kdt.app.command.VoucherUpdateTypeCommand@746cd757, 5. CUSTOMER_LIST=org.prgrms.kdt.app.command.CustomerListCommand@27c04377, 6. BLACK_CUSTOMER_LIST=org.prgrms.kdt.app.command.BlackCustomerListCommand@39109136, 7. CUSTOMER_VOUCHER_CREATE=org.prgrms.kdt.app.command.CustomerVoucherCreateCommand@34dc85a}
16:51:46.923 [main] INFO  org.prgrms.kdt.KdtApplication - Started KdtApplication in 1.411 seconds (JVM running for 8.266)
16:52:06.706 [main] INFO  org.prgrms.kdt.KdtApplication - Starting KdtApplication using Java 16.0.2 on ljoui-MacBookPro.local with PID 19499 (/Users/ljo/Desktop/project/programmers-school/w3-SpringBoot_Part_A/target/classes started by ljo in /Users/ljo/Desktop/project/programmers-school/w3-SpringBoot_Part_A)
16:52:06.708 [main] INFO  org.prgrms.kdt.KdtApplication - No active profile set, falling back to default profiles: default
16:52:07.514 [main] INFO  o.p.kdt.app.CommandLineApplication - CommandLineApplication init
16:52:07.515 [main] INFO  o.p.kdt.app.CommandLineApplication - Init Command types -> {0. EXIT=org.prgrms.kdt.app.command.ExitCommand@3015db78, 1. VOUCHER_CREATE=org.prgrms.kdt.app.command.VoucherCreateCommand@515ebef3, 2. VOUCHER_LIST=org.prgrms.kdt.app.command.VoucherListCommand@39109136, 3. DELETE_ALL_VOUCHER=org.prgrms.kdt.app.command.VoucherDeleteCommand@545607f2, 4. UPDATE_VOUCHER_TYPE=org.prgrms.kdt.app.command.VoucherUpdateTypeCommand@27c04377, 5. CUSTOMER_LIST=org.prgrms.kdt.app.command.CustomerListCommand@49798e84, 6. BLACK_CUSTOMER_LIST=org.prgrms.kdt.app.command.BlackCustomerListCommand@47e4d9d0, 7. CUSTOMER_VOUCHER_CREATE=org.prgrms.kdt.app.command.CustomerVoucherCreateCommand@6ed06f69}
16:52:07.629 [main] INFO  org.prgrms.kdt.KdtApplication - Started KdtApplication in 1.257 seconds (JVM running for 7.081)
16:52:11.905 [main] INFO  o.p.k.a.command.VoucherCreateCommand - user create voucher: Voucher{voucherId=7203a08d-8516-47ba-a531-d58d1d64a2d0, discount=101, createdAt=2021-09-10T16:52:11.758523, voucherType=PERCENT(2)}
16:53:23.959 [main] INFO  org.prgrms.kdt.KdtApplication - Starting KdtApplication using Java 16.0.2 on ljoui-MacBookPro.local with PID 19512 (/Users/ljo/Desktop/project/programmers-school/w3-SpringBoot_Part_A/target/classes started by ljo in /Users/ljo/Desktop/project/programmers-school/w3-SpringBoot_Part_A)
16:53:23.961 [main] INFO  org.prgrms.kdt.KdtApplication - No active profile set, falling back to default profiles: default
16:53:24.809 [main] INFO  o.p.kdt.app.CommandLineApplication - CommandLineApplication init
16:53:24.810 [main] INFO  o.p.kdt.app.CommandLineApplication - Init Command types -> {0. EXIT=org.prgrms.kdt.app.command.ExitCommand@65fd6708, 1. VOUCHER_CREATE=org.prgrms.kdt.app.command.VoucherCreateCommand@749ab7b4, 2. VOUCHER_LIST=org.prgrms.kdt.app.command.VoucherListCommand@2bf94401, 3. DELETE_ALL_VOUCHER=org.prgrms.kdt.app.command.VoucherDeleteCommand@127f9161, 4. UPDATE_VOUCHER_TYPE=org.prgrms.kdt.app.command.VoucherUpdateTypeCommand@2532b351, 5. CUSTOMER_LIST=org.prgrms.kdt.app.command.CustomerListCommand@2098d37d, 6. BLACK_CUSTOMER_LIST=org.prgrms.kdt.app.command.BlackCustomerListCommand@ae372b9, 7. CUSTOMER_VOUCHER_CREATE=org.prgrms.kdt.app.command.CustomerVoucherCreateCommand@77b9d0c7}
16:53:24.927 [main] INFO  org.prgrms.kdt.KdtApplication - Started KdtApplication in 1.301 seconds (JVM running for 7.485)
16:56:47.119 [main] INFO  org.prgrms.kdt.KdtApplication - Starting KdtApplication using Java 16.0.2 on ljoui-MacBookPro.local with PID 19539 (/Users/ljo/Desktop/project/programmers-school/w3-SpringBoot_Part_A/target/classes started by ljo in /Users/ljo/Desktop/project/programmers-school/w3-SpringBoot_Part_A)
16:56:47.121 [main] INFO  org.prgrms.kdt.KdtApplication - No active profile set, falling back to default profiles: default
16:56:47.964 [main] INFO  o.p.kdt.app.CommandLineApplication - CommandLineApplication init
16:56:47.964 [main] INFO  o.p.kdt.app.CommandLineApplication - Init Command types -> {0. EXIT=org.prgrms.kdt.app.command.ExitCommand@56303475, 1. VOUCHER_CREATE=org.prgrms.kdt.app.command.VoucherCreateCommand@30506c0d, 2. VOUCHER_LIST=org.prgrms.kdt.app.command.VoucherListCommand@5631962, 3. DELETE_ALL_VOUCHER=org.prgrms.kdt.app.command.VoucherDeleteCommand@1dcca8d3, 4. UPDATE_VOUCHER_TYPE=org.prgrms.kdt.app.command.VoucherUpdateTypeCommand@52a70627, 5. CUSTOMER_LIST=org.prgrms.kdt.app.command.CustomerListCommand@6b68cb27, 6. BLACK_CUSTOMER_LIST=org.prgrms.kdt.app.command.BlackCustomerListCommand@4e25147a, 7. CUSTOMER_VOUCHER_CREATE=org.prgrms.kdt.app.command.CustomerVoucherCreateCommand@675ffd1d}
16:56:48.079 [main] INFO  org.prgrms.kdt.KdtApplication - Started KdtApplication in 1.392 seconds (JVM running for 7.19)
17:14:25.534 [main] INFO  org.prgrms.kdt.KdtApplication - Starting KdtApplication using Java 16.0.2 on ljoui-MacBookPro.local with PID 19690 (/Users/ljo/Desktop/project/programmers-school/w3-SpringBoot_Part_A/target/classes started by ljo in /Users/ljo/Desktop/project/programmers-school/w3-SpringBoot_Part_A)
17:14:25.536 [main] INFO  org.prgrms.kdt.KdtApplication - No active profile set, falling back to default profiles: default
17:14:26.326 [main] INFO  o.p.kdt.app.CommandLineApplication - CommandLineApplication init
17:14:26.327 [main] INFO  o.p.kdt.app.CommandLineApplication - Init Command types -> {0. EXIT=org.prgrms.kdt.app.command.ExitCommand@52a70627, 1. VOUCHER_CREATE=org.prgrms.kdt.app.command.VoucherCreateCommand@6124287a, 2. VOUCHER_LIST=org.prgrms.kdt.app.command.VoucherListCommand@4632cfc, 3. DELETE_ALL_VOUCHER=org.prgrms.kdt.app.command.VoucherDeleteCommand@19569ebd, 4. UPDATE_VOUCHER_TYPE=org.prgrms.kdt.app.command.VoucherUpdateTypeCommand@6e1f8469, 5. CUSTOMER_LIST=org.prgrms.kdt.app.command.CustomerListCommand@1dcca8d3, 6. BLACK_CUSTOMER_LIST=org.prgrms.kdt.app.command.BlackCustomerListCommand@30506c0d, 7. CUSTOMER_VOUCHER_CREATE=org.prgrms.kdt.app.command.CustomerVoucherCreateCommand@5631962}
17:14:26.435 [main] INFO  org.prgrms.kdt.KdtApplication - Started KdtApplication in 1.224 seconds (JVM running for 7.325)
17:15:13.679 [main] INFO  org.prgrms.kdt.KdtApplication - Starting KdtApplication using Java 16.0.2 on ljoui-MacBookPro.local with PID 19697 (/Users/ljo/Desktop/project/programmers-school/w3-SpringBoot_Part_A/target/classes started by ljo in /Users/ljo/Desktop/project/programmers-school/w3-SpringBoot_Part_A)
17:15:13.680 [main] INFO  org.prgrms.kdt.KdtApplication - No active profile set, falling back to default profiles: default
17:15:14.457 [main] INFO  o.p.kdt.app.CommandLineApplication - CommandLineApplication init
17:15:14.457 [main] INFO  o.p.kdt.app.CommandLineApplication - Init Command types -> {0. EXIT=org.prgrms.kdt.app.command.ExitCommand@3afae281, 1. VOUCHER_CREATE=org.prgrms.kdt.app.command.VoucherCreateCommand@26ae880a, 2. VOUCHER_LIST=org.prgrms.kdt.app.command.VoucherListCommand@3c017078, 3. DELETE_ALL_VOUCHER=org.prgrms.kdt.app.command.VoucherDeleteCommand@260f2144, 4. UPDATE_VOUCHER_TYPE=org.prgrms.kdt.app.command.VoucherUpdateTypeCommand@51827393, 5. CUSTOMER_LIST=org.prgrms.kdt.app.command.CustomerListCommand@29852487, 6. BLACK_CUSTOMER_LIST=org.prgrms.kdt.app.command.BlackCustomerListCommand@25a73de1, 7. CUSTOMER_VOUCHER_CREATE=org.prgrms.kdt.app.command.CustomerVoucherCreateCommand@771db12c}
17:15:14.567 [main] INFO  org.prgrms.kdt.KdtApplication - Started KdtApplication in 1.223 seconds (JVM running for 6.891)
17:15:19.756 [main] WARN  org.prgrms.kdt.app.io.Console - t
17:15:19.757 [main] WARN  org.prgrms.kdt.app.io.Console - t
17:15:24.707 [main] INFO  o.p.k.a.command.VoucherCreateCommand - user create voucher: Voucher{voucherId=830936d3-e074-410e-aa51-d666a0474883, discount=10, createdAt=2021-09-10T17:15:24.615, voucherType=FIX(1)}
17:15:27.200 [main] INFO  o.p.k.a.command.VoucherCreateCommand - user create voucher: Voucher{voucherId=80a7becc-c75c-454f-a211-8bc7e49e3303, discount=100, createdAt=2021-09-10T17:15:27.159248, voucherType=PERCENT(2)}
17:16:22.031 [main] INFO  org.prgrms.kdt.KdtApplication - Starting KdtApplication using Java 16.0.2 on ljoui-MacBookPro.local with PID 19702 (/Users/ljo/Desktop/project/programmers-school/w3-SpringBoot_Part_A/target/classes started by ljo in /Users/ljo/Desktop/project/programmers-school/w3-SpringBoot_Part_A)
17:16:22.033 [main] INFO  org.prgrms.kdt.KdtApplication - No active profile set, falling back to default profiles: default
17:16:22.789 [main] INFO  o.p.kdt.app.CommandLineApplication - CommandLineApplication init
17:16:22.790 [main] INFO  o.p.kdt.app.CommandLineApplication - Init Command types -> {0. EXIT=org.prgrms.kdt.app.command.ExitCommand@5f13be1, 1. VOUCHER_CREATE=org.prgrms.kdt.app.command.VoucherCreateCommand@5f303ecd, 2. VOUCHER_LIST=org.prgrms.kdt.app.command.VoucherListCommand@25a73de1, 3. DELETE_ALL_VOUCHER=org.prgrms.kdt.app.command.VoucherDeleteCommand@50d3bf39, 4. UPDATE_VOUCHER_TYPE=org.prgrms.kdt.app.command.VoucherUpdateTypeCommand@29852487, 5. CUSTOMER_LIST=org.prgrms.kdt.app.command.CustomerListCommand@51dbd6e4, 6. BLACK_CUSTOMER_LIST=org.prgrms.kdt.app.command.BlackCustomerListCommand@1eb6e1c, 7. CUSTOMER_VOUCHER_CREATE=org.prgrms.kdt.app.command.CustomerVoucherCreateCommand@2b8bd14b}
17:16:22.896 [main] INFO  org.prgrms.kdt.KdtApplication - Started KdtApplication in 1.192 seconds (JVM running for 6.882)
17:17:02.400 [main] INFO  org.prgrms.kdt.KdtApplication - Starting KdtApplication using Java 16.0.2 on ljoui-MacBookPro.local with PID 19707 (/Users/ljo/Desktop/project/programmers-school/w3-SpringBoot_Part_A/target/classes started by ljo in /Users/ljo/Desktop/project/programmers-school/w3-SpringBoot_Part_A)
17:17:02.401 [main] INFO  org.prgrms.kdt.KdtApplication - No active profile set, falling back to default profiles: default
17:17:03.367 [main] INFO  o.p.kdt.app.CommandLineApplication - CommandLineApplication init
17:17:03.368 [main] INFO  o.p.kdt.app.CommandLineApplication - Init Command types -> {0. EXIT=org.prgrms.kdt.app.command.ExitCommand@19569ebd, 1. VOUCHER_CREATE=org.prgrms.kdt.app.command.VoucherCreateCommand@4632cfc, 2. VOUCHER_LIST=org.prgrms.kdt.app.command.VoucherListCommand@2e380628, 3. DELETE_ALL_VOUCHER=org.prgrms.kdt.app.command.VoucherDeleteCommand@6e1f8469, 4. UPDATE_VOUCHER_TYPE=org.prgrms.kdt.app.command.VoucherUpdateTypeCommand@3b6c624, 5. CUSTOMER_LIST=org.prgrms.kdt.app.command.CustomerListCommand@52a70627, 6. BLACK_CUSTOMER_LIST=org.prgrms.kdt.app.command.BlackCustomerListCommand@5631962, 7. CUSTOMER_VOUCHER_CREATE=org.prgrms.kdt.app.command.CustomerVoucherCreateCommand@6124287a}
17:17:03.479 [main] INFO  org.prgrms.kdt.KdtApplication - Started KdtApplication in 1.399 seconds (JVM running for 7.075)
17:17:45.804 [main] INFO  org.prgrms.kdt.KdtApplication - Starting KdtApplication using Java 16.0.2 on ljoui-MacBookPro.local with PID 19712 (/Users/ljo/Desktop/project/programmers-school/w3-SpringBoot_Part_A/target/classes started by ljo in /Users/ljo/Desktop/project/programmers-school/w3-SpringBoot_Part_A)
17:17:45.806 [main] INFO  org.prgrms.kdt.KdtApplication - No active profile set, falling back to default profiles: default
17:17:46.630 [main] INFO  o.p.kdt.app.CommandLineApplication - CommandLineApplication init
17:17:46.630 [main] INFO  o.p.kdt.app.CommandLineApplication - Init Command types -> {0. EXIT=org.prgrms.kdt.app.command.ExitCommand@3afae281, 1. VOUCHER_CREATE=org.prgrms.kdt.app.command.VoucherCreateCommand@26ae880a, 2. VOUCHER_LIST=org.prgrms.kdt.app.command.VoucherListCommand@3c017078, 3. DELETE_ALL_VOUCHER=org.prgrms.kdt.app.command.VoucherDeleteCommand@260f2144, 4. UPDATE_VOUCHER_TYPE=org.prgrms.kdt.app.command.VoucherUpdateTypeCommand@51827393, 5. CUSTOMER_LIST=org.prgrms.kdt.app.command.CustomerListCommand@29852487, 6. BLACK_CUSTOMER_LIST=org.prgrms.kdt.app.command.BlackCustomerListCommand@25a73de1, 7. CUSTOMER_VOUCHER_CREATE=org.prgrms.kdt.app.command.CustomerVoucherCreateCommand@771db12c}
17:17:46.747 [main] INFO  org.prgrms.kdt.KdtApplication - Started KdtApplication in 1.28 seconds (JVM running for 7.053)
17:18:31.927 [main] INFO  org.prgrms.kdt.KdtApplication - Starting KdtApplication using Java 16.0.2 on ljoui-MacBookPro.local with PID 19725 (/Users/ljo/Desktop/project/programmers-school/w3-SpringBoot_Part_A/target/classes started by ljo in /Users/ljo/Desktop/project/programmers-school/w3-SpringBoot_Part_A)
17:18:31.929 [main] INFO  org.prgrms.kdt.KdtApplication - No active profile set, falling back to default profiles: default
17:18:32.751 [main] INFO  o.p.kdt.app.CommandLineApplication - CommandLineApplication init
17:18:32.752 [main] INFO  o.p.kdt.app.CommandLineApplication - Init Command types -> {0. EXIT=org.prgrms.kdt.app.command.ExitCommand@30506c0d, 1. VOUCHER_CREATE=org.prgrms.kdt.app.command.VoucherCreateCommand@1dcca8d3, 2. VOUCHER_LIST=org.prgrms.kdt.app.command.VoucherListCommand@52a70627, 3. DELETE_ALL_VOUCHER=org.prgrms.kdt.app.command.VoucherDeleteCommand@5631962, 4. UPDATE_VOUCHER_TYPE=org.prgrms.kdt.app.command.VoucherUpdateTypeCommand@6124287a, 5. CUSTOMER_LIST=org.prgrms.kdt.app.command.CustomerListCommand@675ffd1d, 6. BLACK_CUSTOMER_LIST=org.prgrms.kdt.app.command.BlackCustomerListCommand@6b68cb27, 7. CUSTOMER_VOUCHER_CREATE=org.prgrms.kdt.app.command.CustomerVoucherCreateCommand@56303475}
17:18:32.893 [main] INFO  org.prgrms.kdt.KdtApplication - Started KdtApplication in 1.375 seconds (JVM running for 7.132)
17:19:21.546 [main] INFO  org.prgrms.kdt.KdtApplication - Starting KdtApplication using Java 16.0.2 on ljoui-MacBookPro.local with PID 19730 (/Users/ljo/Desktop/project/programmers-school/w3-SpringBoot_Part_A/target/classes started by ljo in /Users/ljo/Desktop/project/programmers-school/w3-SpringBoot_Part_A)
17:19:21.547 [main] INFO  org.prgrms.kdt.KdtApplication - No active profile set, falling back to default profiles: default
17:19:22.318 [main] INFO  o.p.kdt.app.CommandLineApplication - CommandLineApplication init
17:19:22.319 [main] INFO  o.p.kdt.app.CommandLineApplication - Init Command types -> {0. EXIT=org.prgrms.kdt.app.command.ExitCommand@5f303ecd, 1. VOUCHER_CREATE=org.prgrms.kdt.app.command.VoucherCreateCommand@50d3bf39, 2. VOUCHER_LIST=org.prgrms.kdt.app.command.VoucherListCommand@29852487, 3. DELETE_ALL_VOUCHER=org.prgrms.kdt.app.command.VoucherDeleteCommand@25a73de1, 4. UPDATE_VOUCHER_TYPE=org.prgrms.kdt.app.command.VoucherUpdateTypeCommand@771db12c, 5. CUSTOMER_LIST=org.prgrms.kdt.app.command.CustomerListCommand@2b8bd14b, 6. BLACK_CUSTOMER_LIST=org.prgrms.kdt.app.command.BlackCustomerListCommand@51dbd6e4, 7. CUSTOMER_VOUCHER_CREATE=org.prgrms.kdt.app.command.CustomerVoucherCreateCommand@5f13be1}
17:19:22.434 [main] INFO  org.prgrms.kdt.KdtApplication - Started KdtApplication in 1.221 seconds (JVM running for 6.912)
17:20:14.186 [main] INFO  org.prgrms.kdt.KdtApplication - Starting KdtApplication using Java 16.0.2 on ljoui-MacBookPro.local with PID 19740 (/Users/ljo/Desktop/project/programmers-school/w3-SpringBoot_Part_A/target/classes started by ljo in /Users/ljo/Desktop/project/programmers-school/w3-SpringBoot_Part_A)
17:20:14.187 [main] INFO  org.prgrms.kdt.KdtApplication - No active profile set, falling back to default profiles: default
17:20:14.950 [main] INFO  o.p.kdt.app.CommandLineApplication - CommandLineApplication init
17:20:14.951 [main] INFO  o.p.kdt.app.CommandLineApplication - Init Command types -> {0. EXIT=org.prgrms.kdt.app.command.ExitCommand@652ab8d9, 1. VOUCHER_CREATE=org.prgrms.kdt.app.command.VoucherCreateCommand@14fc5d40, 2. VOUCHER_LIST=org.prgrms.kdt.app.command.VoucherListCommand@47d7bfb3, 3. DELETE_ALL_VOUCHER=org.prgrms.kdt.app.command.VoucherDeleteCommand@51e0301d, 4. UPDATE_VOUCHER_TYPE=org.prgrms.kdt.app.command.VoucherUpdateTypeCommand@770b3be0, 5. CUSTOMER_LIST=org.prgrms.kdt.app.command.CustomerListCommand@31ee96f4, 6. BLACK_CUSTOMER_LIST=org.prgrms.kdt.app.command.BlackCustomerListCommand@5754de72, 7. CUSTOMER_VOUCHER_CREATE=org.prgrms.kdt.app.command.CustomerVoucherCreateCommand@320494b6}
17:20:15.084 [main] INFO  org.prgrms.kdt.KdtApplication - Started KdtApplication in 1.22 seconds (JVM running for 6.97)
17:24:54.992 [main] INFO  org.prgrms.kdt.KdtApplication - Starting KdtApplication using Java 16.0.2 on ljoui-MacBookPro.local with PID 19755 (/Users/ljo/Desktop/project/programmers-school/w3-SpringBoot_Part_A/target/classes started by ljo in /Users/ljo/Desktop/project/programmers-school/w3-SpringBoot_Part_A)
17:24:54.994 [main] INFO  org.prgrms.kdt.KdtApplication - No active profile set, falling back to default profiles: default
17:24:55.802 [main] INFO  o.p.kdt.app.CommandLineApplication - CommandLineApplication init
17:24:55.803 [main] INFO  o.p.kdt.app.CommandLineApplication - Init Command types -> {0. EXIT=org.prgrms.kdt.app.command.ExitCommand@30506c0d, 1. VOUCHER_CREATE=org.prgrms.kdt.app.command.VoucherCreateCommand@1dcca8d3, 2. VOUCHER_LIST=org.prgrms.kdt.app.command.VoucherListCommand@52a70627, 3. DELETE_ALL_VOUCHER=org.prgrms.kdt.app.command.VoucherDeleteCommand@5631962, 4. UPDATE_VOUCHER_TYPE=org.prgrms.kdt.app.command.VoucherUpdateTypeCommand@6124287a, 5. CUSTOMER_LIST=org.prgrms.kdt.app.command.CustomerListCommand@675ffd1d, 6. BLACK_CUSTOMER_LIST=org.prgrms.kdt.app.command.BlackCustomerListCommand@6b68cb27, 7. CUSTOMER_VOUCHER_CREATE=org.prgrms.kdt.app.command.CustomerVoucherCreateCommand@56303475}
17:24:55.919 [main] INFO  org.prgrms.kdt.KdtApplication - Started KdtApplication in 1.254 seconds (JVM running for 7.002)
17:25:43.629 [main] INFO  org.prgrms.kdt.KdtApplication - Starting KdtApplication using Java 16.0.2 on ljoui-MacBookPro.local with PID 19767 (/Users/ljo/Desktop/project/programmers-school/w3-SpringBoot_Part_A/target/classes started by ljo in /Users/ljo/Desktop/project/programmers-school/w3-SpringBoot_Part_A)
17:25:43.631 [main] INFO  org.prgrms.kdt.KdtApplication - No active profile set, falling back to default profiles: default
17:25:44.410 [main] INFO  o.p.kdt.app.CommandLineApplication - CommandLineApplication init
17:25:44.410 [main] INFO  o.p.kdt.app.CommandLineApplication - Init Command types -> {0. EXIT=org.prgrms.kdt.app.command.ExitCommand@51e0301d, 1. VOUCHER_CREATE=org.prgrms.kdt.app.command.VoucherCreateCommand@47d7bfb3, 2. VOUCHER_LIST=org.prgrms.kdt.app.command.VoucherListCommand@1eb6e1c, 3. DELETE_ALL_VOUCHER=org.prgrms.kdt.app.command.VoucherDeleteCommand@770b3be0, 4. UPDATE_VOUCHER_TYPE=org.prgrms.kdt.app.command.VoucherUpdateTypeCommand@51dbd6e4, 5. CUSTOMER_LIST=org.prgrms.kdt.app.command.CustomerListCommand@652ab8d9, 6. BLACK_CUSTOMER_LIST=org.prgrms.kdt.app.command.BlackCustomerListCommand@320494b6, 7. CUSTOMER_VOUCHER_CREATE=org.prgrms.kdt.app.command.CustomerVoucherCreateCommand@14fc5d40}
17:25:44.521 [main] INFO  org.prgrms.kdt.KdtApplication - Started KdtApplication in 1.284 seconds (JVM running for 6.96)
17:30:55.396 [main] INFO  org.prgrms.kdt.KdtApplication - Starting KdtApplication using Java 16.0.2 on ljoui-MacBookPro.local with PID 19826 (/Users/ljo/Desktop/project/programmers-school/w3-SpringBoot_Part_A/target/classes started by ljo in /Users/ljo/Desktop/project/programmers-school/w3-SpringBoot_Part_A)
17:30:55.398 [main] INFO  org.prgrms.kdt.KdtApplication - No active profile set, falling back to default profiles: default
17:30:56.155 [main] INFO  o.p.kdt.app.CommandLineApplication - CommandLineApplication init
17:30:56.156 [main] INFO  o.p.kdt.app.CommandLineApplication - Init Command types -> {0. EXIT=org.prgrms.kdt.app.command.ExitCommand@3b6c624, 1. VOUCHER_CREATE=org.prgrms.kdt.app.command.VoucherCreateCommand@1eaf1e62, 2. VOUCHER_LIST=org.prgrms.kdt.app.command.VoucherListCommand@62e6a3ec, 3. DELETE_ALL_VOUCHER=org.prgrms.kdt.app.command.VoucherDeleteCommand@c81fd12, 4. UPDATE_VOUCHER_TYPE=org.prgrms.kdt.app.command.VoucherUpdateTypeCommand@5754de72, 5. CUSTOMER_LIST=org.prgrms.kdt.app.command.CustomerListCommand@6e1f8469, 6. BLACK_CUSTOMER_LIST=org.prgrms.kdt.app.command.BlackCustomerListCommand@4632cfc, 7. CUSTOMER_VOUCHER_CREATE=org.prgrms.kdt.app.command.CustomerVoucherCreateCommand@2e380628}
17:30:56.258 [main] INFO  org.prgrms.kdt.KdtApplication - Started KdtApplication in 1.201 seconds (JVM running for 6.896)
17:31:10.305 [main] INFO  o.p.k.a.c.CustomerVoucherCreateCommand - command c: 33383833-3562-3863-2d31-3166302d3131, v: 38306137-6265-6363-2d63-3735632d3435
17:32:02.612 [main] INFO  org.prgrms.kdt.KdtApplication - Starting KdtApplication using Java 16.0.2 on ljoui-MacBookPro.local with PID 19842 (/Users/ljo/Desktop/project/programmers-school/w3-SpringBoot_Part_A/target/classes started by ljo in /Users/ljo/Desktop/project/programmers-school/w3-SpringBoot_Part_A)
17:32:02.614 [main] INFO  org.prgrms.kdt.KdtApplication - No active profile set, falling back to default profiles: default
17:32:03.425 [main] INFO  o.p.kdt.app.CommandLineApplication - CommandLineApplication init
17:32:03.426 [main] INFO  o.p.kdt.app.CommandLineApplication - Init Command types -> {0. EXIT=org.prgrms.kdt.app.command.ExitCommand@1eb6e1c, 1. VOUCHER_CREATE=org.prgrms.kdt.app.command.VoucherCreateCommand@51dbd6e4, 2. VOUCHER_LIST=org.prgrms.kdt.app.command.VoucherListCommand@5f13be1, 3. DELETE_ALL_VOUCHER=org.prgrms.kdt.app.command.VoucherDeleteCommand@2b8bd14b, 4. UPDATE_VOUCHER_TYPE=org.prgrms.kdt.app.command.VoucherUpdateTypeCommand@5f303ecd, 5. CUSTOMER_LIST=org.prgrms.kdt.app.command.CustomerListCommand@47d7bfb3, 6. BLACK_CUSTOMER_LIST=org.prgrms.kdt.app.command.BlackCustomerListCommand@51e0301d, 7. CUSTOMER_VOUCHER_CREATE=org.prgrms.kdt.app.command.CustomerVoucherCreateCommand@770b3be0}
17:32:03.543 [main] INFO  org.prgrms.kdt.KdtApplication - Started KdtApplication in 1.291 seconds (JVM running for 7.011)
17:32:22.685 [main] INFO  o.p.k.a.c.CustomerVoucherCreateCommand - command c: 38835b8c-11f0-11ec-bea4-dbca6392b2c6, v: 80a7becc-c75c-454f-a211-8bc7e49e3303
17:32:22.843 [main] INFO  o.p.k.a.c.CustomerVoucherCreateCommand - created wallet is org.prgrms.kdt.model.wallet.Wallet@26350ea2
17:51:16.564 [main] INFO  org.prgrms.kdt.KdtApplication - Starting KdtApplication using Java 16.0.2 on ljoui-MacBookPro.local with PID 19944 (/Users/ljo/Desktop/project/programmers-school/w3-SpringBoot_Part_A/target/classes started by ljo in /Users/ljo/Desktop/project/programmers-school/w3-SpringBoot_Part_A)
17:51:16.565 [main] INFO  org.prgrms.kdt.KdtApplication - No active profile set, falling back to default profiles: default
17:51:17.364 [main] INFO  o.p.kdt.app.CommandLineApplication - CommandLineApplication init
17:51:17.364 [main] INFO  o.p.kdt.app.CommandLineApplication - Init Command types -> {0. EXIT=org.prgrms.kdt.app.command.ExitCommand@50d3bf39, 1. VOUCHER_CREATE=org.prgrms.kdt.app.command.VoucherCreateCommand@25a73de1, 2. VOUCHER_LIST=org.prgrms.kdt.app.command.VoucherListCommand@771db12c, 3. DELETE_ALL_VOUCHER=org.prgrms.kdt.app.command.VoucherDeleteCommand@29852487, 4. UPDATE_VOUCHER_TYPE=org.prgrms.kdt.app.command.VoucherUpdateTypeCommand@3afae281, 5. CUSTOMER_LIST=org.prgrms.kdt.app.command.CustomerListCommand@5f13be1, 6. BLACK_CUSTOMER_LIST=org.prgrms.kdt.app.command.BlackCustomerListCommand@2b8bd14b, 7. CUSTOMER_VOUCHER_CREATE=org.prgrms.kdt.app.command.CustomerVoucherCreateCommand@5f303ecd}
17:51:17.474 [main] INFO  org.prgrms.kdt.KdtApplication - Started KdtApplication in 1.233 seconds (JVM running for 6.918)
17:51:53.692 [main] INFO  org.prgrms.kdt.KdtApplication - Starting KdtApplication using Java 16.0.2 on ljoui-MacBookPro.local with PID 19962 (/Users/ljo/Desktop/project/programmers-school/w3-SpringBoot_Part_A/target/classes started by ljo in /Users/ljo/Desktop/project/programmers-school/w3-SpringBoot_Part_A)
17:51:53.698 [main] INFO  org.prgrms.kdt.KdtApplication - No active profile set, falling back to default profiles: default
17:51:54.639 [main] INFO  o.p.kdt.app.CommandLineApplication - CommandLineApplication init
17:51:54.640 [main] INFO  o.p.kdt.app.CommandLineApplication - Init Command types -> {0. EXIT=org.prgrms.kdt.app.command.ExitCommand@25a73de1, 1. VOUCHER_CREATE=org.prgrms.kdt.app.command.VoucherCreateCommand@29852487, 2. VOUCHER_LIST=org.prgrms.kdt.app.command.VoucherListCommand@3afae281, 3. DELETE_ALL_VOUCHER=org.prgrms.kdt.app.command.VoucherDeleteCommand@771db12c, 4. UPDATE_VOUCHER_TYPE=org.prgrms.kdt.app.command.VoucherUpdateTypeCommand@26ae880a, 5. CUSTOMER_LIST=org.prgrms.kdt.app.command.CustomerListCommand@5f13be1, 6. BLACK_CUSTOMER_LIST=org.prgrms.kdt.app.command.BlackCustomerListCommand@2b8bd14b, 7. CUSTOMER_VOUCHER_CREATE=org.prgrms.kdt.app.command.CustomerVoucherCreateCommand@5f303ecd, 8. CUSTOMER_VOUCHER_LIST=org.prgrms.kdt.app.command.CustomerVoucherListCommand@50d3bf39}
17:51:54.750 [main] INFO  org.prgrms.kdt.KdtApplication - Started KdtApplication in 1.388 seconds (JVM running for 7.096)
