14:43:49.682 [main] ERROR o.prgrms.kdt.JdbcCustomerRepository - Got an error while closing connection
java.sql.SQLSyntaxErrorException: Table 'order_mgmt.custom' doesn't exist
	at com.mysql.cj.jdbc.exceptions.SQLError.createSQLException(SQLError.java:120)
	at com.mysql.cj.jdbc.exceptions.SQLExceptionsMapping.translateException(SQLExceptionsMapping.java:122)
	at com.mysql.cj.jdbc.StatementImpl.executeQuery(StatementImpl.java:1202)
	at org.prgrms.kdt.JdbcCustomerRepository.main(JdbcCustomerRepository.java:19)
14:45:33.767 [main] INFO  o.prgrms.kdt.JdbcCustomerRepository - customer name -> tester00 
14:45:33.772 [main] INFO  o.prgrms.kdt.JdbcCustomerRepository - customer name -> tester01 
14:45:33.773 [main] INFO  o.prgrms.kdt.JdbcCustomerRepository - customer name -> tester02 
14:48:44.733 [main] INFO  o.prgrms.kdt.JdbcCustomerRepository - customer id -> ff4375c5-798e-3674-a246-2cb4dfb8eea8, customer name -> tester00 
14:48:44.737 [main] INFO  o.prgrms.kdt.JdbcCustomerRepository - customer id -> cce7f614-229e-3a95-8cce-16b59d162d37, customer name -> tester01 
14:48:44.738 [main] INFO  o.prgrms.kdt.JdbcCustomerRepository - customer id -> f06d776f-ab90-34ae-9b57-88a3970f1944, customer name -> tester02 
14:55:04.647 [main] INFO  o.prgrms.kdt.JdbcCustomerRepository - customer id -> ff4375c5-798e-3674-a246-2cb4dfb8eea8, customer name -> tester00 
14:55:04.651 [main] INFO  o.prgrms.kdt.JdbcCustomerRepository - customer id -> cce7f614-229e-3a95-8cce-16b59d162d37, customer name -> tester01 
14:55:04.651 [main] INFO  o.prgrms.kdt.JdbcCustomerRepository - customer id -> f06d776f-ab90-34ae-9b57-88a3970f1944, customer name -> tester02 
15:38:24.207 [main] INFO  o.prgrms.kdt.JdbcCustomerRepository - customer id -> ff4375c5-798e-3674-a246-2cb4dfb8eea8, customer name -> tester00, createdAt -> 2021-08-25T03:59:46 
15:38:24.210 [main] INFO  o.prgrms.kdt.JdbcCustomerRepository - customer id -> cce7f614-229e-3a95-8cce-16b59d162d37, customer name -> tester01, createdAt -> 2021-08-25T03:59:46 
15:38:24.211 [main] INFO  o.prgrms.kdt.JdbcCustomerRepository - customer id -> f06d776f-ab90-34ae-9b57-88a3970f1944, customer name -> tester02, createdAt -> 2021-08-25T03:59:46 
15:50:04.856 [main] INFO  o.prgrms.kdt.JdbcCustomerRepository - customer id -> cce7f614-229e-3a95-8cce-16b59d162d37, customer name -> tester01, createdAt -> 2021-08-25T03:59:46 
15:50:04.865 [main] INFO  o.prgrms.kdt.JdbcCustomerRepository - Founded Name : tester01
15:51:23.850 [main] INFO  o.prgrms.kdt.JdbcCustomerRepository - customer id -> ff4375c5-798e-3674-a246-2cb4dfb8eea8, customer name -> tester00, createdAt -> 2021-08-25T03:59:46 
15:51:23.854 [main] INFO  o.prgrms.kdt.JdbcCustomerRepository - customer id -> cce7f614-229e-3a95-8cce-16b59d162d37, customer name -> tester01, createdAt -> 2021-08-25T03:59:46 
15:51:23.854 [main] INFO  o.prgrms.kdt.JdbcCustomerRepository - customer id -> f06d776f-ab90-34ae-9b57-88a3970f1944, customer name -> tester02, createdAt -> 2021-08-25T03:59:46 
15:51:23.859 [main] INFO  o.prgrms.kdt.JdbcCustomerRepository - Founded Name : tester00
15:51:23.859 [main] INFO  o.prgrms.kdt.JdbcCustomerRepository - Founded Name : tester01
15:51:23.859 [main] INFO  o.prgrms.kdt.JdbcCustomerRepository - Founded Name : tester02
15:59:56.525 [main] INFO  o.prgrms.kdt.JdbcCustomerRepository - customer id -> cce7f614-229e-3a95-8cce-16b59d162d37, customer name -> tester01, createdAt -> 2021-08-25T03:59:46 
15:59:56.539 [main] INFO  o.prgrms.kdt.JdbcCustomerRepository - Founded Name : tester01
17:10:20.758 [main] INFO  o.prgrms.kdt.JdbcCustomerRepository - customer id -> 29f98153-dbe7-37c7-a54b-d374223cfe3f, customer name -> new-user2, createdAt -> 2021-08-25T08:10:20 
17:10:20.764 [main] INFO  o.prgrms.kdt.JdbcCustomerRepository - customer id -> 8d4dcdff-a7fc-3dca-8ec4-a2c183f8c5d1, customer name -> new-user1, createdAt -> 2021-08-25T08:10:20 
17:10:20.764 [main] INFO  o.prgrms.kdt.JdbcCustomerRepository - customer id -> ff4375c5-798e-3674-a246-2cb4dfb8eea8, customer name -> tester00, createdAt -> 2021-08-25T03:59:46 
17:10:20.765 [main] INFO  o.prgrms.kdt.JdbcCustomerRepository - customer id -> cce7f614-229e-3a95-8cce-16b59d162d37, customer name -> tester01, createdAt -> 2021-08-25T03:59:46 
17:10:20.765 [main] INFO  o.prgrms.kdt.JdbcCustomerRepository - customer id -> f06d776f-ab90-34ae-9b57-88a3970f1944, customer name -> tester02, createdAt -> 2021-08-25T03:59:46 
17:10:20.767 [main] INFO  o.prgrms.kdt.JdbcCustomerRepository - Founded Name : new-user2
17:10:20.767 [main] INFO  o.prgrms.kdt.JdbcCustomerRepository - Founded Name : new-user1
17:10:20.767 [main] INFO  o.prgrms.kdt.JdbcCustomerRepository - Founded Name : tester00
17:10:20.767 [main] INFO  o.prgrms.kdt.JdbcCustomerRepository - Founded Name : tester01
17:10:20.767 [main] INFO  o.prgrms.kdt.JdbcCustomerRepository - Founded Name : tester02
17:17:00.016 [main] INFO  o.prgrms.kdt.JdbcCustomerRepository - deleted count -> 5 
17:17:00.218 [main] INFO  o.prgrms.kdt.JdbcCustomerRepository - customer id -> 3c46681a-416e-3df3-9649-88c1201dc314, customer name -> new-user1, createdAt -> 2021-08-25T08:17 
17:17:00.218 [main] INFO  o.prgrms.kdt.JdbcCustomerRepository - customer id -> a649e7ae-bbd5-3da0-ae53-feff8b1ae0ae, customer name -> new-user2, createdAt -> 2021-08-25T08:17 
17:17:00.220 [main] INFO  o.prgrms.kdt.JdbcCustomerRepository - Founded Name : new-user1
17:17:00.221 [main] INFO  o.prgrms.kdt.JdbcCustomerRepository - Founded Name : new-user2
17:17:06.974 [main] INFO  o.prgrms.kdt.JdbcCustomerRepository - deleted count -> 2 
17:17:07.173 [main] INFO  o.prgrms.kdt.JdbcCustomerRepository - customer id -> 5927c923-b786-3ef6-920b-0640a1b913fa, customer name -> new-user2, createdAt -> 2021-08-25T08:17:07 
17:17:07.174 [main] INFO  o.prgrms.kdt.JdbcCustomerRepository - customer id -> 5e1d8ab8-5b79-3155-9c74-9bbca46b4216, customer name -> new-user1, createdAt -> 2021-08-25T08:17:07 
17:17:07.176 [main] INFO  o.prgrms.kdt.JdbcCustomerRepository - Founded Name : new-user2
17:17:07.177 [main] INFO  o.prgrms.kdt.JdbcCustomerRepository - Founded Name : new-user1
17:21:46.584 [main] INFO  o.prgrms.kdt.JdbcCustomerRepository - deleted count -> 2 
17:21:46.805 [main] INFO  o.prgrms.kdt.JdbcCustomerRepository - customer id -> d06ef770-ba56-30f3-9fac-9f21fdb2db4a, customer name -> new-user1, createdAt -> 2021-08-25T08:21:46 
17:21:46.806 [main] INFO  o.prgrms.kdt.JdbcCustomerRepository - customer id -> 681af1a9-515e-31f0-aa65-e70abe4ec11f, customer name -> updated-user2, createdAt -> 2021-08-25T08:21:46 
17:21:46.808 [main] INFO  o.prgrms.kdt.JdbcCustomerRepository - Founded Name : new-user1
17:21:46.809 [main] INFO  o.prgrms.kdt.JdbcCustomerRepository - Founded Name : updated-user2
17:23:17.569 [main] INFO  o.prgrms.kdt.JdbcCustomerRepository - deleted count -> 2 
17:23:17.789 [main] INFO  o.prgrms.kdt.JdbcCustomerRepository - Founded Name : new-user1
17:23:17.790 [main] INFO  o.prgrms.kdt.JdbcCustomerRepository - Founded Name : updated-user2
17:25:02.779 [main] INFO  o.prgrms.kdt.JdbcCustomerRepository - deleted count -> 2 
17:25:02.953 [main] INFO  o.prgrms.kdt.JdbcCustomerRepository - Founded Name : new-user2
17:25:02.953 [main] INFO  o.prgrms.kdt.JdbcCustomerRepository - Founded Name : new-user1
17:25:03.052 [main] INFO  o.prgrms.kdt.JdbcCustomerRepository - Founded name : updated-user2
17:25:03.053 [main] INFO  o.prgrms.kdt.JdbcCustomerRepository - Founded name : new-user1
19:16:35.235 [main] INFO  o.prgrms.kdt.JdbcCustomerRepository - deleted count -> 3 
19:16:35.241 [main] INFO  o.prgrms.kdt.JdbcCustomerRepository - created customerId -> da6a517f-9a61-4d24-b557-b7c3aa46aefa
19:16:35.443 [main] INFO  o.prgrms.kdt.JdbcCustomerRepository - Founded Name : new-user
19:16:47.463 [main] INFO  o.prgrms.kdt.JdbcCustomerRepository - deleted count -> 1 
19:16:47.469 [main] INFO  o.prgrms.kdt.JdbcCustomerRepository - created customerId -> 67264c6f-94c0-40b2-a421-eb7f3923d989
19:16:47.675 [main] INFO  o.prgrms.kdt.JdbcCustomerRepository - Founded Name : 8ade0980-ba2d-387f-a19a-cc86ce891380
19:19:26.850 [main] INFO  o.prgrms.kdt.JdbcCustomerRepository - deleted count -> 1 
19:19:26.855 [main] INFO  o.prgrms.kdt.JdbcCustomerRepository - created customerId -> f180493a-0164-44f2-b19b-6ceb5112c328
19:19:26.855 [main] INFO  o.prgrms.kdt.JdbcCustomerRepository - created UUID Version -> 4
19:19:27.009 [main] INFO  o.prgrms.kdt.JdbcCustomerRepository - Founded customerId : 38c0f5ec-cf40-38e5-a5b0-ef03ec1a866a and version : 3
19:22:20.423 [main] INFO  o.prgrms.kdt.JdbcCustomerRepository - deleted count -> 1 
19:22:20.427 [main] INFO  o.prgrms.kdt.JdbcCustomerRepository - created customerId -> e19977f2-ddfc-45a0-bcd6-52aa27361b18
19:22:20.428 [main] INFO  o.prgrms.kdt.JdbcCustomerRepository - created UUID Version -> 4
19:22:20.556 [main] INFO  o.prgrms.kdt.JdbcCustomerRepository - Founded customerId : e19977f2-ddfc-45a0-bcd6-52aa27361b18 and version : 4
19:25:21.904 [main] INFO  o.prgrms.kdt.JdbcCustomerRepository - deleted count -> 1 
19:25:21.909 [main] INFO  o.prgrms.kdt.JdbcCustomerRepository - created customerId -> 7231d395-60ec-4558-951f-2b016addc836
19:25:21.910 [main] INFO  o.prgrms.kdt.JdbcCustomerRepository - created UUID Version -> 4
19:25:22.062 [main] INFO  o.prgrms.kdt.JdbcCustomerRepository - Founded customerId : 7231d395-60ec-4558-951f-2b016addc836 and version : 4
