23:13:21.071 [main] INFO  com.pgms.part1.DemoApplication - Starting DemoApplication using Java 17.0.6 with PID 8079 (/Users/kyunghunkim/devcourse/springboot-basic/basic/build/classes/java/main started by kyunghunkim in /Users/kyunghunkim/devcourse/springboot-basic)
23:13:21.072 [main] INFO  com.pgms.part1.DemoApplication - The following 1 profile is active: "file"
23:13:21.296 [main] WARN  o.s.c.a.AnnotationConfigApplicationContext - Exception encountered during context initialization - cancelling refresh attempt: org.springframework.beans.factory.UnsatisfiedDependencyException: Error creating bean with name 'programRunner' defined in file [/Users/kyunghunkim/devcourse/springboot-basic/basic/build/classes/java/main/com/pgms/part1/ProgramRunner.class]: Unsatisfied dependency expressed through constructor parameter 0: Error creating bean with name 'voucherController' defined in file [/Users/kyunghunkim/devcourse/springboot-basic/basic/build/classes/java/main/com/pgms/part1/domain/voucher/controller/VoucherController.class]: Unsatisfied dependency expressed through constructor parameter 1: Error creating bean with name 'voucherService' defined in file [/Users/kyunghunkim/devcourse/springboot-basic/basic/build/classes/java/main/com/pgms/part1/domain/voucher/service/VoucherService.class]: Unsatisfied dependency expressed through constructor parameter 0: Error creating bean with name 'voucherFileRepository' defined in file [/Users/kyunghunkim/devcourse/springboot-basic/basic/build/classes/java/main/com/pgms/part1/domain/voucher/repository/VoucherFileRepository.class]: Failed to instantiate [com.pgms.part1.domain.voucher.repository.VoucherFileRepository]: Constructor threw exception
23:13:21.303 [main] INFO  o.s.b.a.l.ConditionEvaluationReportLogger - 

Error starting ApplicationContext. To display the condition evaluation report re-run your application with 'debug' enabled.
23:13:21.320 [main] ERROR o.s.boot.SpringApplication - Application run failed
org.springframework.beans.factory.UnsatisfiedDependencyException: Error creating bean with name 'programRunner' defined in file [/Users/kyunghunkim/devcourse/springboot-basic/basic/build/classes/java/main/com/pgms/part1/ProgramRunner.class]: Unsatisfied dependency expressed through constructor parameter 0: Error creating bean with name 'voucherController' defined in file [/Users/kyunghunkim/devcourse/springboot-basic/basic/build/classes/java/main/com/pgms/part1/domain/voucher/controller/VoucherController.class]: Unsatisfied dependency expressed through constructor parameter 1: Error creating bean with name 'voucherService' defined in file [/Users/kyunghunkim/devcourse/springboot-basic/basic/build/classes/java/main/com/pgms/part1/domain/voucher/service/VoucherService.class]: Unsatisfied dependency expressed through constructor parameter 0: Error creating bean with name 'voucherFileRepository' defined in file [/Users/kyunghunkim/devcourse/springboot-basic/basic/build/classes/java/main/com/pgms/part1/domain/voucher/repository/VoucherFileRepository.class]: Failed to instantiate [com.pgms.part1.domain.voucher.repository.VoucherFileRepository]: Constructor threw exception
	at org.springframework.beans.factory.support.ConstructorResolver.createArgumentArray(ConstructorResolver.java:801)
	at org.springframework.beans.factory.support.ConstructorResolver.autowireConstructor(ConstructorResolver.java:240)
	at org.springframework.beans.factory.support.AbstractAutowireCapableBeanFactory.autowireConstructor(AbstractAutowireCapableBeanFactory.java:1352)
	at org.springframework.beans.factory.support.AbstractAutowireCapableBeanFactory.createBeanInstance(AbstractAutowireCapableBeanFactory.java:1189)
	at org.springframework.beans.factory.support.AbstractAutowireCapableBeanFactory.doCreateBean(AbstractAutowireCapableBeanFactory.java:560)
	at org.springframework.beans.factory.support.AbstractAutowireCapableBeanFactory.createBean(AbstractAutowireCapableBeanFactory.java:520)
	at org.springframework.beans.factory.support.AbstractBeanFactory.lambda$doGetBean$0(AbstractBeanFactory.java:325)
	at org.springframework.beans.factory.support.DefaultSingletonBeanRegistry.getSingleton(DefaultSingletonBeanRegistry.java:234)
	at org.springframework.beans.factory.support.AbstractBeanFactory.doGetBean(AbstractBeanFactory.java:323)
	at org.springframework.beans.factory.support.AbstractBeanFactory.getBean(AbstractBeanFactory.java:199)
	at org.springframework.beans.factory.support.DefaultListableBeanFactory.preInstantiateSingletons(DefaultListableBeanFactory.java:973)
	at org.springframework.context.support.AbstractApplicationContext.finishBeanFactoryInitialization(AbstractApplicationContext.java:942)
	at org.springframework.context.support.AbstractApplicationContext.refresh(AbstractApplicationContext.java:608)
	at org.springframework.boot.SpringApplication.refresh(SpringApplication.java:737)
	at org.springframework.boot.SpringApplication.refreshContext(SpringApplication.java:439)
	at org.springframework.boot.SpringApplication.run(SpringApplication.java:315)
	at org.springframework.boot.SpringApplication.run(SpringApplication.java:1309)
	at org.springframework.boot.SpringApplication.run(SpringApplication.java:1298)
	at com.pgms.part1.DemoApplication.main(DemoApplication.java:10)
Caused by: org.springframework.beans.factory.UnsatisfiedDependencyException: Error creating bean with name 'voucherController' defined in file [/Users/kyunghunkim/devcourse/springboot-basic/basic/build/classes/java/main/com/pgms/part1/domain/voucher/controller/VoucherController.class]: Unsatisfied dependency expressed through constructor parameter 1: Error creating bean with name 'voucherService' defined in file [/Users/kyunghunkim/devcourse/springboot-basic/basic/build/classes/java/main/com/pgms/part1/domain/voucher/service/VoucherService.class]: Unsatisfied dependency expressed through constructor parameter 0: Error creating bean with name 'voucherFileRepository' defined in file [/Users/kyunghunkim/devcourse/springboot-basic/basic/build/classes/java/main/com/pgms/part1/domain/voucher/repository/VoucherFileRepository.class]: Failed to instantiate [com.pgms.part1.domain.voucher.repository.VoucherFileRepository]: Constructor threw exception
	at org.springframework.beans.factory.support.ConstructorResolver.createArgumentArray(ConstructorResolver.java:801)
	at org.springframework.beans.factory.support.ConstructorResolver.autowireConstructor(ConstructorResolver.java:240)
	at org.springframework.beans.factory.support.AbstractAutowireCapableBeanFactory.autowireConstructor(AbstractAutowireCapableBeanFactory.java:1352)
	at org.springframework.beans.factory.support.AbstractAutowireCapableBeanFactory.createBeanInstance(AbstractAutowireCapableBeanFactory.java:1189)
	at org.springframework.beans.factory.support.AbstractAutowireCapableBeanFactory.doCreateBean(AbstractAutowireCapableBeanFactory.java:560)
	at org.springframework.beans.factory.support.AbstractAutowireCapableBeanFactory.createBean(AbstractAutowireCapableBeanFactory.java:520)
	at org.springframework.beans.factory.support.AbstractBeanFactory.lambda$doGetBean$0(AbstractBeanFactory.java:325)
	at org.springframework.beans.factory.support.DefaultSingletonBeanRegistry.getSingleton(DefaultSingletonBeanRegistry.java:234)
	at org.springframework.beans.factory.support.AbstractBeanFactory.doGetBean(AbstractBeanFactory.java:323)
	at org.springframework.beans.factory.support.AbstractBeanFactory.getBean(AbstractBeanFactory.java:199)
	at org.springframework.beans.factory.config.DependencyDescriptor.resolveCandidate(DependencyDescriptor.java:254)
	at org.springframework.beans.factory.support.DefaultListableBeanFactory.doResolveDependency(DefaultListableBeanFactory.java:1417)
	at org.springframework.beans.factory.support.DefaultListableBeanFactory.resolveDependency(DefaultListableBeanFactory.java:1337)
	at org.springframework.beans.factory.support.ConstructorResolver.resolveAutowiredArgument(ConstructorResolver.java:910)
	at org.springframework.beans.factory.support.ConstructorResolver.createArgumentArray(ConstructorResolver.java:788)
	... 18 common frames omitted
Caused by: org.springframework.beans.factory.UnsatisfiedDependencyException: Error creating bean with name 'voucherService' defined in file [/Users/kyunghunkim/devcourse/springboot-basic/basic/build/classes/java/main/com/pgms/part1/domain/voucher/service/VoucherService.class]: Unsatisfied dependency expressed through constructor parameter 0: Error creating bean with name 'voucherFileRepository' defined in file [/Users/kyunghunkim/devcourse/springboot-basic/basic/build/classes/java/main/com/pgms/part1/domain/voucher/repository/VoucherFileRepository.class]: Failed to instantiate [com.pgms.part1.domain.voucher.repository.VoucherFileRepository]: Constructor threw exception
	at org.springframework.beans.factory.support.ConstructorResolver.createArgumentArray(ConstructorResolver.java:801)
	at org.springframework.beans.factory.support.ConstructorResolver.autowireConstructor(ConstructorResolver.java:240)
	at org.springframework.beans.factory.support.AbstractAutowireCapableBeanFactory.autowireConstructor(AbstractAutowireCapableBeanFactory.java:1352)
	at org.springframework.beans.factory.support.AbstractAutowireCapableBeanFactory.createBeanInstance(AbstractAutowireCapableBeanFactory.java:1189)
	at org.springframework.beans.factory.support.AbstractAutowireCapableBeanFactory.doCreateBean(AbstractAutowireCapableBeanFactory.java:560)
	at org.springframework.beans.factory.support.AbstractAutowireCapableBeanFactory.createBean(AbstractAutowireCapableBeanFactory.java:520)
	at org.springframework.beans.factory.support.AbstractBeanFactory.lambda$doGetBean$0(AbstractBeanFactory.java:325)
	at org.springframework.beans.factory.support.DefaultSingletonBeanRegistry.getSingleton(DefaultSingletonBeanRegistry.java:234)
	at org.springframework.beans.factory.support.AbstractBeanFactory.doGetBean(AbstractBeanFactory.java:323)
	at org.springframework.beans.factory.support.AbstractBeanFactory.getBean(AbstractBeanFactory.java:199)
	at org.springframework.beans.factory.config.DependencyDescriptor.resolveCandidate(DependencyDescriptor.java:254)
	at org.springframework.beans.factory.support.DefaultListableBeanFactory.doResolveDependency(DefaultListableBeanFactory.java:1417)
	at org.springframework.beans.factory.support.DefaultListableBeanFactory.resolveDependency(DefaultListableBeanFactory.java:1337)
	at org.springframework.beans.factory.support.ConstructorResolver.resolveAutowiredArgument(ConstructorResolver.java:910)
	at org.springframework.beans.factory.support.ConstructorResolver.createArgumentArray(ConstructorResolver.java:788)
	... 32 common frames omitted
Caused by: org.springframework.beans.factory.BeanCreationException: Error creating bean with name 'voucherFileRepository' defined in file [/Users/kyunghunkim/devcourse/springboot-basic/basic/build/classes/java/main/com/pgms/part1/domain/voucher/repository/VoucherFileRepository.class]: Failed to instantiate [com.pgms.part1.domain.voucher.repository.VoucherFileRepository]: Constructor threw exception
	at org.springframework.beans.factory.support.AbstractAutowireCapableBeanFactory.instantiateBean(AbstractAutowireCapableBeanFactory.java:1314)
	at org.springframework.beans.factory.support.AbstractAutowireCapableBeanFactory.createBeanInstance(AbstractAutowireCapableBeanFactory.java:1199)
	at org.springframework.beans.factory.support.AbstractAutowireCapableBeanFactory.doCreateBean(AbstractAutowireCapableBeanFactory.java:560)
	at org.springframework.beans.factory.support.AbstractAutowireCapableBeanFactory.createBean(AbstractAutowireCapableBeanFactory.java:520)
	at org.springframework.beans.factory.support.AbstractBeanFactory.lambda$doGetBean$0(AbstractBeanFactory.java:325)
	at org.springframework.beans.factory.support.DefaultSingletonBeanRegistry.getSingleton(DefaultSingletonBeanRegistry.java:234)
	at org.springframework.beans.factory.support.AbstractBeanFactory.doGetBean(AbstractBeanFactory.java:323)
	at org.springframework.beans.factory.support.AbstractBeanFactory.getBean(AbstractBeanFactory.java:199)
	at org.springframework.beans.factory.config.DependencyDescriptor.resolveCandidate(DependencyDescriptor.java:254)
	at org.springframework.beans.factory.support.DefaultListableBeanFactory.doResolveDependency(DefaultListableBeanFactory.java:1417)
	at org.springframework.beans.factory.support.DefaultListableBeanFactory.resolveDependency(DefaultListableBeanFactory.java:1337)
	at org.springframework.beans.factory.support.ConstructorResolver.resolveAutowiredArgument(ConstructorResolver.java:910)
	at org.springframework.beans.factory.support.ConstructorResolver.createArgumentArray(ConstructorResolver.java:788)
	... 46 common frames omitted
Caused by: org.springframework.beans.BeanInstantiationException: Failed to instantiate [com.pgms.part1.domain.voucher.repository.VoucherFileRepository]: Constructor threw exception
	at org.springframework.beans.BeanUtils.instantiateClass(BeanUtils.java:224)
	at org.springframework.beans.factory.support.SimpleInstantiationStrategy.instantiate(SimpleInstantiationStrategy.java:87)
	at org.springframework.beans.factory.support.AbstractAutowireCapableBeanFactory.instantiateBean(AbstractAutowireCapableBeanFactory.java:1308)
	... 58 common frames omitted
Caused by: java.lang.RuntimeException: can not create file!!
	at com.pgms.part1.domain.voucher.repository.VoucherFileRepository.createFile(VoucherFileRepository.java:49)
	at com.pgms.part1.domain.voucher.repository.VoucherFileRepository.<init>(VoucherFileRepository.java:20)
	at java.base/jdk.internal.reflect.NativeConstructorAccessorImpl.newInstance0(Native Method)
	at java.base/jdk.internal.reflect.NativeConstructorAccessorImpl.newInstance(NativeConstructorAccessorImpl.java:77)
	at java.base/jdk.internal.reflect.DelegatingConstructorAccessorImpl.newInstance(DelegatingConstructorAccessorImpl.java:45)
	at java.base/java.lang.reflect.Constructor.newInstanceWithCaller(Constructor.java:499)
	at java.base/java.lang.reflect.Constructor.newInstance(Constructor.java:480)
	at org.springframework.beans.BeanUtils.instantiateClass(BeanUtils.java:198)
	... 60 common frames omitted
23:15:40.353 [main] INFO  com.pgms.part1.DemoApplication - Starting DemoApplication using Java 17.0.6 with PID 8212 (/Users/kyunghunkim/devcourse/springboot-basic/basic/build/classes/java/main started by kyunghunkim in /Users/kyunghunkim/devcourse/springboot-basic)
23:15:40.356 [main] INFO  com.pgms.part1.DemoApplication - The following 1 profile is active: "file"
23:15:40.584 [main] WARN  o.s.c.a.AnnotationConfigApplicationContext - Exception encountered during context initialization - cancelling refresh attempt: org.springframework.beans.factory.UnsatisfiedDependencyException: Error creating bean with name 'programRunner' defined in file [/Users/kyunghunkim/devcourse/springboot-basic/basic/build/classes/java/main/com/pgms/part1/ProgramRunner.class]: Unsatisfied dependency expressed through constructor parameter 0: Error creating bean with name 'voucherController' defined in file [/Users/kyunghunkim/devcourse/springboot-basic/basic/build/classes/java/main/com/pgms/part1/domain/voucher/controller/VoucherController.class]: Unsatisfied dependency expressed through constructor parameter 1: Error creating bean with name 'voucherService' defined in file [/Users/kyunghunkim/devcourse/springboot-basic/basic/build/classes/java/main/com/pgms/part1/domain/voucher/service/VoucherService.class]: Unsatisfied dependency expressed through constructor parameter 0: Error creating bean with name 'voucherFileRepository' defined in file [/Users/kyunghunkim/devcourse/springboot-basic/basic/build/classes/java/main/com/pgms/part1/domain/voucher/repository/VoucherFileRepository.class]: Failed to instantiate [com.pgms.part1.domain.voucher.repository.VoucherFileRepository]: Constructor threw exception
23:15:40.591 [main] INFO  o.s.b.a.l.ConditionEvaluationReportLogger - 

Error starting ApplicationContext. To display the condition evaluation report re-run your application with 'debug' enabled.
23:15:40.603 [main] ERROR o.s.boot.SpringApplication - Application run failed
org.springframework.beans.factory.UnsatisfiedDependencyException: Error creating bean with name 'programRunner' defined in file [/Users/kyunghunkim/devcourse/springboot-basic/basic/build/classes/java/main/com/pgms/part1/ProgramRunner.class]: Unsatisfied dependency expressed through constructor parameter 0: Error creating bean with name 'voucherController' defined in file [/Users/kyunghunkim/devcourse/springboot-basic/basic/build/classes/java/main/com/pgms/part1/domain/voucher/controller/VoucherController.class]: Unsatisfied dependency expressed through constructor parameter 1: Error creating bean with name 'voucherService' defined in file [/Users/kyunghunkim/devcourse/springboot-basic/basic/build/classes/java/main/com/pgms/part1/domain/voucher/service/VoucherService.class]: Unsatisfied dependency expressed through constructor parameter 0: Error creating bean with name 'voucherFileRepository' defined in file [/Users/kyunghunkim/devcourse/springboot-basic/basic/build/classes/java/main/com/pgms/part1/domain/voucher/repository/VoucherFileRepository.class]: Failed to instantiate [com.pgms.part1.domain.voucher.repository.VoucherFileRepository]: Constructor threw exception
	at org.springframework.beans.factory.support.ConstructorResolver.createArgumentArray(ConstructorResolver.java:801)
	at org.springframework.beans.factory.support.ConstructorResolver.autowireConstructor(ConstructorResolver.java:240)
	at org.springframework.beans.factory.support.AbstractAutowireCapableBeanFactory.autowireConstructor(AbstractAutowireCapableBeanFactory.java:1352)
	at org.springframework.beans.factory.support.AbstractAutowireCapableBeanFactory.createBeanInstance(AbstractAutowireCapableBeanFactory.java:1189)
	at org.springframework.beans.factory.support.AbstractAutowireCapableBeanFactory.doCreateBean(AbstractAutowireCapableBeanFactory.java:560)
	at org.springframework.beans.factory.support.AbstractAutowireCapableBeanFactory.createBean(AbstractAutowireCapableBeanFactory.java:520)
	at org.springframework.beans.factory.support.AbstractBeanFactory.lambda$doGetBean$0(AbstractBeanFactory.java:325)
	at org.springframework.beans.factory.support.DefaultSingletonBeanRegistry.getSingleton(DefaultSingletonBeanRegistry.java:234)
	at org.springframework.beans.factory.support.AbstractBeanFactory.doGetBean(AbstractBeanFactory.java:323)
	at org.springframework.beans.factory.support.AbstractBeanFactory.getBean(AbstractBeanFactory.java:199)
	at org.springframework.beans.factory.support.DefaultListableBeanFactory.preInstantiateSingletons(DefaultListableBeanFactory.java:973)
	at org.springframework.context.support.AbstractApplicationContext.finishBeanFactoryInitialization(AbstractApplicationContext.java:942)
	at org.springframework.context.support.AbstractApplicationContext.refresh(AbstractApplicationContext.java:608)
	at org.springframework.boot.SpringApplication.refresh(SpringApplication.java:737)
	at org.springframework.boot.SpringApplication.refreshContext(SpringApplication.java:439)
	at org.springframework.boot.SpringApplication.run(SpringApplication.java:315)
	at org.springframework.boot.SpringApplication.run(SpringApplication.java:1309)
	at org.springframework.boot.SpringApplication.run(SpringApplication.java:1298)
	at com.pgms.part1.DemoApplication.main(DemoApplication.java:10)
Caused by: org.springframework.beans.factory.UnsatisfiedDependencyException: Error creating bean with name 'voucherController' defined in file [/Users/kyunghunkim/devcourse/springboot-basic/basic/build/classes/java/main/com/pgms/part1/domain/voucher/controller/VoucherController.class]: Unsatisfied dependency expressed through constructor parameter 1: Error creating bean with name 'voucherService' defined in file [/Users/kyunghunkim/devcourse/springboot-basic/basic/build/classes/java/main/com/pgms/part1/domain/voucher/service/VoucherService.class]: Unsatisfied dependency expressed through constructor parameter 0: Error creating bean with name 'voucherFileRepository' defined in file [/Users/kyunghunkim/devcourse/springboot-basic/basic/build/classes/java/main/com/pgms/part1/domain/voucher/repository/VoucherFileRepository.class]: Failed to instantiate [com.pgms.part1.domain.voucher.repository.VoucherFileRepository]: Constructor threw exception
	at org.springframework.beans.factory.support.ConstructorResolver.createArgumentArray(ConstructorResolver.java:801)
	at org.springframework.beans.factory.support.ConstructorResolver.autowireConstructor(ConstructorResolver.java:240)
	at org.springframework.beans.factory.support.AbstractAutowireCapableBeanFactory.autowireConstructor(AbstractAutowireCapableBeanFactory.java:1352)
	at org.springframework.beans.factory.support.AbstractAutowireCapableBeanFactory.createBeanInstance(AbstractAutowireCapableBeanFactory.java:1189)
	at org.springframework.beans.factory.support.AbstractAutowireCapableBeanFactory.doCreateBean(AbstractAutowireCapableBeanFactory.java:560)
	at org.springframework.beans.factory.support.AbstractAutowireCapableBeanFactory.createBean(AbstractAutowireCapableBeanFactory.java:520)
	at org.springframework.beans.factory.support.AbstractBeanFactory.lambda$doGetBean$0(AbstractBeanFactory.java:325)
	at org.springframework.beans.factory.support.DefaultSingletonBeanRegistry.getSingleton(DefaultSingletonBeanRegistry.java:234)
	at org.springframework.beans.factory.support.AbstractBeanFactory.doGetBean(AbstractBeanFactory.java:323)
	at org.springframework.beans.factory.support.AbstractBeanFactory.getBean(AbstractBeanFactory.java:199)
	at org.springframework.beans.factory.config.DependencyDescriptor.resolveCandidate(DependencyDescriptor.java:254)
	at org.springframework.beans.factory.support.DefaultListableBeanFactory.doResolveDependency(DefaultListableBeanFactory.java:1417)
	at org.springframework.beans.factory.support.DefaultListableBeanFactory.resolveDependency(DefaultListableBeanFactory.java:1337)
	at org.springframework.beans.factory.support.ConstructorResolver.resolveAutowiredArgument(ConstructorResolver.java:910)
	at org.springframework.beans.factory.support.ConstructorResolver.createArgumentArray(ConstructorResolver.java:788)
	... 18 common frames omitted
Caused by: org.springframework.beans.factory.UnsatisfiedDependencyException: Error creating bean with name 'voucherService' defined in file [/Users/kyunghunkim/devcourse/springboot-basic/basic/build/classes/java/main/com/pgms/part1/domain/voucher/service/VoucherService.class]: Unsatisfied dependency expressed through constructor parameter 0: Error creating bean with name 'voucherFileRepository' defined in file [/Users/kyunghunkim/devcourse/springboot-basic/basic/build/classes/java/main/com/pgms/part1/domain/voucher/repository/VoucherFileRepository.class]: Failed to instantiate [com.pgms.part1.domain.voucher.repository.VoucherFileRepository]: Constructor threw exception
	at org.springframework.beans.factory.support.ConstructorResolver.createArgumentArray(ConstructorResolver.java:801)
	at org.springframework.beans.factory.support.ConstructorResolver.autowireConstructor(ConstructorResolver.java:240)
	at org.springframework.beans.factory.support.AbstractAutowireCapableBeanFactory.autowireConstructor(AbstractAutowireCapableBeanFactory.java:1352)
	at org.springframework.beans.factory.support.AbstractAutowireCapableBeanFactory.createBeanInstance(AbstractAutowireCapableBeanFactory.java:1189)
	at org.springframework.beans.factory.support.AbstractAutowireCapableBeanFactory.doCreateBean(AbstractAutowireCapableBeanFactory.java:560)
	at org.springframework.beans.factory.support.AbstractAutowireCapableBeanFactory.createBean(AbstractAutowireCapableBeanFactory.java:520)
	at org.springframework.beans.factory.support.AbstractBeanFactory.lambda$doGetBean$0(AbstractBeanFactory.java:325)
	at org.springframework.beans.factory.support.DefaultSingletonBeanRegistry.getSingleton(DefaultSingletonBeanRegistry.java:234)
	at org.springframework.beans.factory.support.AbstractBeanFactory.doGetBean(AbstractBeanFactory.java:323)
	at org.springframework.beans.factory.support.AbstractBeanFactory.getBean(AbstractBeanFactory.java:199)
	at org.springframework.beans.factory.config.DependencyDescriptor.resolveCandidate(DependencyDescriptor.java:254)
	at org.springframework.beans.factory.support.DefaultListableBeanFactory.doResolveDependency(DefaultListableBeanFactory.java:1417)
	at org.springframework.beans.factory.support.DefaultListableBeanFactory.resolveDependency(DefaultListableBeanFactory.java:1337)
	at org.springframework.beans.factory.support.ConstructorResolver.resolveAutowiredArgument(ConstructorResolver.java:910)
	at org.springframework.beans.factory.support.ConstructorResolver.createArgumentArray(ConstructorResolver.java:788)
	... 32 common frames omitted
Caused by: org.springframework.beans.factory.BeanCreationException: Error creating bean with name 'voucherFileRepository' defined in file [/Users/kyunghunkim/devcourse/springboot-basic/basic/build/classes/java/main/com/pgms/part1/domain/voucher/repository/VoucherFileRepository.class]: Failed to instantiate [com.pgms.part1.domain.voucher.repository.VoucherFileRepository]: Constructor threw exception
	at org.springframework.beans.factory.support.AbstractAutowireCapableBeanFactory.instantiateBean(AbstractAutowireCapableBeanFactory.java:1314)
	at org.springframework.beans.factory.support.AbstractAutowireCapableBeanFactory.createBeanInstance(AbstractAutowireCapableBeanFactory.java:1199)
	at org.springframework.beans.factory.support.AbstractAutowireCapableBeanFactory.doCreateBean(AbstractAutowireCapableBeanFactory.java:560)
	at org.springframework.beans.factory.support.AbstractAutowireCapableBeanFactory.createBean(AbstractAutowireCapableBeanFactory.java:520)
	at org.springframework.beans.factory.support.AbstractBeanFactory.lambda$doGetBean$0(AbstractBeanFactory.java:325)
	at org.springframework.beans.factory.support.DefaultSingletonBeanRegistry.getSingleton(DefaultSingletonBeanRegistry.java:234)
	at org.springframework.beans.factory.support.AbstractBeanFactory.doGetBean(AbstractBeanFactory.java:323)
	at org.springframework.beans.factory.support.AbstractBeanFactory.getBean(AbstractBeanFactory.java:199)
	at org.springframework.beans.factory.config.DependencyDescriptor.resolveCandidate(DependencyDescriptor.java:254)
	at org.springframework.beans.factory.support.DefaultListableBeanFactory.doResolveDependency(DefaultListableBeanFactory.java:1417)
	at org.springframework.beans.factory.support.DefaultListableBeanFactory.resolveDependency(DefaultListableBeanFactory.java:1337)
	at org.springframework.beans.factory.support.ConstructorResolver.resolveAutowiredArgument(ConstructorResolver.java:910)
	at org.springframework.beans.factory.support.ConstructorResolver.createArgumentArray(ConstructorResolver.java:788)
	... 46 common frames omitted
Caused by: org.springframework.beans.BeanInstantiationException: Failed to instantiate [com.pgms.part1.domain.voucher.repository.VoucherFileRepository]: Constructor threw exception
	at org.springframework.beans.BeanUtils.instantiateClass(BeanUtils.java:224)
	at org.springframework.beans.factory.support.SimpleInstantiationStrategy.instantiate(SimpleInstantiationStrategy.java:87)
	at org.springframework.beans.factory.support.AbstractAutowireCapableBeanFactory.instantiateBean(AbstractAutowireCapableBeanFactory.java:1308)
	... 58 common frames omitted
Caused by: java.lang.RuntimeException: can not create file!!
	at com.pgms.part1.domain.voucher.repository.VoucherFileRepository.createFile(VoucherFileRepository.java:49)
	at com.pgms.part1.domain.voucher.repository.VoucherFileRepository.<init>(VoucherFileRepository.java:20)
	at java.base/jdk.internal.reflect.NativeConstructorAccessorImpl.newInstance0(Native Method)
	at java.base/jdk.internal.reflect.NativeConstructorAccessorImpl.newInstance(NativeConstructorAccessorImpl.java:77)
	at java.base/jdk.internal.reflect.DelegatingConstructorAccessorImpl.newInstance(DelegatingConstructorAccessorImpl.java:45)
	at java.base/java.lang.reflect.Constructor.newInstanceWithCaller(Constructor.java:499)
	at java.base/java.lang.reflect.Constructor.newInstance(Constructor.java:480)
	at org.springframework.beans.BeanUtils.instantiateClass(BeanUtils.java:198)
	... 60 common frames omitted
23:18:48.914 [main] INFO  com.pgms.part1.DemoApplication - Starting DemoApplication using Java 17.0.6 with PID 8251 (/Users/kyunghunkim/devcourse/springboot-basic/basic/build/classes/java/main started by kyunghunkim in /Users/kyunghunkim/devcourse/springboot-basic)
23:18:48.915 [main] INFO  com.pgms.part1.DemoApplication - The following 1 profile is active: "file"
23:18:49.109 [main] INFO  com.pgms.part1.DemoApplication - Started DemoApplication in 0.336 seconds (process running for 0.666)
23:18:56.572 [main] INFO  o.s.b.a.l.ConditionEvaluationReportLogger - 

Error starting ApplicationContext. To display the condition evaluation report re-run your application with 'debug' enabled.
23:18:56.589 [main] ERROR o.s.boot.SpringApplication - Application run failed
java.lang.IllegalStateException: Failed to execute CommandLineRunner
	at org.springframework.boot.SpringApplication.callRunner(SpringApplication.java:777)
	at org.springframework.boot.SpringApplication.callRunners(SpringApplication.java:758)
	at org.springframework.boot.SpringApplication.run(SpringApplication.java:322)
	at org.springframework.boot.SpringApplication.run(SpringApplication.java:1309)
	at org.springframework.boot.SpringApplication.run(SpringApplication.java:1298)
	at com.pgms.part1.DemoApplication.main(DemoApplication.java:10)
Caused by: java.lang.RuntimeException: can not save file!!
	at com.pgms.part1.domain.voucher.repository.VoucherFileRepository.saveFile(VoucherFileRepository.java:62)
	at com.pgms.part1.domain.voucher.repository.VoucherFileRepository.add(VoucherFileRepository.java:74)
	at com.pgms.part1.domain.voucher.service.VoucherService.createFixedAmountVoucher(VoucherService.java:26)
	at com.pgms.part1.domain.voucher.controller.VoucherController.createVoucher(VoucherController.java:55)
	at com.pgms.part1.domain.voucher.controller.VoucherController.init(VoucherController.java:34)
	at com.pgms.part1.ProgramRunner.run(ProgramRunner.java:17)
	at org.springframework.boot.SpringApplication.callRunner(SpringApplication.java:774)
	... 5 common frames omitted
23:22:40.435 [main] INFO  com.pgms.part1.DemoApplication - Starting DemoApplication using Java 17.0.6 with PID 8391 (/Users/kyunghunkim/devcourse/springboot-basic/basic/build/classes/java/main started by kyunghunkim in /Users/kyunghunkim/devcourse/springboot-basic)
23:22:40.436 [main] INFO  com.pgms.part1.DemoApplication - The following 1 profile is active: "file"
23:22:40.643 [main] INFO  com.pgms.part1.DemoApplication - Started DemoApplication in 0.363 seconds (process running for 0.912)
23:22:47.942 [main] INFO  o.s.b.a.l.ConditionEvaluationReportLogger - 

Error starting ApplicationContext. To display the condition evaluation report re-run your application with 'debug' enabled.
23:22:47.961 [main] ERROR o.s.boot.SpringApplication - Application run failed
java.lang.IllegalStateException: Failed to execute CommandLineRunner
	at org.springframework.boot.SpringApplication.callRunner(SpringApplication.java:777)
	at org.springframework.boot.SpringApplication.callRunners(SpringApplication.java:758)
	at org.springframework.boot.SpringApplication.run(SpringApplication.java:322)
	at org.springframework.boot.SpringApplication.run(SpringApplication.java:1309)
	at org.springframework.boot.SpringApplication.run(SpringApplication.java:1298)
	at com.pgms.part1.DemoApplication.main(DemoApplication.java:10)
Caused by: java.lang.RuntimeException: can not save file!!
	at com.pgms.part1.domain.voucher.repository.VoucherFileRepository.saveFile(VoucherFileRepository.java:59)
	at com.pgms.part1.domain.voucher.repository.VoucherFileRepository.add(VoucherFileRepository.java:71)
	at com.pgms.part1.domain.voucher.service.VoucherService.createFixedAmountVoucher(VoucherService.java:26)
	at com.pgms.part1.domain.voucher.controller.VoucherController.createVoucher(VoucherController.java:55)
	at com.pgms.part1.domain.voucher.controller.VoucherController.init(VoucherController.java:34)
	at com.pgms.part1.ProgramRunner.run(ProgramRunner.java:17)
	at org.springframework.boot.SpringApplication.callRunner(SpringApplication.java:774)
	... 5 common frames omitted
23:23:08.641 [main] INFO  com.pgms.part1.DemoApplication - Starting DemoApplication using Java 17.0.6 with PID 8405 (/Users/kyunghunkim/devcourse/springboot-basic/basic/build/classes/java/main started by kyunghunkim in /Users/kyunghunkim/devcourse/springboot-basic)
23:23:08.642 [main] INFO  com.pgms.part1.DemoApplication - The following 1 profile is active: "file"
23:23:08.822 [main] INFO  com.pgms.part1.DemoApplication - Started DemoApplication in 0.314 seconds (process running for 0.59)
23:23:17.944 [main] INFO  o.s.b.a.l.ConditionEvaluationReportLogger - 

Error starting ApplicationContext. To display the condition evaluation report re-run your application with 'debug' enabled.
23:23:17.963 [main] ERROR o.s.boot.SpringApplication - Application run failed
java.lang.IllegalStateException: Failed to execute CommandLineRunner
	at org.springframework.boot.SpringApplication.callRunner(SpringApplication.java:777)
	at org.springframework.boot.SpringApplication.callRunners(SpringApplication.java:758)
	at org.springframework.boot.SpringApplication.run(SpringApplication.java:322)
	at org.springframework.boot.SpringApplication.run(SpringApplication.java:1309)
	at org.springframework.boot.SpringApplication.run(SpringApplication.java:1298)
	at com.pgms.part1.DemoApplication.main(DemoApplication.java:10)
Caused by: java.lang.RuntimeException: can not create file!!
	at com.pgms.part1.domain.voucher.repository.VoucherFileRepository.createFile(VoucherFileRepository.java:42)
	at com.pgms.part1.domain.voucher.repository.VoucherFileRepository.saveFile(VoucherFileRepository.java:49)
	at com.pgms.part1.domain.voucher.repository.VoucherFileRepository.add(VoucherFileRepository.java:71)
	at com.pgms.part1.domain.voucher.service.VoucherService.createFixedAmountVoucher(VoucherService.java:26)
	at com.pgms.part1.domain.voucher.controller.VoucherController.createVoucher(VoucherController.java:55)
	at com.pgms.part1.domain.voucher.controller.VoucherController.init(VoucherController.java:34)
	at com.pgms.part1.ProgramRunner.run(ProgramRunner.java:17)
	at org.springframework.boot.SpringApplication.callRunner(SpringApplication.java:774)
	... 5 common frames omitted
23:23:50.200 [main] INFO  com.pgms.part1.DemoApplication - Starting DemoApplication using Java 17.0.6 with PID 8451 (/Users/kyunghunkim/devcourse/springboot-basic/basic/build/classes/java/main started by kyunghunkim in /Users/kyunghunkim/devcourse/springboot-basic)
23:23:50.201 [main] INFO  com.pgms.part1.DemoApplication - The following 1 profile is active: "file"
23:23:50.382 [main] INFO  com.pgms.part1.DemoApplication - Started DemoApplication in 0.312 seconds (process running for 0.581)
23:23:56.371 [main] INFO  o.s.b.a.l.ConditionEvaluationReportLogger - 

Error starting ApplicationContext. To display the condition evaluation report re-run your application with 'debug' enabled.
23:23:56.389 [main] ERROR o.s.boot.SpringApplication - Application run failed
java.lang.IllegalStateException: Failed to execute CommandLineRunner
	at org.springframework.boot.SpringApplication.callRunner(SpringApplication.java:777)
	at org.springframework.boot.SpringApplication.callRunners(SpringApplication.java:758)
	at org.springframework.boot.SpringApplication.run(SpringApplication.java:322)
	at org.springframework.boot.SpringApplication.run(SpringApplication.java:1309)
	at org.springframework.boot.SpringApplication.run(SpringApplication.java:1298)
	at com.pgms.part1.DemoApplication.main(DemoApplication.java:10)
Caused by: java.lang.RuntimeException: can not create file!!
	at com.pgms.part1.domain.voucher.repository.VoucherFileRepository.createFile(VoucherFileRepository.java:42)
	at com.pgms.part1.domain.voucher.repository.VoucherFileRepository.saveFile(VoucherFileRepository.java:49)
	at com.pgms.part1.domain.voucher.repository.VoucherFileRepository.add(VoucherFileRepository.java:71)
	at com.pgms.part1.domain.voucher.service.VoucherService.createFixedAmountVoucher(VoucherService.java:26)
	at com.pgms.part1.domain.voucher.controller.VoucherController.createVoucher(VoucherController.java:55)
	at com.pgms.part1.domain.voucher.controller.VoucherController.init(VoucherController.java:34)
	at com.pgms.part1.ProgramRunner.run(ProgramRunner.java:17)
	at org.springframework.boot.SpringApplication.callRunner(SpringApplication.java:774)
	... 5 common frames omitted
23:30:13.836 [main] INFO  com.pgms.part1.DemoApplication - Starting DemoApplication using Java 17.0.6 with PID 8539 (/Users/kyunghunkim/devcourse/springboot-basic/basic/build/classes/java/main started by kyunghunkim in /Users/kyunghunkim/devcourse/springboot-basic)
23:30:13.837 [main] INFO  com.pgms.part1.DemoApplication - The following 1 profile is active: "file"
23:30:14.037 [main] INFO  com.pgms.part1.DemoApplication - Started DemoApplication in 0.332 seconds (process running for 0.733)
23:30:18.687 [main] INFO  o.s.b.a.l.ConditionEvaluationReportLogger - 

Error starting ApplicationContext. To display the condition evaluation report re-run your application with 'debug' enabled.
23:30:18.704 [main] ERROR o.s.boot.SpringApplication - Application run failed
java.lang.IllegalStateException: Failed to execute CommandLineRunner
	at org.springframework.boot.SpringApplication.callRunner(SpringApplication.java:777)
	at org.springframework.boot.SpringApplication.callRunners(SpringApplication.java:758)
	at org.springframework.boot.SpringApplication.run(SpringApplication.java:322)
	at org.springframework.boot.SpringApplication.run(SpringApplication.java:1309)
	at org.springframework.boot.SpringApplication.run(SpringApplication.java:1298)
	at com.pgms.part1.DemoApplication.main(DemoApplication.java:10)
Caused by: java.lang.RuntimeException: java.io.IOException: No such file or directory
	at com.pgms.part1.domain.voucher.repository.VoucherFileRepository.createFile(VoucherFileRepository.java:42)
	at com.pgms.part1.domain.voucher.repository.VoucherFileRepository.saveFile(VoucherFileRepository.java:49)
	at com.pgms.part1.domain.voucher.repository.VoucherFileRepository.add(VoucherFileRepository.java:71)
	at com.pgms.part1.domain.voucher.service.VoucherService.createFixedAmountVoucher(VoucherService.java:26)
	at com.pgms.part1.domain.voucher.controller.VoucherController.createVoucher(VoucherController.java:55)
	at com.pgms.part1.domain.voucher.controller.VoucherController.init(VoucherController.java:34)
	at com.pgms.part1.ProgramRunner.run(ProgramRunner.java:17)
	at org.springframework.boot.SpringApplication.callRunner(SpringApplication.java:774)
	... 5 common frames omitted
Caused by: java.io.IOException: No such file or directory
	at java.base/java.io.UnixFileSystem.createFileExclusively(Native Method)
	at java.base/java.io.File.createNewFile(File.java:1043)
	at com.pgms.part1.domain.voucher.repository.VoucherFileRepository.createFile(VoucherFileRepository.java:40)
	... 12 common frames omitted
23:31:54.904 [main] INFO  com.pgms.part1.DemoApplication - Starting DemoApplication using Java 17.0.6 with PID 8558 (/Users/kyunghunkim/devcourse/springboot-basic/basic/build/classes/java/main started by kyunghunkim in /Users/kyunghunkim/devcourse/springboot-basic)
23:31:54.905 [main] INFO  com.pgms.part1.DemoApplication - The following 1 profile is active: "file"
23:31:55.083 [main] INFO  com.pgms.part1.DemoApplication - Started DemoApplication in 0.304 seconds (process running for 0.594)
23:31:59.422 [main] INFO  o.s.b.a.l.ConditionEvaluationReportLogger - 

Error starting ApplicationContext. To display the condition evaluation report re-run your application with 'debug' enabled.
23:31:59.440 [main] ERROR o.s.boot.SpringApplication - Application run failed
java.lang.IllegalStateException: Failed to execute CommandLineRunner
	at org.springframework.boot.SpringApplication.callRunner(SpringApplication.java:777)
	at org.springframework.boot.SpringApplication.callRunners(SpringApplication.java:758)
	at org.springframework.boot.SpringApplication.run(SpringApplication.java:322)
	at org.springframework.boot.SpringApplication.run(SpringApplication.java:1309)
	at org.springframework.boot.SpringApplication.run(SpringApplication.java:1298)
	at com.pgms.part1.DemoApplication.main(DemoApplication.java:10)
Caused by: java.lang.RuntimeException: java.io.IOException: No such file or directory
	at com.pgms.part1.domain.voucher.repository.VoucherFileRepository.createFile(VoucherFileRepository.java:42)
	at com.pgms.part1.domain.voucher.repository.VoucherFileRepository.saveFile(VoucherFileRepository.java:49)
	at com.pgms.part1.domain.voucher.repository.VoucherFileRepository.add(VoucherFileRepository.java:71)
	at com.pgms.part1.domain.voucher.service.VoucherService.createFixedAmountVoucher(VoucherService.java:26)
	at com.pgms.part1.domain.voucher.controller.VoucherController.createVoucher(VoucherController.java:55)
	at com.pgms.part1.domain.voucher.controller.VoucherController.init(VoucherController.java:34)
	at com.pgms.part1.ProgramRunner.run(ProgramRunner.java:17)
	at org.springframework.boot.SpringApplication.callRunner(SpringApplication.java:774)
	... 5 common frames omitted
Caused by: java.io.IOException: No such file or directory
	at java.base/java.io.UnixFileSystem.createFileExclusively(Native Method)
	at java.base/java.io.File.createNewFile(File.java:1043)
	at com.pgms.part1.domain.voucher.repository.VoucherFileRepository.createFile(VoucherFileRepository.java:40)
	... 12 common frames omitted
23:35:21.935 [main] INFO  com.pgms.part1.DemoApplication - Starting DemoApplication using Java 17.0.6 with PID 8611 (/Users/kyunghunkim/devcourse/springboot-basic/basic/build/classes/java/main started by kyunghunkim in /Users/kyunghunkim/devcourse/springboot-basic)
23:35:21.936 [main] INFO  com.pgms.part1.DemoApplication - The following 1 profile is active: "file"
23:35:22.246 [main] INFO  com.pgms.part1.DemoApplication - Started DemoApplication in 0.494 seconds (process running for 0.841)
23:35:26.337 [main] INFO  o.s.b.a.l.ConditionEvaluationReportLogger - 

Error starting ApplicationContext. To display the condition evaluation report re-run your application with 'debug' enabled.
23:35:26.356 [main] ERROR o.s.boot.SpringApplication - Application run failed
java.lang.IllegalStateException: Failed to execute CommandLineRunner
	at org.springframework.boot.SpringApplication.callRunner(SpringApplication.java:777)
	at org.springframework.boot.SpringApplication.callRunners(SpringApplication.java:758)
	at org.springframework.boot.SpringApplication.run(SpringApplication.java:322)
	at org.springframework.boot.SpringApplication.run(SpringApplication.java:1309)
	at org.springframework.boot.SpringApplication.run(SpringApplication.java:1298)
	at com.pgms.part1.DemoApplication.main(DemoApplication.java:10)
Caused by: java.lang.RuntimeException: java.io.IOException: No such file or directory
	at com.pgms.part1.domain.voucher.repository.VoucherFileRepository.createFile(VoucherFileRepository.java:42)
	at com.pgms.part1.domain.voucher.repository.VoucherFileRepository.saveFile(VoucherFileRepository.java:49)
	at com.pgms.part1.domain.voucher.repository.VoucherFileRepository.add(VoucherFileRepository.java:71)
	at com.pgms.part1.domain.voucher.service.VoucherService.createFixedAmountVoucher(VoucherService.java:26)
	at com.pgms.part1.domain.voucher.controller.VoucherController.createVoucher(VoucherController.java:55)
	at com.pgms.part1.domain.voucher.controller.VoucherController.init(VoucherController.java:34)
	at com.pgms.part1.ProgramRunner.run(ProgramRunner.java:17)
	at org.springframework.boot.SpringApplication.callRunner(SpringApplication.java:774)
	... 5 common frames omitted
Caused by: java.io.IOException: No such file or directory
	at java.base/java.io.UnixFileSystem.createFileExclusively(Native Method)
	at java.base/java.io.File.createNewFile(File.java:1043)
	at com.pgms.part1.domain.voucher.repository.VoucherFileRepository.createFile(VoucherFileRepository.java:40)
	... 12 common frames omitted
23:39:53.255 [main] INFO  com.pgms.part1.DemoApplication - Starting DemoApplication using Java 17.0.6 with PID 8650 (/Users/kyunghunkim/devcourse/springboot-basic/basic/build/classes/java/main started by kyunghunkim in /Users/kyunghunkim/devcourse/springboot-basic)
23:39:53.256 [main] INFO  com.pgms.part1.DemoApplication - The following 1 profile is active: "file"
23:39:53.445 [main] INFO  com.pgms.part1.DemoApplication - Started DemoApplication in 0.323 seconds (process running for 0.68)
23:39:59.418 [main] INFO  o.s.b.a.l.ConditionEvaluationReportLogger - 

Error starting ApplicationContext. To display the condition evaluation report re-run your application with 'debug' enabled.
23:39:59.436 [main] ERROR o.s.boot.SpringApplication - Application run failed
java.lang.IllegalStateException: Failed to execute CommandLineRunner
	at org.springframework.boot.SpringApplication.callRunner(SpringApplication.java:777)
	at org.springframework.boot.SpringApplication.callRunners(SpringApplication.java:758)
	at org.springframework.boot.SpringApplication.run(SpringApplication.java:322)
	at org.springframework.boot.SpringApplication.run(SpringApplication.java:1309)
	at org.springframework.boot.SpringApplication.run(SpringApplication.java:1298)
	at com.pgms.part1.DemoApplication.main(DemoApplication.java:10)
Caused by: java.lang.RuntimeException: java.io.IOException: No such file or directory
	at com.pgms.part1.domain.voucher.repository.VoucherFileRepository.createFile(VoucherFileRepository.java:42)
	at com.pgms.part1.domain.voucher.repository.VoucherFileRepository.saveFile(VoucherFileRepository.java:48)
	at com.pgms.part1.domain.voucher.repository.VoucherFileRepository.add(VoucherFileRepository.java:70)
	at com.pgms.part1.domain.voucher.service.VoucherService.createFixedAmountVoucher(VoucherService.java:26)
	at com.pgms.part1.domain.voucher.controller.VoucherController.createVoucher(VoucherController.java:55)
	at com.pgms.part1.domain.voucher.controller.VoucherController.init(VoucherController.java:34)
	at com.pgms.part1.ProgramRunner.run(ProgramRunner.java:17)
	at org.springframework.boot.SpringApplication.callRunner(SpringApplication.java:774)
	... 5 common frames omitted
Caused by: java.io.IOException: No such file or directory
	at java.base/java.io.UnixFileSystem.createFileExclusively(Native Method)
	at java.base/java.io.File.createNewFile(File.java:1043)
	at com.pgms.part1.domain.voucher.repository.VoucherFileRepository.createFile(VoucherFileRepository.java:40)
	... 12 common frames omitted
23:49:43.659 [main] INFO  com.pgms.part1.DemoApplication - Starting DemoApplication using Java 17.0.6 with PID 8893 (/Users/kyunghunkim/devcourse/springboot-basic/basic/build/classes/java/main started by kyunghunkim in /Users/kyunghunkim/devcourse/springboot-basic)
23:49:43.659 [main] INFO  com.pgms.part1.DemoApplication - The following 1 profile is active: "file"
23:49:43.848 [main] INFO  com.pgms.part1.DemoApplication - Started DemoApplication in 0.329 seconds (process running for 0.691)
23:49:48.495 [main] INFO  o.s.b.a.l.ConditionEvaluationReportLogger - 

Error starting ApplicationContext. To display the condition evaluation report re-run your application with 'debug' enabled.
23:49:48.512 [main] ERROR o.s.boot.SpringApplication - Application run failed
java.lang.IllegalStateException: Failed to execute CommandLineRunner
	at org.springframework.boot.SpringApplication.callRunner(SpringApplication.java:777)
	at org.springframework.boot.SpringApplication.callRunners(SpringApplication.java:758)
	at org.springframework.boot.SpringApplication.run(SpringApplication.java:322)
	at org.springframework.boot.SpringApplication.run(SpringApplication.java:1309)
	at org.springframework.boot.SpringApplication.run(SpringApplication.java:1298)
	at com.pgms.part1.DemoApplication.main(DemoApplication.java:10)
Caused by: java.lang.RuntimeException: java.io.IOException: No such file or directory
	at com.pgms.part1.domain.voucher.repository.VoucherFileRepository.createFile(VoucherFileRepository.java:44)
	at com.pgms.part1.domain.voucher.repository.VoucherFileRepository.saveFile(VoucherFileRepository.java:51)
	at com.pgms.part1.domain.voucher.repository.VoucherFileRepository.add(VoucherFileRepository.java:73)
	at com.pgms.part1.domain.voucher.service.VoucherService.createFixedAmountVoucher(VoucherService.java:26)
	at com.pgms.part1.domain.voucher.controller.VoucherController.createVoucher(VoucherController.java:55)
	at com.pgms.part1.domain.voucher.controller.VoucherController.init(VoucherController.java:34)
	at com.pgms.part1.ProgramRunner.run(ProgramRunner.java:17)
	at org.springframework.boot.SpringApplication.callRunner(SpringApplication.java:774)
	... 5 common frames omitted
Caused by: java.io.IOException: No such file or directory
	at java.base/java.io.UnixFileSystem.createFileExclusively(Native Method)
	at java.base/java.io.File.createNewFile(File.java:1043)
	at com.pgms.part1.domain.voucher.repository.VoucherFileRepository.createFile(VoucherFileRepository.java:42)
	... 12 common frames omitted
23:57:31.957 [main] INFO  com.pgms.part1.DemoApplication - Starting DemoApplication using Java 17.0.6 with PID 9076 (/Users/kyunghunkim/devcourse/springboot-basic/basic/build/classes/java/main started by kyunghunkim in /Users/kyunghunkim/devcourse/springboot-basic)
23:57:31.958 [main] INFO  com.pgms.part1.DemoApplication - The following 1 profile is active: "file"
23:57:32.146 [main] INFO  com.pgms.part1.DemoApplication - Started DemoApplication in 0.329 seconds (process running for 0.688)
23:57:36.754 [main] INFO  o.s.b.a.l.ConditionEvaluationReportLogger - 

Error starting ApplicationContext. To display the condition evaluation report re-run your application with 'debug' enabled.
23:57:36.772 [main] ERROR o.s.boot.SpringApplication - Application run failed
java.lang.IllegalStateException: Failed to execute CommandLineRunner
	at org.springframework.boot.SpringApplication.callRunner(SpringApplication.java:777)
	at org.springframework.boot.SpringApplication.callRunners(SpringApplication.java:758)
	at org.springframework.boot.SpringApplication.run(SpringApplication.java:322)
	at org.springframework.boot.SpringApplication.run(SpringApplication.java:1309)
	at org.springframework.boot.SpringApplication.run(SpringApplication.java:1298)
	at com.pgms.part1.DemoApplication.main(DemoApplication.java:10)
Caused by: java.lang.RuntimeException: java.io.IOException: No such file or directory
	at com.pgms.part1.domain.voucher.repository.VoucherFileRepository.createFile(VoucherFileRepository.java:44)
	at com.pgms.part1.domain.voucher.repository.VoucherFileRepository.saveFile(VoucherFileRepository.java:51)
	at com.pgms.part1.domain.voucher.repository.VoucherFileRepository.add(VoucherFileRepository.java:73)
	at com.pgms.part1.domain.voucher.service.VoucherService.createFixedAmountVoucher(VoucherService.java:26)
	at com.pgms.part1.domain.voucher.controller.VoucherController.createVoucher(VoucherController.java:55)
	at com.pgms.part1.domain.voucher.controller.VoucherController.init(VoucherController.java:34)
	at com.pgms.part1.ProgramRunner.run(ProgramRunner.java:17)
	at org.springframework.boot.SpringApplication.callRunner(SpringApplication.java:774)
	... 5 common frames omitted
Caused by: java.io.IOException: No such file or directory
	at java.base/java.io.UnixFileSystem.createFileExclusively(Native Method)
	at java.base/java.io.File.createNewFile(File.java:1043)
	at com.pgms.part1.domain.voucher.repository.VoucherFileRepository.createFile(VoucherFileRepository.java:42)
	... 12 common frames omitted
23:57:59.423 [main] INFO  com.pgms.part1.DemoApplication - Starting DemoApplication using Java 17.0.6 with PID 9080 (/Users/kyunghunkim/devcourse/springboot-basic/basic/build/classes/java/main started by kyunghunkim in /Users/kyunghunkim/devcourse/springboot-basic)
23:57:59.424 [main] INFO  com.pgms.part1.DemoApplication - The following 1 profile is active: "file"
23:57:59.603 [main] INFO  com.pgms.part1.DemoApplication - Started DemoApplication in 0.315 seconds (process running for 0.582)
23:58:02.049 [main] ERROR c.p.p.d.v.c.VoucherController - Invalid Menu Command Input
23:58:05.968 [main] INFO  o.s.b.a.l.ConditionEvaluationReportLogger - 

Error starting ApplicationContext. To display the condition evaluation report re-run your application with 'debug' enabled.
23:58:05.986 [main] ERROR o.s.boot.SpringApplication - Application run failed
java.lang.IllegalStateException: Failed to execute CommandLineRunner
	at org.springframework.boot.SpringApplication.callRunner(SpringApplication.java:777)
	at org.springframework.boot.SpringApplication.callRunners(SpringApplication.java:758)
	at org.springframework.boot.SpringApplication.run(SpringApplication.java:322)
	at org.springframework.boot.SpringApplication.run(SpringApplication.java:1309)
	at org.springframework.boot.SpringApplication.run(SpringApplication.java:1298)
	at com.pgms.part1.DemoApplication.main(DemoApplication.java:10)
Caused by: java.lang.RuntimeException: java.io.IOException: No such file or directory
	at com.pgms.part1.domain.voucher.repository.VoucherFileRepository.createFile(VoucherFileRepository.java:44)
	at com.pgms.part1.domain.voucher.repository.VoucherFileRepository.saveFile(VoucherFileRepository.java:52)
	at com.pgms.part1.domain.voucher.repository.VoucherFileRepository.add(VoucherFileRepository.java:74)
	at com.pgms.part1.domain.voucher.service.VoucherService.createFixedAmountVoucher(VoucherService.java:26)
	at com.pgms.part1.domain.voucher.controller.VoucherController.createVoucher(VoucherController.java:55)
	at com.pgms.part1.domain.voucher.controller.VoucherController.init(VoucherController.java:34)
	at com.pgms.part1.domain.voucher.controller.VoucherController.init(VoucherController.java:40)
	at com.pgms.part1.ProgramRunner.run(ProgramRunner.java:17)
	at org.springframework.boot.SpringApplication.callRunner(SpringApplication.java:774)
	... 5 common frames omitted
Caused by: java.io.IOException: No such file or directory
	at java.base/java.io.UnixFileSystem.createFileExclusively(Native Method)
	at java.base/java.io.File.createNewFile(File.java:1043)
	at com.pgms.part1.domain.voucher.repository.VoucherFileRepository.createFile(VoucherFileRepository.java:42)
	... 13 common frames omitted
23:58:32.825 [main] INFO  com.pgms.part1.DemoApplication - Starting DemoApplication using Java 17.0.6 with PID 9094 (/Users/kyunghunkim/devcourse/springboot-basic/basic/build/classes/java/main started by kyunghunkim in /Users/kyunghunkim/devcourse/springboot-basic)
23:58:32.825 [main] INFO  com.pgms.part1.DemoApplication - The following 1 profile is active: "file"
23:58:33.006 [main] INFO  com.pgms.part1.DemoApplication - Started DemoApplication in 0.319 seconds (process running for 0.592)
23:58:38.216 [main] INFO  o.s.b.a.l.ConditionEvaluationReportLogger - 

Error starting ApplicationContext. To display the condition evaluation report re-run your application with 'debug' enabled.
23:58:38.233 [main] ERROR o.s.boot.SpringApplication - Application run failed
java.lang.IllegalStateException: Failed to execute CommandLineRunner
	at org.springframework.boot.SpringApplication.callRunner(SpringApplication.java:777)
	at org.springframework.boot.SpringApplication.callRunners(SpringApplication.java:758)
	at org.springframework.boot.SpringApplication.run(SpringApplication.java:322)
	at org.springframework.boot.SpringApplication.run(SpringApplication.java:1309)
	at org.springframework.boot.SpringApplication.run(SpringApplication.java:1298)
	at com.pgms.part1.DemoApplication.main(DemoApplication.java:10)
Caused by: java.lang.RuntimeException: java.io.IOException: No such file or directory
	at com.pgms.part1.domain.voucher.repository.VoucherFileRepository.createFile(VoucherFileRepository.java:44)
	at com.pgms.part1.domain.voucher.repository.VoucherFileRepository.saveFile(VoucherFileRepository.java:52)
	at com.pgms.part1.domain.voucher.repository.VoucherFileRepository.add(VoucherFileRepository.java:74)
	at com.pgms.part1.domain.voucher.service.VoucherService.createFixedAmountVoucher(VoucherService.java:26)
	at com.pgms.part1.domain.voucher.controller.VoucherController.createVoucher(VoucherController.java:55)
	at com.pgms.part1.domain.voucher.controller.VoucherController.init(VoucherController.java:34)
	at com.pgms.part1.ProgramRunner.run(ProgramRunner.java:17)
	at org.springframework.boot.SpringApplication.callRunner(SpringApplication.java:774)
	... 5 common frames omitted
Caused by: java.io.IOException: No such file or directory
	at java.base/java.io.UnixFileSystem.createFileExclusively(Native Method)
	at java.base/java.io.File.createNewFile(File.java:1043)
	at com.pgms.part1.domain.voucher.repository.VoucherFileRepository.createFile(VoucherFileRepository.java:42)
	... 12 common frames omitted
