17:37:40.727 [main] INFO  com.pgms.part1.DemoApplication - Starting DemoApplication using Java 17.0.6 with PID 1706 (/Users/kyunghunkim/devcourse/springboot-basic/basic/build/classes/java/main started by kyunghunkim in /Users/kyunghunkim/devcourse/springboot-basic)
17:37:40.728 [main] INFO  com.pgms.part1.DemoApplication - The following 1 profile is active: "file"
17:37:40.881 [main] INFO  c.pgms.part1.util.file.FileService - file loaded
17:37:40.883 [main] INFO  c.pgms.part1.util.file.FileService - file loaded
17:37:40.911 [main] INFO  com.pgms.part1.DemoApplication - Started DemoApplication in 0.327 seconds (process running for 0.603)
17:37:50.642 [main] INFO  c.pgms.part1.util.file.FileService - file saved
17:37:50.644 [main] INFO  c.p.p.d.v.service.VoucherService - Voucher 025c9623-9f80-4f67-8783-88fe95cf6b58 added
17:37:52.871 [main] ERROR c.p.p.d.v.c.VoucherController - Invalid Menu Command Input
18:47:11.127 [main] INFO  com.pgms.part1.VoucherApplication - Starting VoucherApplication using Java 17.0.6 with PID 3590 (/Users/kyunghunkim/devcourse/springboot-basic/basic/build/classes/java/main started by kyunghunkim in /Users/kyunghunkim/devcourse/springboot-basic)
18:47:11.128 [main] INFO  com.pgms.part1.VoucherApplication - The following 1 profile is active: "dev"
18:47:11.282 [main] INFO  c.pgms.part1.util.file.FileService - file loaded
18:47:11.284 [main] INFO  c.pgms.part1.util.file.FileService - file loaded
18:47:11.347 [main] INFO  com.pgms.part1.VoucherApplication - Started VoucherApplication in 0.373 seconds (process running for 0.741)
18:47:17.261 [main] WARN  c.p.p.d.v.c.VoucherController - Invalid Menu Command Input
18:47:29.372 [main] INFO  com.pgms.part1.VoucherApplication - Starting VoucherApplication using Java 17.0.6 with PID 3608 (/Users/kyunghunkim/devcourse/springboot-basic/basic/build/classes/java/main started by kyunghunkim in /Users/kyunghunkim/devcourse/springboot-basic)
18:47:29.373 [main] INFO  com.pgms.part1.VoucherApplication - The following 1 profile is active: "dev"
18:47:29.517 [main] INFO  c.pgms.part1.util.file.FileService - file loaded
18:47:29.518 [main] INFO  c.pgms.part1.util.file.FileService - file loaded
18:47:29.545 [main] INFO  com.pgms.part1.VoucherApplication - Started VoucherApplication in 0.301 seconds (process running for 0.543)
18:47:40.082 [main] INFO  c.pgms.part1.util.file.FileService - file saved
18:47:40.084 [main] INFO  c.p.p.d.v.service.VoucherService - Voucher 5f6eb966-00fb-4e57-a6a3-799749f63380 added
18:47:59.206 [main] WARN  c.p.p.d.v.c.VoucherController - Invalid Create Input
18:48:04.150 [main] INFO  c.pgms.part1.util.file.FileService - file saved
18:48:04.150 [main] INFO  c.p.p.d.v.service.VoucherService - Voucher 3e6bab25-c15c-437f-b4d9-3f3a13b8da21 added
18:51:20.928 [main] ERROR o.s.boot.SpringApplication - Application run failed
org.yaml.snakeyaml.constructor.ConstructorException: could not determine a constructor for the tag tag:yaml.org,2002:@!!!
 in 'reader', line 3, column 14:
        voucher: !!@!!!
                 ^

	at org.yaml.snakeyaml.constructor.SafeConstructor$ConstructUndefined.construct(SafeConstructor.java:620)
	at org.yaml.snakeyaml.constructor.BaseConstructor.constructObjectNoCheck(BaseConstructor.java:270)
	at org.yaml.snakeyaml.constructor.BaseConstructor.constructObject(BaseConstructor.java:253)
	at org.springframework.boot.env.OriginTrackedYamlLoader$OriginTrackingConstructor.constructObject(OriginTrackedYamlLoader.java:113)
	at org.yaml.snakeyaml.constructor.BaseConstructor.constructMapping2ndStep(BaseConstructor.java:581)
	at org.yaml.snakeyaml.constructor.SafeConstructor.constructMapping2ndStep(SafeConstructor.java:213)
	at org.yaml.snakeyaml.constructor.BaseConstructor.constructMapping(BaseConstructor.java:557)
	at org.yaml.snakeyaml.constructor.SafeConstructor$ConstructYamlMap.construct(SafeConstructor.java:600)
	at org.yaml.snakeyaml.constructor.BaseConstructor.constructObjectNoCheck(BaseConstructor.java:270)
	at org.yaml.snakeyaml.constructor.BaseConstructor.constructObject(BaseConstructor.java:253)
	at org.springframework.boot.env.OriginTrackedYamlLoader$OriginTrackingConstructor.constructObject(OriginTrackedYamlLoader.java:119)
	at org.yaml.snakeyaml.constructor.BaseConstructor.constructMapping2ndStep(BaseConstructor.java:581)
	at org.yaml.snakeyaml.constructor.SafeConstructor.constructMapping2ndStep(SafeConstructor.java:213)
	at org.yaml.snakeyaml.constructor.BaseConstructor.constructMapping(BaseConstructor.java:557)
	at org.yaml.snakeyaml.constructor.SafeConstructor$ConstructYamlMap.construct(SafeConstructor.java:600)
	at org.yaml.snakeyaml.constructor.BaseConstructor.constructObjectNoCheck(BaseConstructor.java:270)
	at org.yaml.snakeyaml.constructor.BaseConstructor.constructObject(BaseConstructor.java:253)
	at org.springframework.boot.env.OriginTrackedYamlLoader$OriginTrackingConstructor.constructObject(OriginTrackedYamlLoader.java:119)
	at org.yaml.snakeyaml.constructor.BaseConstructor.constructMapping2ndStep(BaseConstructor.java:581)
	at org.yaml.snakeyaml.constructor.SafeConstructor.constructMapping2ndStep(SafeConstructor.java:213)
	at org.yaml.snakeyaml.constructor.BaseConstructor.constructMapping(BaseConstructor.java:557)
	at org.yaml.snakeyaml.constructor.SafeConstructor$ConstructYamlMap.construct(SafeConstructor.java:600)
	at org.yaml.snakeyaml.constructor.BaseConstructor.constructObjectNoCheck(BaseConstructor.java:270)
	at org.yaml.snakeyaml.constructor.BaseConstructor.constructObject(BaseConstructor.java:253)
	at org.springframework.boot.env.OriginTrackedYamlLoader$OriginTrackingConstructor.constructObject(OriginTrackedYamlLoader.java:119)
	at org.yaml.snakeyaml.constructor.BaseConstructor.constructDocument(BaseConstructor.java:207)
	at org.yaml.snakeyaml.constructor.BaseConstructor.getData(BaseConstructor.java:172)
	at org.springframework.boot.env.OriginTrackedYamlLoader$OriginTrackingConstructor.getData(OriginTrackedYamlLoader.java:99)
	at org.yaml.snakeyaml.Yaml$1.next(Yaml.java:499)
	at org.springframework.beans.factory.config.YamlProcessor.process(YamlProcessor.java:199)
	at org.springframework.beans.factory.config.YamlProcessor.process(YamlProcessor.java:166)
	at org.springframework.boot.env.OriginTrackedYamlLoader.load(OriginTrackedYamlLoader.java:84)
	at org.springframework.boot.env.YamlPropertySourceLoader.load(YamlPropertySourceLoader.java:50)
	at org.springframework.boot.context.config.StandardConfigDataLoader.load(StandardConfigDataLoader.java:54)
	at org.springframework.boot.context.config.StandardConfigDataLoader.load(StandardConfigDataLoader.java:36)
	at org.springframework.boot.context.config.ConfigDataLoaders.load(ConfigDataLoaders.java:96)
	at org.springframework.boot.context.config.ConfigDataImporter.load(ConfigDataImporter.java:132)
	at org.springframework.boot.context.config.ConfigDataImporter.resolveAndLoad(ConfigDataImporter.java:87)
	at org.springframework.boot.context.config.ConfigDataEnvironmentContributors.withProcessedImports(ConfigDataEnvironmentContributors.java:115)
	at org.springframework.boot.context.config.ConfigDataEnvironment.processInitial(ConfigDataEnvironment.java:242)
	at org.springframework.boot.context.config.ConfigDataEnvironment.processAndApply(ConfigDataEnvironment.java:229)
	at org.springframework.boot.context.config.ConfigDataEnvironmentPostProcessor.postProcessEnvironment(ConfigDataEnvironmentPostProcessor.java:96)
	at org.springframework.boot.context.config.ConfigDataEnvironmentPostProcessor.postProcessEnvironment(ConfigDataEnvironmentPostProcessor.java:89)
	at org.springframework.boot.env.EnvironmentPostProcessorApplicationListener.onApplicationEnvironmentPreparedEvent(EnvironmentPostProcessorApplicationListener.java:109)
	at org.springframework.boot.env.EnvironmentPostProcessorApplicationListener.onApplicationEvent(EnvironmentPostProcessorApplicationListener.java:94)
	at org.springframework.context.event.SimpleApplicationEventMulticaster.doInvokeListener(SimpleApplicationEventMulticaster.java:174)
	at org.springframework.context.event.SimpleApplicationEventMulticaster.invokeListener(SimpleApplicationEventMulticaster.java:167)
	at org.springframework.context.event.SimpleApplicationEventMulticaster.multicastEvent(SimpleApplicationEventMulticaster.java:145)
	at org.springframework.context.event.SimpleApplicationEventMulticaster.multicastEvent(SimpleApplicationEventMulticaster.java:133)
	at org.springframework.boot.context.event.EventPublishingRunListener.multicastInitialEvent(EventPublishingRunListener.java:136)
	at org.springframework.boot.context.event.EventPublishingRunListener.environmentPrepared(EventPublishingRunListener.java:81)
	at org.springframework.boot.SpringApplicationRunListeners.lambda$environmentPrepared$2(SpringApplicationRunListeners.java:64)
	at java.base/java.lang.Iterable.forEach(Iterable.java:75)
	at org.springframework.boot.SpringApplicationRunListeners.doWithListeners(SpringApplicationRunListeners.java:118)
	at org.springframework.boot.SpringApplicationRunListeners.doWithListeners(SpringApplicationRunListeners.java:112)
	at org.springframework.boot.SpringApplicationRunListeners.environmentPrepared(SpringApplicationRunListeners.java:63)
	at org.springframework.boot.SpringApplication.prepareEnvironment(SpringApplication.java:359)
	at org.springframework.boot.SpringApplication.run(SpringApplication.java:310)
	at org.springframework.boot.SpringApplication.run(SpringApplication.java:1309)
	at org.springframework.boot.SpringApplication.run(SpringApplication.java:1298)
	at com.pgms.part1.VoucherApplication.main(VoucherApplication.java:10)
18:51:35.083 [main] INFO  com.pgms.part1.VoucherApplication - Starting VoucherApplication using Java 17.0.6 with PID 3657 (/Users/kyunghunkim/devcourse/springboot-basic/basic/build/classes/java/main started by kyunghunkim in /Users/kyunghunkim/devcourse/springboot-basic)
18:51:35.084 [main] INFO  com.pgms.part1.VoucherApplication - The following 1 profile is active: "dev"
18:51:35.231 [main] INFO  c.pgms.part1.util.file.FileService - new file created
18:51:35.232 [main] INFO  c.pgms.part1.util.file.FileService - file loaded
18:51:35.233 [main] INFO  c.pgms.part1.util.file.FileService - file loaded
18:51:35.264 [main] INFO  com.pgms.part1.VoucherApplication - Started VoucherApplication in 0.322 seconds (process running for 0.599)
18:52:27.614 [main] INFO  com.pgms.part1.VoucherApplication - Starting VoucherApplication using Java 17.0.6 with PID 3669 (/Users/kyunghunkim/devcourse/springboot-basic/basic/build/classes/java/main started by kyunghunkim in /Users/kyunghunkim/devcourse/springboot-basic)
18:52:27.615 [main] INFO  com.pgms.part1.VoucherApplication - The following 1 profile is active: "dev"
18:52:27.762 [main] ERROR c.pgms.part1.util.file.FileService - load file error
18:52:27.763 [main] WARN  o.s.c.a.AnnotationConfigApplicationContext - Exception encountered during context initialization - cancelling refresh attempt: org.springframework.beans.factory.UnsatisfiedDependencyException: Error creating bean with name 'programRunner' defined in file [/Users/kyunghunkim/devcourse/springboot-basic/basic/build/classes/java/main/com/pgms/part1/ProgramRunner.class]: Unsatisfied dependency expressed through constructor parameter 0: Error creating bean with name 'voucherController' defined in file [/Users/kyunghunkim/devcourse/springboot-basic/basic/build/classes/java/main/com/pgms/part1/domain/voucher/controller/VoucherController.class]: Unsatisfied dependency expressed through constructor parameter 1: Error creating bean with name 'voucherService' defined in file [/Users/kyunghunkim/devcourse/springboot-basic/basic/build/classes/java/main/com/pgms/part1/domain/voucher/service/VoucherService.class]: Unsatisfied dependency expressed through constructor parameter 0: Error creating bean with name 'voucherFileRepository' defined in file [/Users/kyunghunkim/devcourse/springboot-basic/basic/build/classes/java/main/com/pgms/part1/domain/voucher/repository/VoucherFileRepository.class]: Failed to instantiate [com.pgms.part1.domain.voucher.repository.VoucherFileRepository]: Constructor threw exception
18:52:27.766 [main] INFO  o.s.b.a.l.ConditionEvaluationReportLogger - 

Error starting ApplicationContext. To display the condition evaluation report re-run your application with 'debug' enabled.
18:52:27.776 [main] ERROR o.s.boot.SpringApplication - Application run failed
org.springframework.beans.factory.UnsatisfiedDependencyException: Error creating bean with name 'programRunner' defined in file [/Users/kyunghunkim/devcourse/springboot-basic/basic/build/classes/java/main/com/pgms/part1/ProgramRunner.class]: Unsatisfied dependency expressed through constructor parameter 0: Error creating bean with name 'voucherController' defined in file [/Users/kyunghunkim/devcourse/springboot-basic/basic/build/classes/java/main/com/pgms/part1/domain/voucher/controller/VoucherController.class]: Unsatisfied dependency expressed through constructor parameter 1: Error creating bean with name 'voucherService' defined in file [/Users/kyunghunkim/devcourse/springboot-basic/basic/build/classes/java/main/com/pgms/part1/domain/voucher/service/VoucherService.class]: Unsatisfied dependency expressed through constructor parameter 0: Error creating bean with name 'voucherFileRepository' defined in file [/Users/kyunghunkim/devcourse/springboot-basic/basic/build/classes/java/main/com/pgms/part1/domain/voucher/repository/VoucherFileRepository.class]: Failed to instantiate [com.pgms.part1.domain.voucher.repository.VoucherFileRepository]: Constructor threw exception
	at org.springframework.beans.factory.support.ConstructorResolver.createArgumentArray(ConstructorResolver.java:801)
	at org.springframework.beans.factory.support.ConstructorResolver.autowireConstructor(ConstructorResolver.java:240)
	at org.springframework.beans.factory.support.AbstractAutowireCapableBeanFactory.autowireConstructor(AbstractAutowireCapableBeanFactory.java:1352)
	at org.springframework.beans.factory.support.AbstractAutowireCapableBeanFactory.createBeanInstance(AbstractAutowireCapableBeanFactory.java:1189)
	at org.springframework.beans.factory.support.AbstractAutowireCapableBeanFactory.doCreateBean(AbstractAutowireCapableBeanFactory.java:560)
	at org.springframework.beans.factory.support.AbstractAutowireCapableBeanFactory.createBean(AbstractAutowireCapableBeanFactory.java:520)
	at org.springframework.beans.factory.support.AbstractBeanFactory.lambda$doGetBean$0(AbstractBeanFactory.java:325)
	at org.springframework.beans.factory.support.DefaultSingletonBeanRegistry.getSingleton(DefaultSingletonBeanRegistry.java:234)
	at org.springframework.beans.factory.support.AbstractBeanFactory.doGetBean(AbstractBeanFactory.java:323)
	at org.springframework.beans.factory.support.AbstractBeanFactory.getBean(AbstractBeanFactory.java:199)
	at org.springframework.beans.factory.support.DefaultListableBeanFactory.preInstantiateSingletons(DefaultListableBeanFactory.java:973)
	at org.springframework.context.support.AbstractApplicationContext.finishBeanFactoryInitialization(AbstractApplicationContext.java:942)
	at org.springframework.context.support.AbstractApplicationContext.refresh(AbstractApplicationContext.java:608)
	at org.springframework.boot.SpringApplication.refresh(SpringApplication.java:737)
	at org.springframework.boot.SpringApplication.refreshContext(SpringApplication.java:439)
	at org.springframework.boot.SpringApplication.run(SpringApplication.java:315)
	at org.springframework.boot.SpringApplication.run(SpringApplication.java:1309)
	at org.springframework.boot.SpringApplication.run(SpringApplication.java:1298)
	at com.pgms.part1.VoucherApplication.main(VoucherApplication.java:10)
Caused by: org.springframework.beans.factory.UnsatisfiedDependencyException: Error creating bean with name 'voucherController' defined in file [/Users/kyunghunkim/devcourse/springboot-basic/basic/build/classes/java/main/com/pgms/part1/domain/voucher/controller/VoucherController.class]: Unsatisfied dependency expressed through constructor parameter 1: Error creating bean with name 'voucherService' defined in file [/Users/kyunghunkim/devcourse/springboot-basic/basic/build/classes/java/main/com/pgms/part1/domain/voucher/service/VoucherService.class]: Unsatisfied dependency expressed through constructor parameter 0: Error creating bean with name 'voucherFileRepository' defined in file [/Users/kyunghunkim/devcourse/springboot-basic/basic/build/classes/java/main/com/pgms/part1/domain/voucher/repository/VoucherFileRepository.class]: Failed to instantiate [com.pgms.part1.domain.voucher.repository.VoucherFileRepository]: Constructor threw exception
	at org.springframework.beans.factory.support.ConstructorResolver.createArgumentArray(ConstructorResolver.java:801)
	at org.springframework.beans.factory.support.ConstructorResolver.autowireConstructor(ConstructorResolver.java:240)
	at org.springframework.beans.factory.support.AbstractAutowireCapableBeanFactory.autowireConstructor(AbstractAutowireCapableBeanFactory.java:1352)
	at org.springframework.beans.factory.support.AbstractAutowireCapableBeanFactory.createBeanInstance(AbstractAutowireCapableBeanFactory.java:1189)
	at org.springframework.beans.factory.support.AbstractAutowireCapableBeanFactory.doCreateBean(AbstractAutowireCapableBeanFactory.java:560)
	at org.springframework.beans.factory.support.AbstractAutowireCapableBeanFactory.createBean(AbstractAutowireCapableBeanFactory.java:520)
	at org.springframework.beans.factory.support.AbstractBeanFactory.lambda$doGetBean$0(AbstractBeanFactory.java:325)
	at org.springframework.beans.factory.support.DefaultSingletonBeanRegistry.getSingleton(DefaultSingletonBeanRegistry.java:234)
	at org.springframework.beans.factory.support.AbstractBeanFactory.doGetBean(AbstractBeanFactory.java:323)
	at org.springframework.beans.factory.support.AbstractBeanFactory.getBean(AbstractBeanFactory.java:199)
	at org.springframework.beans.factory.config.DependencyDescriptor.resolveCandidate(DependencyDescriptor.java:254)
	at org.springframework.beans.factory.support.DefaultListableBeanFactory.doResolveDependency(DefaultListableBeanFactory.java:1417)
	at org.springframework.beans.factory.support.DefaultListableBeanFactory.resolveDependency(DefaultListableBeanFactory.java:1337)
	at org.springframework.beans.factory.support.ConstructorResolver.resolveAutowiredArgument(ConstructorResolver.java:910)
	at org.springframework.beans.factory.support.ConstructorResolver.createArgumentArray(ConstructorResolver.java:788)
	... 18 common frames omitted
Caused by: org.springframework.beans.factory.UnsatisfiedDependencyException: Error creating bean with name 'voucherService' defined in file [/Users/kyunghunkim/devcourse/springboot-basic/basic/build/classes/java/main/com/pgms/part1/domain/voucher/service/VoucherService.class]: Unsatisfied dependency expressed through constructor parameter 0: Error creating bean with name 'voucherFileRepository' defined in file [/Users/kyunghunkim/devcourse/springboot-basic/basic/build/classes/java/main/com/pgms/part1/domain/voucher/repository/VoucherFileRepository.class]: Failed to instantiate [com.pgms.part1.domain.voucher.repository.VoucherFileRepository]: Constructor threw exception
	at org.springframework.beans.factory.support.ConstructorResolver.createArgumentArray(ConstructorResolver.java:801)
	at org.springframework.beans.factory.support.ConstructorResolver.autowireConstructor(ConstructorResolver.java:240)
	at org.springframework.beans.factory.support.AbstractAutowireCapableBeanFactory.autowireConstructor(AbstractAutowireCapableBeanFactory.java:1352)
	at org.springframework.beans.factory.support.AbstractAutowireCapableBeanFactory.createBeanInstance(AbstractAutowireCapableBeanFactory.java:1189)
	at org.springframework.beans.factory.support.AbstractAutowireCapableBeanFactory.doCreateBean(AbstractAutowireCapableBeanFactory.java:560)
	at org.springframework.beans.factory.support.AbstractAutowireCapableBeanFactory.createBean(AbstractAutowireCapableBeanFactory.java:520)
	at org.springframework.beans.factory.support.AbstractBeanFactory.lambda$doGetBean$0(AbstractBeanFactory.java:325)
	at org.springframework.beans.factory.support.DefaultSingletonBeanRegistry.getSingleton(DefaultSingletonBeanRegistry.java:234)
	at org.springframework.beans.factory.support.AbstractBeanFactory.doGetBean(AbstractBeanFactory.java:323)
	at org.springframework.beans.factory.support.AbstractBeanFactory.getBean(AbstractBeanFactory.java:199)
	at org.springframework.beans.factory.config.DependencyDescriptor.resolveCandidate(DependencyDescriptor.java:254)
	at org.springframework.beans.factory.support.DefaultListableBeanFactory.doResolveDependency(DefaultListableBeanFactory.java:1417)
	at org.springframework.beans.factory.support.DefaultListableBeanFactory.resolveDependency(DefaultListableBeanFactory.java:1337)
	at org.springframework.beans.factory.support.ConstructorResolver.resolveAutowiredArgument(ConstructorResolver.java:910)
	at org.springframework.beans.factory.support.ConstructorResolver.createArgumentArray(ConstructorResolver.java:788)
	... 32 common frames omitted
Caused by: org.springframework.beans.factory.BeanCreationException: Error creating bean with name 'voucherFileRepository' defined in file [/Users/kyunghunkim/devcourse/springboot-basic/basic/build/classes/java/main/com/pgms/part1/domain/voucher/repository/VoucherFileRepository.class]: Failed to instantiate [com.pgms.part1.domain.voucher.repository.VoucherFileRepository]: Constructor threw exception
	at org.springframework.beans.factory.support.ConstructorResolver.instantiate(ConstructorResolver.java:321)
	at org.springframework.beans.factory.support.ConstructorResolver.autowireConstructor(ConstructorResolver.java:309)
	at org.springframework.beans.factory.support.AbstractAutowireCapableBeanFactory.autowireConstructor(AbstractAutowireCapableBeanFactory.java:1352)
	at org.springframework.beans.factory.support.AbstractAutowireCapableBeanFactory.createBeanInstance(AbstractAutowireCapableBeanFactory.java:1189)
	at org.springframework.beans.factory.support.AbstractAutowireCapableBeanFactory.doCreateBean(AbstractAutowireCapableBeanFactory.java:560)
	at org.springframework.beans.factory.support.AbstractAutowireCapableBeanFactory.createBean(AbstractAutowireCapableBeanFactory.java:520)
	at org.springframework.beans.factory.support.AbstractBeanFactory.lambda$doGetBean$0(AbstractBeanFactory.java:325)
	at org.springframework.beans.factory.support.DefaultSingletonBeanRegistry.getSingleton(DefaultSingletonBeanRegistry.java:234)
	at org.springframework.beans.factory.support.AbstractBeanFactory.doGetBean(AbstractBeanFactory.java:323)
	at org.springframework.beans.factory.support.AbstractBeanFactory.getBean(AbstractBeanFactory.java:199)
	at org.springframework.beans.factory.config.DependencyDescriptor.resolveCandidate(DependencyDescriptor.java:254)
	at org.springframework.beans.factory.support.DefaultListableBeanFactory.doResolveDependency(DefaultListableBeanFactory.java:1417)
	at org.springframework.beans.factory.support.DefaultListableBeanFactory.resolveDependency(DefaultListableBeanFactory.java:1337)
	at org.springframework.beans.factory.support.ConstructorResolver.resolveAutowiredArgument(ConstructorResolver.java:910)
	at org.springframework.beans.factory.support.ConstructorResolver.createArgumentArray(ConstructorResolver.java:788)
	... 46 common frames omitted
Caused by: org.springframework.beans.BeanInstantiationException: Failed to instantiate [com.pgms.part1.domain.voucher.repository.VoucherFileRepository]: Constructor threw exception
	at org.springframework.beans.BeanUtils.instantiateClass(BeanUtils.java:224)
	at org.springframework.beans.factory.support.SimpleInstantiationStrategy.instantiate(SimpleInstantiationStrategy.java:110)
	at org.springframework.beans.factory.support.ConstructorResolver.instantiate(ConstructorResolver.java:318)
	... 60 common frames omitted
Caused by: java.lang.RuntimeException: can not load file!!
	at com.pgms.part1.util.file.FileService.loadFile(FileService.java:27)
	at com.pgms.part1.domain.voucher.repository.VoucherFileRepository.<init>(VoucherFileRepository.java:31)
	at java.base/jdk.internal.reflect.NativeConstructorAccessorImpl.newInstance0(Native Method)
	at java.base/jdk.internal.reflect.NativeConstructorAccessorImpl.newInstance(NativeConstructorAccessorImpl.java:77)
	at java.base/jdk.internal.reflect.DelegatingConstructorAccessorImpl.newInstance(DelegatingConstructorAccessorImpl.java:45)
	at java.base/java.lang.reflect.Constructor.newInstanceWithCaller(Constructor.java:499)
	at java.base/java.lang.reflect.Constructor.newInstance(Constructor.java:480)
	at org.springframework.beans.BeanUtils.instantiateClass(BeanUtils.java:211)
	... 62 common frames omitted
