14:43:57.736 [main] INFO  o.p.kdt.controller.MainController - 바우처 생성 시도
14:43:59.368 [main] ERROR o.p.kdt.controller.MainController - 바우처 생성 성공
14:44:02.217 [main] ERROR o.p.k.m.r.FileVoucherRepository - readAll 메서드에서 파일 불러오기 실패
14:44:02.218 [main] ERROR o.p.k.m.r.FileVoucherRepository - com.fasterxml.jackson.databind.exc.MismatchedInputException: Cannot deserialize value of type `java.util.ArrayList<org.prgrms.kdt.model.entity.VoucherEntity>` from Object value (token `JsonToken.START_OBJECT`)
 at [Source: (String)"{"amount":{"amount":100},"voucherType":"PercentDiscountVoucher","voucherId":2009074456848829698}{"amount":{"amount":100},"voucherType":"FixedAmountVoucher","voucherId":7368409227876119486}{"amount":{"amount":10},"voucherType":"PercentDiscountVoucher","voucherId":-5291466985371603234}"; line: 1, column: 1]
14:44:02.219 [main] ERROR o.p.kdt.controller.MainController - 사용자 Command 입력 실패
14:44:05.399 [main] INFO  o.p.kdt.controller.MainController - 바우처 생성 시도
14:44:07.587 [main] ERROR o.p.kdt.controller.MainController - 바우처 생성 성공
14:44:14.462 [main] ERROR o.p.kdt.controller.MainController - 사용자 Command 입력 실패
14:44:15.908 [main] ERROR o.p.k.m.r.FileVoucherRepository - readAll 메서드에서 파일 불러오기 실패
14:44:15.908 [main] ERROR o.p.k.m.r.FileVoucherRepository - com.fasterxml.jackson.databind.exc.MismatchedInputException: Cannot deserialize value of type `java.util.ArrayList<org.prgrms.kdt.model.entity.VoucherEntity>` from Object value (token `JsonToken.START_OBJECT`)
 at [Source: (String)"{"amount":{"amount":100},"voucherType":"PercentDiscountVoucher","voucherId":2009074456848829698}{"amount":{"amount":100},"voucherType":"FixedAmountVoucher","voucherId":7368409227876119486}{"amount":{"amount":10},"voucherType":"PercentDiscountVoucher","voucherId":-5291466985371603234}{"amount":{"amount":100},"voucherType":"FixedAmountVoucher","voucherId":5370112344816361267}"; line: 1, column: 1]
14:44:15.908 [main] ERROR o.p.kdt.controller.MainController - 사용자 Command 입력 실패
14:44:19.325 [main] ERROR o.p.kdt.controller.MainController - 사용자 Command 입력 실패
14:44:21.660 [main] ERROR o.p.k.m.r.FileVoucherRepository - readAll 메서드에서 파일 불러오기 실패
14:44:21.660 [main] ERROR o.p.k.m.r.FileVoucherRepository - com.fasterxml.jackson.databind.exc.MismatchedInputException: Cannot deserialize value of type `java.util.ArrayList<org.prgrms.kdt.model.entity.VoucherEntity>` from Object value (token `JsonToken.START_OBJECT`)
 at [Source: (String)"{"amount":{"amount":100},"voucherType":"PercentDiscountVoucher","voucherId":2009074456848829698}{"amount":{"amount":100},"voucherType":"FixedAmountVoucher","voucherId":7368409227876119486}{"amount":{"amount":10},"voucherType":"PercentDiscountVoucher","voucherId":-5291466985371603234}{"amount":{"amount":100},"voucherType":"FixedAmountVoucher","voucherId":5370112344816361267}"; line: 1, column: 1]
14:44:21.660 [main] ERROR o.p.kdt.controller.MainController - 사용자 Command 입력 실패
14:44:22.930 [main] ERROR o.p.k.m.r.FileVoucherRepository - readAll 메서드에서 파일 불러오기 실패
14:44:22.930 [main] ERROR o.p.k.m.r.FileVoucherRepository - com.fasterxml.jackson.databind.exc.MismatchedInputException: Cannot deserialize value of type `java.util.ArrayList<org.prgrms.kdt.model.entity.VoucherEntity>` from Object value (token `JsonToken.START_OBJECT`)
 at [Source: (String)"{"amount":{"amount":100},"voucherType":"PercentDiscountVoucher","voucherId":2009074456848829698}{"amount":{"amount":100},"voucherType":"FixedAmountVoucher","voucherId":7368409227876119486}{"amount":{"amount":10},"voucherType":"PercentDiscountVoucher","voucherId":-5291466985371603234}{"amount":{"amount":100},"voucherType":"FixedAmountVoucher","voucherId":5370112344816361267}"; line: 1, column: 1]
14:44:22.930 [main] ERROR o.p.kdt.controller.MainController - 사용자 Command 입력 실패
14:44:28.676 [main] ERROR o.p.k.m.r.FileVoucherRepository - readAll 메서드에서 파일 불러오기 실패
14:44:28.677 [main] ERROR o.p.k.m.r.FileVoucherRepository - com.fasterxml.jackson.databind.exc.MismatchedInputException: Cannot deserialize value of type `java.util.ArrayList<org.prgrms.kdt.model.entity.VoucherEntity>` from Object value (token `JsonToken.START_OBJECT`)
 at [Source: (String)"{"amount":{"amount":100},"voucherType":"PercentDiscountVoucher","voucherId":2009074456848829698}{"amount":{"amount":100},"voucherType":"FixedAmountVoucher","voucherId":7368409227876119486}{"amount":{"amount":10},"voucherType":"PercentDiscountVoucher","voucherId":-5291466985371603234}{"amount":{"amount":100},"voucherType":"FixedAmountVoucher","voucherId":5370112344816361267}"; line: 1, column: 1]
14:44:28.677 [main] ERROR o.p.kdt.controller.MainController - 사용자 Command 입력 실패
