[2023-10-26 01:43:11:854][main] INFO  o.p.v.VouchermanagerApplication - Starting VouchermanagerApplication using Java 17.0.6 with PID 27920 (D:\Users\programmers\vouchermanager\target\classes started by dlswn in D:\Users\programmers\vouchermanager)
[2023-10-26 01:43:11:859][main] INFO  o.p.v.VouchermanagerApplication - The following 1 profile is active: "jdbc"
[2023-10-26 01:43:12:1548][main] INFO  o.p.v.VouchermanagerApplication - Started VouchermanagerApplication in 1.177 seconds (process running for 2.043)
[2023-10-26 01:52:32:404][main] INFO  o.s.t.c.s.AnnotationConfigContextLoaderUtils - Could not detect default configuration classes for test class [org.prgrms.vouchermanager.repository.voucher.JdbcVoucherRepositoryTest]: JdbcVoucherRepositoryTest does not declare any static, non-private, non-final, nested classes annotated with @Configuration.
[2023-10-26 01:52:32:570][main] INFO  o.s.b.t.c.SpringBootTestContextBootstrapper - Found @SpringBootConfiguration org.prgrms.vouchermanager.VouchermanagerApplication for test class org.prgrms.vouchermanager.repository.voucher.JdbcVoucherRepositoryTest
[2023-10-26 01:52:33:1046][main] INFO  o.p.v.r.v.JdbcVoucherRepositoryTest - Starting JdbcVoucherRepositoryTest using Java 17.0.6 with PID 5532 (started by dlswn in D:\Users\programmers\vouchermanager)
[2023-10-26 01:52:33:1048][main] INFO  o.p.v.r.v.JdbcVoucherRepositoryTest - The following 1 profile is active: "jdbc"
[2023-10-26 01:52:33:1938][main] INFO  o.p.v.r.v.JdbcVoucherRepositoryTest - Started JdbcVoucherRepositoryTest in 1.191 seconds (process running for 2.534)
[2023-10-26 01:52:34:1987][main] INFO  com.zaxxer.hikari.HikariDataSource - HikariPool-1 - Starting...
[2023-10-26 01:52:34:2416][main] INFO  com.zaxxer.hikari.pool.HikariPool - HikariPool-1 - Added connection com.mysql.cj.jdbc.ConnectionImpl@3e3cd6fe
[2023-10-26 01:52:34:2418][main] INFO  com.zaxxer.hikari.HikariDataSource - HikariPool-1 - Start completed.
[2023-10-26 01:52:35:3543][main] ERROR o.p.v.r.v.JdbcVoucherRepository - Not exist
[2023-10-26 01:52:35:3554][SpringApplicationShutdownHook] INFO  com.zaxxer.hikari.HikariDataSource - HikariPool-1 - Shutdown initiated...
[2023-10-26 01:52:35:3564][SpringApplicationShutdownHook] INFO  com.zaxxer.hikari.HikariDataSource - HikariPool-1 - Shutdown completed.
[2023-10-26 01:52:44:428][main] INFO  o.s.t.c.s.AnnotationConfigContextLoaderUtils - Could not detect default configuration classes for test class [org.prgrms.vouchermanager.repository.wallet.JdbcWalletRepositoryTest]: JdbcWalletRepositoryTest does not declare any static, non-private, non-final, nested classes annotated with @Configuration.
[2023-10-26 01:52:44:592][main] INFO  o.s.b.t.c.SpringBootTestContextBootstrapper - Found @SpringBootConfiguration org.prgrms.vouchermanager.VouchermanagerApplication for test class org.prgrms.vouchermanager.repository.wallet.JdbcWalletRepositoryTest
[2023-10-26 01:52:44:715][main] INFO  o.s.t.c.s.AnnotationConfigContextLoaderUtils - Could not detect default configuration classes for test class [org.prgrms.vouchermanager.repository.wallet.JdbcWalletRepositoryTest$delete]: delete does not declare any static, non-private, non-final, nested classes annotated with @Configuration.
[2023-10-26 01:52:44:723][main] INFO  o.s.b.t.c.SpringBootTestContextBootstrapper - Found @SpringBootConfiguration org.prgrms.vouchermanager.VouchermanagerApplication for test class org.prgrms.vouchermanager.repository.wallet.JdbcWalletRepositoryTest$delete
[2023-10-26 01:52:45:1083][main] INFO  o.p.v.r.w.JdbcWalletRepositoryTest - Starting JdbcWalletRepositoryTest using Java 17.0.6 with PID 14764 (started by dlswn in D:\Users\programmers\vouchermanager)
[2023-10-26 01:52:45:1084][main] INFO  o.p.v.r.w.JdbcWalletRepositoryTest - The following 1 profile is active: "jdbc"
[2023-10-26 01:52:45:1905][main] INFO  o.p.v.r.w.JdbcWalletRepositoryTest - Started JdbcWalletRepositoryTest in 1.119 seconds (process running for 2.612)
[2023-10-26 01:52:46:1944][main] INFO  com.zaxxer.hikari.HikariDataSource - HikariPool-1 - Starting...
[2023-10-26 01:52:46:2363][main] INFO  com.zaxxer.hikari.pool.HikariPool - HikariPool-1 - Added connection com.mysql.cj.jdbc.ConnectionImpl@327e5be5
[2023-10-26 01:52:46:2366][main] INFO  com.zaxxer.hikari.HikariDataSource - HikariPool-1 - Start completed.
[2023-10-26 01:52:47:3276][main] ERROR o.p.v.r.wallet.JdbcWalletRepository - Not exists
[2023-10-26 01:52:47:3279][main] ERROR o.p.v.r.wallet.JdbcWalletRepository - Not exists
[2023-10-26 01:52:47:3366][main] INFO  o.s.t.c.s.AnnotationConfigContextLoaderUtils - Could not detect default configuration classes for test class [org.prgrms.vouchermanager.repository.wallet.JdbcWalletRepositoryTest$findByVoucher]: findByVoucher does not declare any static, non-private, non-final, nested classes annotated with @Configuration.
[2023-10-26 01:52:47:3368][main] INFO  o.s.b.t.c.SpringBootTestContextBootstrapper - Found @SpringBootConfiguration org.prgrms.vouchermanager.VouchermanagerApplication for test class org.prgrms.vouchermanager.repository.wallet.JdbcWalletRepositoryTest$findByVoucher
[2023-10-26 01:52:47:3382][main] ERROR o.p.v.r.wallet.JdbcWalletRepository - Not exists
[2023-10-26 01:52:47:3407][main] INFO  o.s.t.c.s.AnnotationConfigContextLoaderUtils - Could not detect default configuration classes for test class [org.prgrms.vouchermanager.repository.wallet.JdbcWalletRepositoryTest$save]: save does not declare any static, non-private, non-final, nested classes annotated with @Configuration.
[2023-10-26 01:52:47:3411][main] INFO  o.s.b.t.c.SpringBootTestContextBootstrapper - Found @SpringBootConfiguration org.prgrms.vouchermanager.VouchermanagerApplication for test class org.prgrms.vouchermanager.repository.wallet.JdbcWalletRepositoryTest$save
[2023-10-26 01:52:47:3421][main] ERROR o.p.v.r.wallet.JdbcWalletRepository - Not exists
[2023-10-26 01:52:47:3450][SpringApplicationShutdownHook] INFO  com.zaxxer.hikari.HikariDataSource - HikariPool-1 - Shutdown initiated...
[2023-10-26 01:52:47:3461][SpringApplicationShutdownHook] INFO  com.zaxxer.hikari.HikariDataSource - HikariPool-1 - Shutdown completed.
[2023-10-26 14:38:54:909][main] INFO  o.s.t.c.s.AnnotationConfigContextLoaderUtils - Could not detect default configuration classes for test class [org.prgrms.vouchermanager.service.CustomerServiceTest]: CustomerServiceTest does not declare any static, non-private, non-final, nested classes annotated with @Configuration.
[2023-10-26 14:39:22:535][main] INFO  o.s.t.c.s.AnnotationConfigContextLoaderUtils - Could not detect default configuration classes for test class [org.prgrms.vouchermanager.service.CustomerServiceTest]: CustomerServiceTest does not declare any static, non-private, non-final, nested classes annotated with @Configuration.
[2023-10-26 14:41:21:474][main] INFO  o.s.t.c.s.AnnotationConfigContextLoaderUtils - Could not detect default configuration classes for test class [org.prgrms.vouchermanager.service.CustomerServiceTest]: CustomerServiceTest does not declare any static, non-private, non-final, nested classes annotated with @Configuration.
[2023-10-26 14:44:51:518][main] INFO  o.s.t.c.s.AnnotationConfigContextLoaderUtils - Could not detect default configuration classes for test class [org.prgrms.vouchermanager.service.VoucherServiceTest]: VoucherServiceTest does not declare any static, non-private, non-final, nested classes annotated with @Configuration.
[2023-10-26 14:47:16:498][main] INFO  o.s.t.c.s.AnnotationConfigContextLoaderUtils - Could not detect default configuration classes for test class [org.prgrms.vouchermanager.service.VoucherServiceTest]: VoucherServiceTest does not declare any static, non-private, non-final, nested classes annotated with @Configuration.
[2023-10-26 14:47:48:436][main] INFO  o.s.t.c.s.AnnotationConfigContextLoaderUtils - Could not detect default configuration classes for test class [org.prgrms.vouchermanager.service.VoucherServiceTest]: VoucherServiceTest does not declare any static, non-private, non-final, nested classes annotated with @Configuration.
[2023-10-26 14:51:27:735][main] INFO  o.s.t.c.s.AnnotationConfigContextLoaderUtils - Could not detect default configuration classes for test class [org.prgrms.vouchermanager.service.VoucherServiceTest]: VoucherServiceTest does not declare any static, non-private, non-final, nested classes annotated with @Configuration.
[2023-10-26 14:51:27:851][main] INFO  o.s.t.c.s.AnnotationConfigContextLoaderUtils - Could not detect default configuration classes for test class [org.prgrms.vouchermanager.service.VoucherServiceTest$find]: find does not declare any static, non-private, non-final, nested classes annotated with @Configuration.
[2023-10-26 14:51:50:713][main] INFO  o.s.t.c.s.AnnotationConfigContextLoaderUtils - Could not detect default configuration classes for test class [org.prgrms.vouchermanager.service.VoucherServiceTest]: VoucherServiceTest does not declare any static, non-private, non-final, nested classes annotated with @Configuration.
[2023-10-26 14:51:51:901][main] INFO  o.s.t.c.s.AnnotationConfigContextLoaderUtils - Could not detect default configuration classes for test class [org.prgrms.vouchermanager.service.VoucherServiceTest$find]: find does not declare any static, non-private, non-final, nested classes annotated with @Configuration.
[2023-10-26 14:53:54:429][main] INFO  o.s.t.c.s.AnnotationConfigContextLoaderUtils - Could not detect default configuration classes for test class [org.prgrms.vouchermanager.service.VoucherServiceTest]: VoucherServiceTest does not declare any static, non-private, non-final, nested classes annotated with @Configuration.
[2023-10-26 14:53:54:527][main] INFO  o.s.t.c.s.AnnotationConfigContextLoaderUtils - Could not detect default configuration classes for test class [org.prgrms.vouchermanager.service.VoucherServiceTest$find]: find does not declare any static, non-private, non-final, nested classes annotated with @Configuration.
[2023-10-26 14:55:31:776][main] INFO  o.s.t.c.s.AnnotationConfigContextLoaderUtils - Could not detect default configuration classes for test class [org.prgrms.vouchermanager.service.CustomerServiceTest]: CustomerServiceTest does not declare any static, non-private, non-final, nested classes annotated with @Configuration.
[2023-10-26 14:55:45:737][main] INFO  o.s.t.c.s.AnnotationConfigContextLoaderUtils - Could not detect default configuration classes for test class [org.prgrms.vouchermanager.repository.voucher.JdbcVoucherRepositoryTest]: JdbcVoucherRepositoryTest does not declare any static, non-private, non-final, nested classes annotated with @Configuration.
[2023-10-26 14:55:45:1010][main] INFO  o.s.b.t.c.SpringBootTestContextBootstrapper - Found @SpringBootConfiguration org.prgrms.vouchermanager.VouchermanagerApplication for test class org.prgrms.vouchermanager.repository.voucher.JdbcVoucherRepositoryTest
[2023-10-26 14:55:46:2008][main] INFO  o.p.v.r.v.JdbcVoucherRepositoryTest - Starting JdbcVoucherRepositoryTest using Java 17.0.6 with PID 13452 (started by dlswn in D:\Users\programmers\vouchermanager)
[2023-10-26 14:55:46:2010][main] INFO  o.p.v.r.v.JdbcVoucherRepositoryTest - The following 1 profile is active: "jdbc"
[2023-10-26 14:55:48:3529][main] INFO  o.p.v.r.v.JdbcVoucherRepositoryTest - Started JdbcVoucherRepositoryTest in 2.143 seconds (process running for 5.428)
[2023-10-26 14:55:48:3586][main] INFO  com.zaxxer.hikari.HikariDataSource - HikariPool-1 - Starting...
[2023-10-26 14:55:49:4444][main] INFO  com.zaxxer.hikari.pool.HikariPool - HikariPool-1 - Added connection com.mysql.cj.jdbc.ConnectionImpl@472d0f4
[2023-10-26 14:55:49:4448][main] INFO  com.zaxxer.hikari.HikariDataSource - HikariPool-1 - Start completed.
[2023-10-26 14:55:50:6263][main] ERROR o.p.v.r.v.JdbcVoucherRepository - Not exist
[2023-10-26 14:55:50:6282][main] INFO  o.s.t.c.s.AnnotationConfigContextLoaderUtils - Could not detect default configuration classes for test class [org.prgrms.vouchermanager.repository.customer.JdbcCustomerRepositoryTest]: JdbcCustomerRepositoryTest does not declare any static, non-private, non-final, nested classes annotated with @Configuration.
[2023-10-26 14:55:51:6321][main] INFO  o.s.b.t.c.SpringBootTestContextBootstrapper - Found @SpringBootConfiguration org.prgrms.vouchermanager.VouchermanagerApplication for test class org.prgrms.vouchermanager.repository.customer.JdbcCustomerRepositoryTest
[2023-10-26 14:55:51:6416][main] ERROR o.p.v.r.c.JdbcCustomerRepository - Not exists
[2023-10-26 14:55:51:6435][main] INFO  o.s.t.c.s.AnnotationConfigContextLoaderUtils - Could not detect default configuration classes for test class [org.prgrms.vouchermanager.service.CustomerServiceTest]: CustomerServiceTest does not declare any static, non-private, non-final, nested classes annotated with @Configuration.
[2023-10-26 14:55:51:6986][main] INFO  o.s.t.c.s.AnnotationConfigContextLoaderUtils - Could not detect default configuration classes for test class [org.prgrms.vouchermanager.service.VoucherServiceTest]: VoucherServiceTest does not declare any static, non-private, non-final, nested classes annotated with @Configuration.
[2023-10-26 14:55:51:7106][main] INFO  o.s.t.c.s.AnnotationConfigContextLoaderUtils - Could not detect default configuration classes for test class [org.prgrms.vouchermanager.service.VoucherServiceTest$find]: find does not declare any static, non-private, non-final, nested classes annotated with @Configuration.
[2023-10-26 14:55:51:7189][main] INFO  o.s.t.c.s.AnnotationConfigContextLoaderUtils - Could not detect default configuration classes for test class [org.prgrms.vouchermanager.VouchermanagerApplicationTests]: VouchermanagerApplicationTests does not declare any static, non-private, non-final, nested classes annotated with @Configuration.
[2023-10-26 14:55:51:7240][main] INFO  o.s.b.t.c.SpringBootTestContextBootstrapper - Found @SpringBootConfiguration org.prgrms.vouchermanager.VouchermanagerApplication for test class org.prgrms.vouchermanager.VouchermanagerApplicationTests
[2023-10-26 14:55:51:7310][main] INFO  o.s.t.c.s.AnnotationConfigContextLoaderUtils - Could not detect default configuration classes for test class [org.prgrms.vouchermanager.repository.wallet.JdbcWalletRepositoryTest]: JdbcWalletRepositoryTest does not declare any static, non-private, non-final, nested classes annotated with @Configuration.
[2023-10-26 14:55:52:7376][main] INFO  o.s.b.t.c.SpringBootTestContextBootstrapper - Found @SpringBootConfiguration org.prgrms.vouchermanager.VouchermanagerApplication for test class org.prgrms.vouchermanager.repository.wallet.JdbcWalletRepositoryTest
[2023-10-26 14:55:52:7386][main] INFO  o.s.t.c.s.AnnotationConfigContextLoaderUtils - Could not detect default configuration classes for test class [org.prgrms.vouchermanager.repository.wallet.JdbcWalletRepositoryTest$delete]: delete does not declare any static, non-private, non-final, nested classes annotated with @Configuration.
[2023-10-26 14:55:52:7391][main] INFO  o.s.b.t.c.SpringBootTestContextBootstrapper - Found @SpringBootConfiguration org.prgrms.vouchermanager.VouchermanagerApplication for test class org.prgrms.vouchermanager.repository.wallet.JdbcWalletRepositoryTest$delete
[2023-10-26 14:55:52:7429][main] ERROR o.p.v.r.wallet.JdbcWalletRepository - Not exists
[2023-10-26 14:55:52:7431][main] ERROR o.p.v.r.wallet.JdbcWalletRepository - Not exists
[2023-10-26 14:55:52:7444][main] INFO  o.s.t.c.s.AnnotationConfigContextLoaderUtils - Could not detect default configuration classes for test class [org.prgrms.vouchermanager.repository.wallet.JdbcWalletRepositoryTest$findByVoucher]: findByVoucher does not declare any static, non-private, non-final, nested classes annotated with @Configuration.
[2023-10-26 14:55:52:7447][main] INFO  o.s.b.t.c.SpringBootTestContextBootstrapper - Found @SpringBootConfiguration org.prgrms.vouchermanager.VouchermanagerApplication for test class org.prgrms.vouchermanager.repository.wallet.JdbcWalletRepositoryTest$findByVoucher
[2023-10-26 14:55:52:7470][main] ERROR o.p.v.r.wallet.JdbcWalletRepository - Not exists
[2023-10-26 14:55:52:7525][main] INFO  o.s.t.c.s.AnnotationConfigContextLoaderUtils - Could not detect default configuration classes for test class [org.prgrms.vouchermanager.repository.wallet.JdbcWalletRepositoryTest$save]: save does not declare any static, non-private, non-final, nested classes annotated with @Configuration.
[2023-10-26 14:55:52:7535][main] INFO  o.s.b.t.c.SpringBootTestContextBootstrapper - Found @SpringBootConfiguration org.prgrms.vouchermanager.VouchermanagerApplication for test class org.prgrms.vouchermanager.repository.wallet.JdbcWalletRepositoryTest$save
[2023-10-26 14:55:52:7560][main] ERROR o.p.v.r.wallet.JdbcWalletRepository - Not exists
[2023-10-26 14:55:52:7671][SpringApplicationShutdownHook] INFO  com.zaxxer.hikari.HikariDataSource - HikariPool-1 - Shutdown initiated...
[2023-10-26 14:55:52:7791][SpringApplicationShutdownHook] INFO  com.zaxxer.hikari.HikariDataSource - HikariPool-1 - Shutdown completed.
[2023-10-26 14:56:50:477][main] INFO  o.s.t.c.s.AnnotationConfigContextLoaderUtils - Could not detect default configuration classes for test class [org.prgrms.vouchermanager.repository.voucher.JdbcVoucherRepositoryTest]: JdbcVoucherRepositoryTest does not declare any static, non-private, non-final, nested classes annotated with @Configuration.
[2023-10-26 14:56:50:651][main] INFO  o.s.b.t.c.SpringBootTestContextBootstrapper - Found @SpringBootConfiguration org.prgrms.vouchermanager.VouchermanagerApplication for test class org.prgrms.vouchermanager.repository.voucher.JdbcVoucherRepositoryTest
[2023-10-26 14:56:51:1163][main] INFO  o.p.v.r.v.JdbcVoucherRepositoryTest - Starting JdbcVoucherRepositoryTest using Java 17.0.6 with PID 23384 (started by dlswn in D:\Users\programmers\vouchermanager)
[2023-10-26 14:56:51:1164][main] INFO  o.p.v.r.v.JdbcVoucherRepositoryTest - The following 1 profile is active: "jdbc"
[2023-10-26 14:56:52:2091][main] INFO  o.p.v.r.v.JdbcVoucherRepositoryTest - Started JdbcVoucherRepositoryTest in 1.246 seconds (process running for 3.013)
[2023-10-26 14:56:52:2130][main] INFO  com.zaxxer.hikari.HikariDataSource - HikariPool-1 - Starting...
[2023-10-26 14:56:52:2624][main] INFO  com.zaxxer.hikari.pool.HikariPool - HikariPool-1 - Added connection com.mysql.cj.jdbc.ConnectionImpl@8a6631b
[2023-10-26 14:56:52:2627][main] INFO  com.zaxxer.hikari.HikariDataSource - HikariPool-1 - Start completed.
[2023-10-26 14:56:53:3694][main] ERROR o.p.v.r.v.JdbcVoucherRepository - Not exist
[2023-10-26 14:56:53:3707][main] INFO  o.s.t.c.s.AnnotationConfigContextLoaderUtils - Could not detect default configuration classes for test class [org.prgrms.vouchermanager.repository.customer.JdbcCustomerRepositoryTest]: JdbcCustomerRepositoryTest does not declare any static, non-private, non-final, nested classes annotated with @Configuration.
[2023-10-26 14:56:53:3738][main] INFO  o.s.b.t.c.SpringBootTestContextBootstrapper - Found @SpringBootConfiguration org.prgrms.vouchermanager.VouchermanagerApplication for test class org.prgrms.vouchermanager.repository.customer.JdbcCustomerRepositoryTest
[2023-10-26 14:56:54:3804][main] ERROR o.p.v.r.c.JdbcCustomerRepository - Not exists
[2023-10-26 14:56:54:3823][main] INFO  o.s.t.c.s.AnnotationConfigContextLoaderUtils - Could not detect default configuration classes for test class [org.prgrms.vouchermanager.service.CustomerServiceTest]: CustomerServiceTest does not declare any static, non-private, non-final, nested classes annotated with @Configuration.
[2023-10-26 14:56:54:4173][main] INFO  o.s.t.c.s.AnnotationConfigContextLoaderUtils - Could not detect default configuration classes for test class [org.prgrms.vouchermanager.service.VoucherServiceTest]: VoucherServiceTest does not declare any static, non-private, non-final, nested classes annotated with @Configuration.
[2023-10-26 14:56:54:4244][main] INFO  o.s.t.c.s.AnnotationConfigContextLoaderUtils - Could not detect default configuration classes for test class [org.prgrms.vouchermanager.service.VoucherServiceTest$find]: find does not declare any static, non-private, non-final, nested classes annotated with @Configuration.
[2023-10-26 14:56:54:4321][main] INFO  o.s.t.c.s.AnnotationConfigContextLoaderUtils - Could not detect default configuration classes for test class [org.prgrms.vouchermanager.VouchermanagerApplicationTests]: VouchermanagerApplicationTests does not declare any static, non-private, non-final, nested classes annotated with @Configuration.
[2023-10-26 14:56:54:4343][main] INFO  o.s.b.t.c.SpringBootTestContextBootstrapper - Found @SpringBootConfiguration org.prgrms.vouchermanager.VouchermanagerApplication for test class org.prgrms.vouchermanager.VouchermanagerApplicationTests
[2023-10-26 14:56:54:4400][main] INFO  o.s.t.c.s.AnnotationConfigContextLoaderUtils - Could not detect default configuration classes for test class [org.prgrms.vouchermanager.repository.wallet.JdbcWalletRepositoryTest]: JdbcWalletRepositoryTest does not declare any static, non-private, non-final, nested classes annotated with @Configuration.
[2023-10-26 14:56:54:4449][main] INFO  o.s.b.t.c.SpringBootTestContextBootstrapper - Found @SpringBootConfiguration org.prgrms.vouchermanager.VouchermanagerApplication for test class org.prgrms.vouchermanager.repository.wallet.JdbcWalletRepositoryTest
[2023-10-26 14:56:54:4458][main] INFO  o.s.t.c.s.AnnotationConfigContextLoaderUtils - Could not detect default configuration classes for test class [org.prgrms.vouchermanager.repository.wallet.JdbcWalletRepositoryTest$delete]: delete does not declare any static, non-private, non-final, nested classes annotated with @Configuration.
[2023-10-26 14:56:54:4462][main] INFO  o.s.b.t.c.SpringBootTestContextBootstrapper - Found @SpringBootConfiguration org.prgrms.vouchermanager.VouchermanagerApplication for test class org.prgrms.vouchermanager.repository.wallet.JdbcWalletRepositoryTest$delete
[2023-10-26 14:56:54:4482][main] ERROR o.p.v.r.wallet.JdbcWalletRepository - Not exists
[2023-10-26 14:56:54:4485][main] ERROR o.p.v.r.wallet.JdbcWalletRepository - Not exists
[2023-10-26 14:56:54:4495][main] INFO  o.s.t.c.s.AnnotationConfigContextLoaderUtils - Could not detect default configuration classes for test class [org.prgrms.vouchermanager.repository.wallet.JdbcWalletRepositoryTest$findByVoucher]: findByVoucher does not declare any static, non-private, non-final, nested classes annotated with @Configuration.
[2023-10-26 14:56:54:4501][main] INFO  o.s.b.t.c.SpringBootTestContextBootstrapper - Found @SpringBootConfiguration org.prgrms.vouchermanager.VouchermanagerApplication for test class org.prgrms.vouchermanager.repository.wallet.JdbcWalletRepositoryTest$findByVoucher
[2023-10-26 14:56:54:4521][main] ERROR o.p.v.r.wallet.JdbcWalletRepository - Not exists
[2023-10-26 14:56:54:4550][main] INFO  o.s.t.c.s.AnnotationConfigContextLoaderUtils - Could not detect default configuration classes for test class [org.prgrms.vouchermanager.repository.wallet.JdbcWalletRepositoryTest$save]: save does not declare any static, non-private, non-final, nested classes annotated with @Configuration.
[2023-10-26 14:56:54:4554][main] INFO  o.s.b.t.c.SpringBootTestContextBootstrapper - Found @SpringBootConfiguration org.prgrms.vouchermanager.VouchermanagerApplication for test class org.prgrms.vouchermanager.repository.wallet.JdbcWalletRepositoryTest$save
[2023-10-26 14:56:54:4574][main] ERROR o.p.v.r.wallet.JdbcWalletRepository - Not exists
[2023-10-26 14:56:54:4612][SpringApplicationShutdownHook] INFO  com.zaxxer.hikari.HikariDataSource - HikariPool-1 - Shutdown initiated...
[2023-10-26 14:56:54:4630][SpringApplicationShutdownHook] INFO  com.zaxxer.hikari.HikariDataSource - HikariPool-1 - Shutdown completed.
